<html><head>
<title>CPQA log</title>
<style type="text/css">
body { font-family: sans; font-size: 10pt; }
td { border: solid 1px #666; text-align: right; padding: 3px 3px; white-space: nowrap; }
th { border: solid 1px #666; text-align: right; padding: 3px 3px; white-space: nowrap; }
table { border-collapse: collapse; border: solid 1px black; font-size: 10pt; }
p.cat { color: #800; }
.grey { background-color: #AAA; }
.green { background-color: #AFA; }
.red { background-color: #FAA; }
.purple { background-color: #FAF; }
//tr { border: solid 1px #666; }
</style>
</head><body>
<h1>CPQA log</h1>
<h2>General info</h2>
<table>
<tr><th>Root</th><td>/home/titan/nfcc/nfcc02/cpmd_merge_github/CPMD_public_merge_p1/build/reference-serial</td></tr>
<tr><th>Arch</th><td>bin</td></tr>
<tr><th>Version</th><td>x</td></tr>
<tr><th>NProc</th><td>20</td></tr>
<tr><th>NProc MPI</th><td>2</td></tr>
<tr><th>MPI prefix</th><td>srun --exact --cpus-per-task=1 -n 2</td></tr>
<tr><th>MPI suffix</th><td> </td></tr>
<tr><th>Reference directory</th><td>ref--bin--x</td></tr>
<tr><th>Test directory</th><td>tst--bin--x--2023-02-28-Tue--00-21-46</td></tr>
<tr><th>Number of test jobs</th><td>860</td></tr>
<tr><th>Total wall time [s]</th><td>652.15</td></tr>
</table>
<h2>Summary</h2>
<table>
<tr><th>Flag</th><th>Label</th><th>Count</th></tr>
<tr><td>D</td><td> DIFFERENT</td><td>17</td></tr>
<tr><td>E</td><td>     ERROR</td><td>10</td></tr>
<tr><td>F</td><td>    FAILED</td><td>89</td></tr>
<tr><td>L</td><td>      LEAK</td><td>-</td></tr>
<tr><td>M</td><td>   MISSING</td><td>89</td></tr>
<tr><td>N</td><td>       NEW</td><td>89</td></tr>
<tr><td>O</td><td>        OK</td><td>754</td></tr>
<tr><td>R</td><td>     RESET</td><td>-</td></tr>
<tr><td>V</td><td>   VERBOSE</td><td>860</td></tr>
<tr><td>W</td><td>     WRONG</td><td>-</td></tr>
<tr><td>&nbsp;</td><td>     TOTAL</td><td>860</td></tr>
</table>
<h2>Regressions</h2>
<h3>QMMM/functionals/bug-hcth-1/test.inp</h3>
<p><a href='QMMM/functionals/bug-hcth-1/test.out'>QMMM/functionals/bug-hcth-1/test.out</a></p>
<p class="cat">Some values in the output could not be found.</p>
<ol>
<li><pre>SCALAR 'TOTAL ENERGY =' 4</pre></li>
</ol>
<p class="cat">Test run gave a non-zero return code.</p>
<p>Last 20 lines of output:</p>
<pre class="grey">
       NEWCODE AND OLDCODE WILL BE DEPRECATED IN A FUTURE RELEASE
       PLEASE SWITCH TO THE NEW XC DRIVER AND/OR LIBXC
       (KEYWORD: XC_DRIVER IN &DFT)
 !!!!!!!!!!!!!!!!!!!!!!!!!!!!!!!!!!!!!!!!!!!!!!!!!!!!!!!!!!!!!!!!
 
 EXCHANGE CORRELATION FUNCTIONALS 
    LDA EXCHANGE:                                            NONE
    LDA CORRELATION:                                         NONE
    GRADIENT CORRECTED FUNCTIONAL
    DENSITY THRESHOLD:                                1.00000E-09
    HCTH/120 XC FUNCTIONAL  [HCTH: N.C. HANDY ET AL. JCP 109, 6264 (1998)]
                 
 

 ================================================================
 =               UNKNOWN KEYWORDS IN SECTION &SYSTEM            =
 = #orig
 ================================================================


</pre>
<p class="cat">Test run gave some standard error.</p>
<p>Last 20 lines of standard error:</p>
<pre class="grey">
Abort(999) on node 0 (rank 0 in comm 0): application called MPI_Abort(MPI_COMM_WORLD, 999) - process 0
In: PMI_Abort(999, application called MPI_Abort(MPI_COMM_WORLD, 999) - process 0)
Abort(999) on node 1 (rank 1 in comm 0): application called MPI_Abort(MPI_COMM_WORLD, 999) - process 1
In: PMI_Abort(999, application called MPI_Abort(MPI_COMM_WORLD, 999) - process 1)
slurmstepd: error: *** STEP 2098728.8 ON m0676 CANCELLED AT 2023-02-28T00:23:06 ***
srun: Job step aborted: Waiting up to 32 seconds for job step to finish.
srun: error: m0676: task 0: Killed
srun: launch/slurm: _step_signal: Terminating StepId=2098728.8
srun: error: m0676: task 1: Exited with exit code 231

</pre>
<h3>QMMM/bio_systems/amber/blyp/linkH/atp_blyp_bo_capH.inp</h3>
<p><a href='QMMM/bio_systems/amber/blyp/linkH/atp_blyp_bo_capH.out'>QMMM/bio_systems/amber/blyp/linkH/atp_blyp_bo_capH.out</a></p>
<p class="cat">Some values in the output could not be found.</p>
<ol>
<li><pre>SCALAR 'TOTAL ENERGY =' 4</pre></li>
</ol>
<p class="cat">Test run gave a non-zero return code.</p>
<p>Last 20 lines of output:</p>
<pre class="grey">
 !!!!!!!!!!!!!!!!!!!!!!!!!!!!!!!!!!!!!!!!!!!!!!!!!!!!!!!!!!!!!!!!
 WARNING!
       NEWCODE AND OLDCODE WILL BE DEPRECATED IN A FUTURE RELEASE
       PLEASE SWITCH TO THE NEW XC DRIVER AND/OR LIBXC
       (KEYWORD: XC_DRIVER IN &DFT)
 !!!!!!!!!!!!!!!!!!!!!!!!!!!!!!!!!!!!!!!!!!!!!!!!!!!!!!!!!!!!!!!!
 
 EXCHANGE CORRELATION FUNCTIONALS 
    LDA EXCHANGE:                        SLATER (ALPHA = 0.66667)
    LDA CORRELATION:                             LEE, YANG & PARR
       [C.L. LEE, W. YANG, AND R.G. PARR, PRB 37785 (1988)]
    GRADIENT CORRECTED FUNCTIONAL
    DENSITY THRESHOLD:                                1.00000E-06
    EXCHANGE ENERGY
       [A.D. BECKE, PHYS. REV. A 38, 3098 (1988)]
       PARAMETER BETA:                                   0.004200
    CORRELATION ENERGY
       [LYP: C.L. LEE ET AL. PHYS. REV. B 37, 785 (1988)]
 

</pre>
<p class="cat">Test run gave some standard error.</p>
<p>Last 20 lines of standard error:</p>
<pre class="grey">
Abort(999) on node 0 (rank 0 in comm 0): application called MPI_Abort(MPI_COMM_WORLD, 999) - process 0
In: PMI_Abort(999, application called MPI_Abort(MPI_COMM_WORLD, 999) - process 0)
Abort(999) on node 1 (rank 1 in comm 0): application called MPI_Abort(MPI_COMM_WORLD, 999) - process 1
In: PMI_Abort(999, application called MPI_Abort(MPI_COMM_WORLD, 999) - process 1)
slurmstepd: error: *** STEP 2098728.4 ON m0676 CANCELLED AT 2023-02-28T00:23:06 ***
srun: Job step aborted: Waiting up to 32 seconds for job step to finish.
srun: error: m0676: task 0: Killed
srun: launch/slurm: _step_signal: Terminating StepId=2098728.4
srun: error: m0676: task 1: Exited with exit code 231

</pre>
<h3>BO/libxc/r-4/test.inp</h3>
<p><a href='BO/libxc/r-4/test.out'>BO/libxc/r-4/test.out</a></p>
<p class="cat">Some values in the output could not be found.</p>
<ol>
<li><pre>SCALAR 'TOTAL ENERGY =' 4</pre></li>
</ol>
<p class="cat">Test run gave a non-zero return code.</p>
<p>Last 20 lines of output:</p>
<pre class="grey">
    100.0% LIBXC HYB_GGA_XC_CAM_B3LYP
           CP EXCHANGE FUNCTIONALS ARE COULOMB-ATTENUATED (CAM)
           MU [BOHR]: 0.33000 ; ALPHA: 0.19000 ; BETA: 0.46000
           GC-CUTOFF VALUE FOR GRADIENT SMOOTHING:     1.0000E-08
 
     19.0% SR    EXACT EXCHANGE
     65.0% LR    EXACT EXCHANGE
           HFX IS COULOMB-ATTENUATED (CAM)
           MU [BOHR]: 0.33000 ; ALPHA: 0.19000 ; BETA: 0.46000

 FOR THE RECIPROCAL SPACE IMPLEMENTATION OF CAM, PLEASE REFER TO:
                                M.P. Bircher and U. Rothlisberger
              J. Chem. Theory Comput., 2018, 14 (6), pp 3184–3195
                                    DOI: 10.1021/acs.jctc.8b00069


 USE NEW HFX MODULE                                             T
 USE BLOCK CYCLIC DISTRIBUTION
 BLOCK SIZE                                                     2

</pre>
<p class="cat">Test run gave some standard error.</p>
<p>Last 20 lines of standard error:</p>
<pre class="grey">
srun: Job step aborted: Waiting up to 32 seconds for job step to finish.
Abort(999) on node 0 (rank 0 in comm 0): application called MPI_Abort(MPI_COMM_WORLD, 999) - process 0
In: PMI_Abort(999, application called MPI_Abort(MPI_COMM_WORLD, 999) - process 0)
Abort(999) on node 1 (rank 1 in comm 0): application called MPI_Abort(MPI_COMM_WORLD, 999) - process 1
In: PMI_Abort(999, application called MPI_Abort(MPI_COMM_WORLD, 999) - process 1)
slurmstepd: error: *** STEP 2098728.761 ON m0676 CANCELLED AT 2023-02-28T00:32:15 ***
srun: error: m0676: tasks 0-1: Exited with exit code 231
srun: launch/slurm: _step_signal: Terminating StepId=2098728.761

</pre>
<h3>QMMM/bio_systems/amber/hcth/atp_hcth_bo_capH.inp</h3>
<p><a href='QMMM/bio_systems/amber/hcth/atp_hcth_bo_capH.out'>QMMM/bio_systems/amber/hcth/atp_hcth_bo_capH.out</a></p>
<p class="cat">Some values in the output could not be found.</p>
<ol>
<li><pre>SCALAR 'TOTAL ENERGY =' 4</pre></li>
</ol>
<p class="cat">Test run gave a non-zero return code.</p>
<p>Last 20 lines of output:</p>
<pre class="grey">
 =                                                              =
 ================================================================


 !!!!!!!!!!!!!!!!!!!!!!!!!!!!!!!!!!!!!!!!!!!!!!!!!!!!!!!!!!!!!!!!
 WARNING!
       NEWCODE AND OLDCODE WILL BE DEPRECATED IN A FUTURE RELEASE
       PLEASE SWITCH TO THE NEW XC DRIVER AND/OR LIBXC
       (KEYWORD: XC_DRIVER IN &DFT)
 !!!!!!!!!!!!!!!!!!!!!!!!!!!!!!!!!!!!!!!!!!!!!!!!!!!!!!!!!!!!!!!!
 
 EXCHANGE CORRELATION FUNCTIONALS 
    LDA EXCHANGE:                                            NONE
    LDA CORRELATION:                                         NONE
    GRADIENT CORRECTED FUNCTIONAL
    DENSITY THRESHOLD:                                1.00000E-09
    HCTH/120 XC FUNCTIONAL  [HCTH: N.C. HANDY ET AL. JCP 109, 6264 (1998)]
                 
 

</pre>
<p class="cat">Test run gave some standard error.</p>
<p>Last 20 lines of standard error:</p>
<pre class="grey">
Abort(999) on node 0 (rank 0 in comm 0): application called MPI_Abort(MPI_COMM_WORLD, 999) - process 0
In: PMI_Abort(999, application called MPI_Abort(MPI_COMM_WORLD, 999) - process 0)
Abort(999) on node 1 (rank 1 in comm 0): application called MPI_Abort(MPI_COMM_WORLD, 999) - process 1
In: PMI_Abort(999, application called MPI_Abort(MPI_COMM_WORLD, 999) - process 1)
slurmstepd: error: *** STEP 2098728.7 ON m0676 CANCELLED AT 2023-02-28T00:23:06 ***
srun: Job step aborted: Waiting up to 32 seconds for job step to finish.
srun: error: m0676: task 0: Exited with exit code 231
srun: launch/slurm: _step_signal: Terminating StepId=2098728.7
srun: error: m0676: task 1: Killed

</pre>
<h3>PROP/KS-ener/libxc/h2o-0/test.inp</h3>
<p><a href='PROP/KS-ener/libxc/h2o-0/test.out'>PROP/KS-ener/libxc/h2o-0/test.out</a></p>
<p class="cat">Something went wrong in the CPQA driver script.</p>
<ol>
<li><pre>Traceback (most recent call last):
  File "/home/titan/nfcc/nfcc02/cpmd_merge_github/cpqa/src/cpqa/tests.py", line 132, in harvest_file
    fragment.digest()
  File "/home/titan/nfcc/nfcc02/cpmd_merge_github/cpqa/src/cpqa/tests.py", line 63, in digest
    self.value = float(self.lines[0].split()[self.column])
ValueError: could not convert string to float: SCALAR
</pre></li>
</ol>
<p class="cat">Some values in the output could not be found.</p>
<ol>
<li><pre>SCALAR 'CHEMICAL POTENTIAL = ' 3</pre></li>
</ol>
<p class="cat">Test run gave a non-zero return code.</p>
<p>Last 20 lines of output:</p>
<pre class="grey">
    100.0% LIBXC HYB_GGA_XC_CAM_B3LYP
           CP EXCHANGE FUNCTIONALS ARE COULOMB-ATTENUATED (CAM)
           MU [BOHR]: 0.33000 ; ALPHA: 0.19000 ; BETA: 0.46000
           GC-CUTOFF VALUE FOR GRADIENT SMOOTHING:     1.0000E-08
 
     19.0% SR    EXACT EXCHANGE
     65.0% LR    EXACT EXCHANGE
           HFX IS COULOMB-ATTENUATED (CAM)
           MU [BOHR]: 0.33000 ; ALPHA: 0.19000 ; BETA: 0.46000

 FOR THE RECIPROCAL SPACE IMPLEMENTATION OF CAM, PLEASE REFER TO:
                                M.P. Bircher and U. Rothlisberger
              J. Chem. Theory Comput., 2018, 14 (6), pp 3184–3195
                                    DOI: 10.1021/acs.jctc.8b00069


 USE NEW HFX MODULE                                             T
 USE BLOCK CYCLIC DISTRIBUTION
 BLOCK SIZE                                                     2

</pre>
<p class="cat">Test run gave some standard error.</p>
<p>Last 20 lines of standard error:</p>
<pre class="grey">
srun: Job step aborted: Waiting up to 32 seconds for job step to finish.
Abort(999) on node 0 (rank 0 in comm 0): application called MPI_Abort(MPI_COMM_WORLD, 999) - process 0
In: PMI_Abort(999, application called MPI_Abort(MPI_COMM_WORLD, 999) - process 0)
Abort(999) on node 1 (rank 1 in comm 0): application called MPI_Abort(MPI_COMM_WORLD, 999) - process 1
In: PMI_Abort(999, application called MPI_Abort(MPI_COMM_WORLD, 999) - process 1)
slurmstepd: error: *** STEP 2098728.496 ON m0676 CANCELLED AT 2023-02-28T00:30:53 ***
srun: error: m0676: tasks 0-1: Exited with exit code 231
srun: launch/slurm: _step_signal: Terminating StepId=2098728.496

</pre>
<h3>QMMM/bio_systems/amber/blyp/oecp/atp_blyp_cpmd_oecp_split.inp</h3>
<p><a href='QMMM/bio_systems/amber/blyp/oecp/atp_blyp_cpmd_oecp_split.out'>QMMM/bio_systems/amber/blyp/oecp/atp_blyp_cpmd_oecp_split.out</a></p>
<p class="cat">Some values in the output could not be found.</p>
<ol>
<li><pre>SCALAR 'TOTAL ENERGY =' 4</pre></li>
</ol>
<p class="cat">Test run gave a non-zero return code.</p>
<p>Last 20 lines of output:</p>
<pre class="grey">
 !!!!!!!!!!!!!!!!!!!!!!!!!!!!!!!!!!!!!!!!!!!!!!!!!!!!!!!!!!!!!!!!
 WARNING!
       NEWCODE AND OLDCODE WILL BE DEPRECATED IN A FUTURE RELEASE
       PLEASE SWITCH TO THE NEW XC DRIVER AND/OR LIBXC
       (KEYWORD: XC_DRIVER IN &DFT)
 !!!!!!!!!!!!!!!!!!!!!!!!!!!!!!!!!!!!!!!!!!!!!!!!!!!!!!!!!!!!!!!!
 
 EXCHANGE CORRELATION FUNCTIONALS 
    LDA EXCHANGE:                        SLATER (ALPHA = 0.66667)
    LDA CORRELATION:                             LEE, YANG & PARR
       [C.L. LEE, W. YANG, AND R.G. PARR, PRB 37785 (1988)]
    GRADIENT CORRECTED FUNCTIONAL
    DENSITY THRESHOLD:                                1.00000E-06
    EXCHANGE ENERGY
       [A.D. BECKE, PHYS. REV. A 38, 3098 (1988)]
       PARAMETER BETA:                                   0.004200
    CORRELATION ENERGY
       [LYP: C.L. LEE ET AL. PHYS. REV. B 37, 785 (1988)]
 

</pre>
<p class="cat">Test run gave some standard error.</p>
<p>Last 20 lines of standard error:</p>
<pre class="grey">
Abort(999) on node 1 (rank 1 in comm 0): application called MPI_Abort(MPI_COMM_WORLD, 999) - process 1
In: PMI_Abort(999, application called MPI_Abort(MPI_COMM_WORLD, 999) - process 1)
Abort(999) on node 0 (rank 0 in comm 0): application called MPI_Abort(MPI_COMM_WORLD, 999) - process 0
In: PMI_Abort(999, application called MPI_Abort(MPI_COMM_WORLD, 999) - process 0)
slurmstepd: error: *** STEP 2098728.6 ON m0676 CANCELLED AT 2023-02-28T00:23:06 ***
srun: Job step aborted: Waiting up to 32 seconds for job step to finish.
srun: error: m0676: task 0: Exited with exit code 231
srun: launch/slurm: _step_signal: Terminating StepId=2098728.6
srun: error: m0676: task 1: Killed

</pre>
<h3>BO/libxc/r-5/test.inp</h3>
<p><a href='BO/libxc/r-5/test.out'>BO/libxc/r-5/test.out</a></p>
<p class="cat">Some values in the output could not be found.</p>
<ol>
<li><pre>SCALAR 'TOTAL ENERGY =' 4</pre></li>
</ol>
<p class="cat">Test run gave a non-zero return code.</p>
<p>Last 20 lines of output:</p>
<pre class="grey">
 ION DYNAMICS:      THE TEMPERATURE IS NOT CONTROLLED
 ASPC WAVEFUNCTION EXTRAPOLATION (MAX. HISTORY)                 6
 SPLINE INTERPOLATION IN G-SPACE FOR PSEUDOPOTENTIAL FUNCTIONS
    NUMBER OF SPLINE POINTS:                                 5000
 
 EXCHANGE-CORRELATION FUNCTIONALS:
 
      8.0% LIBXC LDA_X
     72.0% LIBXC GGA_X_B88
     81.0% LIBXC GGA_C_LYP
     19.0% LIBXC LDA_C_VWN_RPA
           GC-CUTOFF VALUE FOR GRADIENT SMOOTHING:     1.0000E-08
 
     20.0% HFX   EXACT EXCHANGE
           HFX PARAMETERS ARE NON-DEFAULT

 USE NEW HFX MODULE                                             T
 USE BLOCK CYCLIC DISTRIBUTION
 BLOCK SIZE                                                     2

</pre>
<p class="cat">Test run gave some standard error.</p>
<p>Last 20 lines of standard error:</p>
<pre class="grey">
srun: Job step aborted: Waiting up to 32 seconds for job step to finish.
Abort(999) on node 0 (rank 0 in comm 0): application called MPI_Abort(MPI_COMM_WORLD, 999) - process 0
In: PMI_Abort(999, application called MPI_Abort(MPI_COMM_WORLD, 999) - process 0)
Abort(999) on node 1 (rank 1 in comm 0): application called MPI_Abort(MPI_COMM_WORLD, 999) - process 1
In: PMI_Abort(999, application called MPI_Abort(MPI_COMM_WORLD, 999) - process 1)
slurmstepd: error: *** STEP 2098728.762 ON m0676 CANCELLED AT 2023-02-28T00:32:15 ***
srun: error: m0676: tasks 0-1: Exited with exit code 231
srun: launch/slurm: _step_signal: Terminating StepId=2098728.762

</pre>
<h3>QMMM/WATER_DIMER_solute_WFO/test.inp</h3>
<p><a href='QMMM/WATER_DIMER_solute_WFO/test.out'>QMMM/WATER_DIMER_solute_WFO/test.out</a></p>
<p class="cat">Some values in the output could not be found.</p>
<ol>
<li><pre>SCALAR 'TOTAL ENERGY =' 4</pre></li>
</ol>
<p class="cat">Test run gave a non-zero return code.</p>
<p>Last 20 lines of output:</p>
<pre class="grey">
 !!!!!!!!!!!!!!!!!!!!!!!!!!!!!!!!!!!!!!!!!!!!!!!!!!!!!!!!!!!!!!!!
 WARNING!
       NEWCODE AND OLDCODE WILL BE DEPRECATED IN A FUTURE RELEASE
       PLEASE SWITCH TO THE NEW XC DRIVER AND/OR LIBXC
       (KEYWORD: XC_DRIVER IN &DFT)
 !!!!!!!!!!!!!!!!!!!!!!!!!!!!!!!!!!!!!!!!!!!!!!!!!!!!!!!!!!!!!!!!
 
 EXCHANGE CORRELATION FUNCTIONALS 
    LDA EXCHANGE:                        SLATER (ALPHA = 0.66667)
    LDA CORRELATION:                             LEE, YANG & PARR
       [C.L. LEE, W. YANG, AND R.G. PARR, PRB 37785 (1988)]
    GRADIENT CORRECTED FUNCTIONAL
    DENSITY THRESHOLD:                                1.00000E-08
    EXCHANGE ENERGY
       [A.D. BECKE, PHYS. REV. A 38, 3098 (1988)]
       PARAMETER BETA:                                   0.004200
    CORRELATION ENERGY
       [LYP: C.L. LEE ET AL. PHYS. REV. B 37, 785 (1988)]
 

</pre>
<p class="cat">Test run gave some standard error.</p>
<p>Last 20 lines of standard error:</p>
<pre class="grey">
Abort(999) on node 0 (rank 0 in comm 0): application called MPI_Abort(MPI_COMM_WORLD, 999) - process 0
In: PMI_Abort(999, application called MPI_Abort(MPI_COMM_WORLD, 999) - process 0)
Abort(999) on node 1 (rank 1 in comm 0): application called MPI_Abort(MPI_COMM_WORLD, 999) - process 1
In: PMI_Abort(999, application called MPI_Abort(MPI_COMM_WORLD, 999) - process 1)
slurmstepd: error: *** STEP 2098728.9 ON m0676 CANCELLED AT 2023-02-28T00:23:06 ***
srun: Job step aborted: Waiting up to 32 seconds for job step to finish.
srun: error: m0676: task 0: Exited with exit code 231
srun: launch/slurm: _step_signal: Terminating StepId=2098728.9
srun: error: m0676: task 1: Killed

</pre>
<h3>TD/acetone/ac_sp/ac_sp.inp</h3>
<p><a href='TD/acetone/ac_sp/ac_sp.out'>TD/acetone/ac_sp/ac_sp.out</a></p>
<p class="cat">Something went wrong in the CPQA driver script.</p>
<ol>
<li><pre>Traceback (most recent call last):
  File "/home/titan/nfcc/nfcc02/cpmd_merge_github/cpqa/src/cpqa/tests.py", line 132, in harvest_file
    fragment.digest()
  File "/home/titan/nfcc/nfcc02/cpmd_merge_github/cpqa/src/cpqa/tests.py", line 63, in digest
    self.value = float(self.lines[0].split()[self.column])
ValueError: could not convert string to float: 'TOTAL
</pre></li>
<li><pre>Traceback (most recent call last):
  File "/home/titan/nfcc/nfcc02/cpmd_merge_github/cpqa/src/cpqa/tests.py", line 132, in harvest_file
    fragment.digest()
  File "/home/titan/nfcc/nfcc02/cpmd_merge_github/cpqa/src/cpqa/tests.py", line 63, in digest
    self.value = float(self.lines[0].split()[self.column])
ValueError: could not convert string to float: SCALAR
</pre></li>
<li><pre>Traceback (most recent call last):
  File "/home/titan/nfcc/nfcc02/cpmd_merge_github/cpqa/src/cpqa/tests.py", line 132, in harvest_file
    fragment.digest()
  File "/home/titan/nfcc/nfcc02/cpmd_merge_github/cpqa/src/cpqa/tests.py", line 63, in digest
    self.value = float(self.lines[0].split()[self.column])
ValueError: could not convert string to float: SCALAR
</pre></li>
<li><pre>Traceback (most recent call last):
  File "/home/titan/nfcc/nfcc02/cpmd_merge_github/cpqa/src/cpqa/tests.py", line 132, in harvest_file
    fragment.digest()
  File "/home/titan/nfcc/nfcc02/cpmd_merge_github/cpqa/src/cpqa/tests.py", line 63, in digest
    self.value = float(self.lines[0].split()[self.column])
ValueError: could not convert string to float: SCALAR
</pre></li>
<li><pre>Traceback (most recent call last):
  File "/home/titan/nfcc/nfcc02/cpmd_merge_github/cpqa/src/cpqa/tests.py", line 132, in harvest_file
    fragment.digest()
  File "/home/titan/nfcc/nfcc02/cpmd_merge_github/cpqa/src/cpqa/tests.py", line 63, in digest
    self.value = float(self.lines[0].split()[self.column])
ValueError: could not convert string to float: SCALAR
</pre></li>
<li><pre>Traceback (most recent call last):
  File "/home/titan/nfcc/nfcc02/cpmd_merge_github/cpqa/src/cpqa/tests.py", line 132, in harvest_file
    fragment.digest()
  File "/home/titan/nfcc/nfcc02/cpmd_merge_github/cpqa/src/cpqa/tests.py", line 63, in digest
    self.value = float(self.lines[0].split()[self.column])
ValueError: could not convert string to float: SCALAR
</pre></li>
<li><pre>Traceback (most recent call last):
  File "/home/titan/nfcc/nfcc02/cpmd_merge_github/cpqa/src/cpqa/tests.py", line 132, in harvest_file
    fragment.digest()
  File "/home/titan/nfcc/nfcc02/cpmd_merge_github/cpqa/src/cpqa/tests.py", line 63, in digest
    self.value = float(self.lines[0].split()[self.column])
ValueError: could not convert string to float: SCALAR
</pre></li>
<li><pre>Traceback (most recent call last):
  File "/home/titan/nfcc/nfcc02/cpmd_merge_github/cpqa/src/cpqa/tests.py", line 132, in harvest_file
    fragment.digest()
  File "/home/titan/nfcc/nfcc02/cpmd_merge_github/cpqa/src/cpqa/tests.py", line 63, in digest
    self.value = float(self.lines[0].split()[self.column])
ValueError: could not convert string to float: SCALAR
</pre></li>
<li><pre>Traceback (most recent call last):
  File "/home/titan/nfcc/nfcc02/cpmd_merge_github/cpqa/src/cpqa/tests.py", line 132, in harvest_file
    fragment.digest()
  File "/home/titan/nfcc/nfcc02/cpmd_merge_github/cpqa/src/cpqa/tests.py", line 63, in digest
    self.value = float(self.lines[0].split()[self.column])
ValueError: could not convert string to float: SCALAR
</pre></li>
</ol>
<p class="cat">Some values in the output could not be found.</p>
<ol>
<li><pre>SCALAR 'TOTAL ENERGY =' 4</pre></li>
<li><pre>SCALAR 'STATE=  1   ' 3</pre></li>
<li><pre>SCALAR 'STATE=  2   ' 3</pre></li>
<li><pre>SCALAR 'STATE=  3   ' 3</pre></li>
<li><pre>SCALAR 'STATE=  4   ' 3</pre></li>
<li><pre>SCALAR 'STATE=  5   ' 3</pre></li>
<li><pre>SCALAR 'STATE=  6   ' 3</pre></li>
<li><pre>SCALAR 'STATE=  7   ' 3</pre></li>
<li><pre>SCALAR 'STATE=  8   ' 3</pre></li>
</ol>
<p class="cat">Test run gave a non-zero return code.</p>
<p>Last 20 lines of output:</p>
<pre class="grey">

 !!!!!!!!!!!!!!!!!!!!!!!!!!!!!!!!!!!!!!!!!!!!!!!!!!!!!!!!!!!!!!!!
 WARNING!
       NEWCODE AND OLDCODE WILL BE DEPRECATED IN A FUTURE RELEASE
       PLEASE SWITCH TO THE NEW XC DRIVER AND/OR LIBXC
       (KEYWORD: XC_DRIVER IN &DFT)
 !!!!!!!!!!!!!!!!!!!!!!!!!!!!!!!!!!!!!!!!!!!!!!!!!!!!!!!!!!!!!!!!
 
 EXCHANGE CORRELATION FUNCTIONALS 
    LDA EXCHANGE:                                            NONE
    LDA XC THROUGH PADE APPROXIMATION
    S.GOEDECKER, J.HUTTER, M.TETER PRB 541703 (1996)
    GRADIENT CORRECTED FUNCTIONAL
    DENSITY THRESHOLD:                                1.00000E-08
    EXCHANGE ENERGY
       [PBE: J.P. PERDEW ET AL. PRL 77, 3865 (1996)]
    CORRELATION ENERGY 
       [PBE: J.P. PERDEW ET AL. PRL 77, 3865 (1996)]
 

</pre>
<p class="cat">Test run gave some standard error.</p>
<p>Last 20 lines of standard error:</p>
<pre class="grey">
Abort(999) on node 0 (rank 0 in comm 0): application called MPI_Abort(MPI_COMM_WORLD, 999) - process 0
In: PMI_Abort(999, application called MPI_Abort(MPI_COMM_WORLD, 999) - process 0)
Abort(999) on node 1 (rank 1 in comm 0): application called MPI_Abort(MPI_COMM_WORLD, 999) - process 1
In: PMI_Abort(999, application called MPI_Abort(MPI_COMM_WORLD, 999) - process 1)
slurmstepd: error: *** STEP 2098728.2 ON m0676 CANCELLED AT 2023-02-28T00:23:06 ***
srun: Job step aborted: Waiting up to 32 seconds for job step to finish.
srun: error: m0676: task 0: Exited with exit code 231
srun: launch/slurm: _step_signal: Terminating StepId=2098728.2
srun: error: m0676: task 1: Killed

</pre>
<h3>TD/libxc/n-0/w.inp</h3>
<p><a href='TD/libxc/n-0/w.out'>TD/libxc/n-0/w.out</a></p>
<p class="cat">Some values in the output could not be found.</p>
<ol>
<li><pre>SCALAR 'CHKSUM\(EIGENVALUES\) =' 2</pre></li>
</ol>
<p class="cat">Test run gave a non-zero return code.</p>
<p>Last 20 lines of output:</p>
<pre class="grey">
 PRINT INTERMEDIATE RESULTS EVERY                     10001 STEPS
 STORE INTERMEDIATE RESULTS EVERY                     10001 STEPS
 NUMBER OF DISTINCT RESTART FILES:                              1
 TEMPERATURE IS CALCULATED ASSUMING EXTENDED BULK BEHAVIOR 
 FICTITIOUS ELECTRON MASS:                               400.0000
 TIME STEP FOR ELECTRONS:                                  5.0000
 TIME STEP FOR IONS:                                       5.0000
 CONVERGENCE CRITERIA FOR WAVEFUNCTION OPTIMIZATION:   1.0000E-04
 WAVEFUNCTION OPTIMIZATION BY PRECONDITIONED DIIS
 THRESHOLD FOR THE WF-HESSIAN IS                           0.5000
 MAXIMUM NUMBER OF VECTORS RETAINED FOR DIIS:                  10
 STEPS UNTIL DIIS RESET ON POOR PROGRESS:                      10
 FULL ELECTRONIC GRADIENT IS USED 
 SPLINE INTERPOLATION IN G-SPACE FOR PSEUDOPOTENTIAL FUNCTIONS
    NUMBER OF SPLINE POINTS:                                 5000
 
 EXCHANGE-CORRELATION FUNCTIONALS:
 
    100.0% LIBXC LDA_X

</pre>
<p class="cat">Test run gave some standard error.</p>
<p>Last 20 lines of standard error:</p>
<pre class="grey">
srun: Job step aborted: Waiting up to 32 seconds for job step to finish.
Abort(999) on node 0 (rank 0 in comm 0): application called MPI_Abort(MPI_COMM_WORLD, 999) - process 0
In: PMI_Abort(999, application called MPI_Abort(MPI_COMM_WORLD, 999) - process 0)
Abort(999) on node 1 (rank 1 in comm 0): application called MPI_Abort(MPI_COMM_WORLD, 999) - process 1
In: PMI_Abort(999, application called MPI_Abort(MPI_COMM_WORLD, 999) - process 1)
slurmstepd: error: *** STEP 2098728.716 ON m0676 CANCELLED AT 2023-02-28T00:32:04 ***
srun: error: m0676: tasks 0-1: Exited with exit code 231
srun: launch/slurm: _step_signal: Terminating StepId=2098728.716

</pre>
<h3>SP/libxc/nh3-1/nh3.inp</h3>
<p><a href='SP/libxc/nh3-1/nh3.out'>SP/libxc/nh3-1/nh3.out</a></p>
<p class="cat">Some values in the output could not be found.</p>
<ol>
<li><pre>SCALAR 'TOTAL ENERGY =' 4</pre></li>
</ol>
<p class="cat">Test run gave a non-zero return code.</p>
<p>Last 20 lines of output:</p>
<pre class="grey">
 NUMBER OF DISTINCT RESTART FILES:                              1
 TEMPERATURE IS CALCULATED ASSUMING EXTENDED BULK BEHAVIOR 
 FICTITIOUS ELECTRON MASS:                               400.0000
 TIME STEP FOR ELECTRONS:                                  5.0000
 TIME STEP FOR IONS:                                       5.0000
 CONVERGENCE CRITERIA FOR WAVEFUNCTION OPTIMIZATION:   1.0000E-06
 WAVEFUNCTION OPTIMIZATION BY PRECONDITIONED DIIS
 THRESHOLD FOR THE WF-HESSIAN IS                           0.5000
 MAXIMUM NUMBER OF VECTORS RETAINED FOR DIIS:                  10
 STEPS UNTIL DIIS RESET ON POOR PROGRESS:                      10
 FULL ELECTRONIC GRADIENT IS USED 
 SPLINE INTERPOLATION IN G-SPACE FOR PSEUDOPOTENTIAL FUNCTIONS
    NUMBER OF SPLINE POINTS:                                 5000
 
 EXCHANGE-CORRELATION FUNCTIONALS:
 
    100.0% LIBXC GGA_X_PBE
    100.0% LIBXC GGA_C_PBE
           GC-CUTOFF VALUE FOR GRADIENT SMOOTHING:     1.0000E-08

</pre>
<p class="cat">Test run gave some standard error.</p>
<p>Last 20 lines of standard error:</p>
<pre class="grey">
Abort(999) on node 0 (rank 0 in comm 0): application called MPI_Abort(MPI_COMM_WORLD, 999) - process 0
Abort(999) on node 1 (rank 1 in comm 0): application called MPI_Abort(MPI_COMM_WORLD, 999) - process 1
In: PMI_Abort(999, application called MPI_Abort(MPI_COMM_WORLD, 999) - process 1)
In: PMI_Abort(999, application called MPI_Abort(MPI_COMM_WORLD, 999) - process 0)
srun: Job step aborted: Waiting up to 32 seconds for job step to finish.
slurmstepd: error: *** STEP 2098728.1 ON m0676 CANCELLED AT 2023-02-28T00:23:06 ***
srun: error: m0676: tasks 0-1: Exited with exit code 231
srun: launch/slurm: _step_signal: Terminating StepId=2098728.1

</pre>
<h3>QMMM/WATER_DIMER_solvent_WFO/test.inp</h3>
<p><a href='QMMM/WATER_DIMER_solvent_WFO/test.out'>QMMM/WATER_DIMER_solvent_WFO/test.out</a></p>
<p class="cat">Some values in the output could not be found.</p>
<ol>
<li><pre>SCALAR 'TOTAL ENERGY =' 4</pre></li>
</ol>
<p class="cat">Test run gave a non-zero return code.</p>
<p>Last 20 lines of output:</p>
<pre class="grey">
 !!!!!!!!!!!!!!!!!!!!!!!!!!!!!!!!!!!!!!!!!!!!!!!!!!!!!!!!!!!!!!!!
 WARNING!
       NEWCODE AND OLDCODE WILL BE DEPRECATED IN A FUTURE RELEASE
       PLEASE SWITCH TO THE NEW XC DRIVER AND/OR LIBXC
       (KEYWORD: XC_DRIVER IN &DFT)
 !!!!!!!!!!!!!!!!!!!!!!!!!!!!!!!!!!!!!!!!!!!!!!!!!!!!!!!!!!!!!!!!
 
 EXCHANGE CORRELATION FUNCTIONALS 
    LDA EXCHANGE:                        SLATER (ALPHA = 0.66667)
    LDA CORRELATION:                             LEE, YANG & PARR
       [C.L. LEE, W. YANG, AND R.G. PARR, PRB 37785 (1988)]
    GRADIENT CORRECTED FUNCTIONAL
    DENSITY THRESHOLD:                                1.00000E-08
    EXCHANGE ENERGY
       [A.D. BECKE, PHYS. REV. A 38, 3098 (1988)]
       PARAMETER BETA:                                   0.004200
    CORRELATION ENERGY
       [LYP: C.L. LEE ET AL. PHYS. REV. B 37, 785 (1988)]
 

</pre>
<p class="cat">Test run gave some standard error.</p>
<p>Last 20 lines of standard error:</p>
<pre class="grey">
Abort(999) on node 0 (rank 0 in comm 0): application called MPI_Abort(MPI_COMM_WORLD, 999) - process 0
In: PMI_Abort(999, application called MPI_Abort(MPI_COMM_WORLD, 999) - process 0)
Abort(999) on node 1 (rank 1 in comm 0): application called MPI_Abort(MPI_COMM_WORLD, 999) - process 1
In: PMI_Abort(999, application called MPI_Abort(MPI_COMM_WORLD, 999) - process 1)
slurmstepd: error: *** STEP 2098728.0 ON m0676 CANCELLED AT 2023-02-28T00:23:06 ***
srun: Job step aborted: Waiting up to 32 seconds for job step to finish.
srun: error: m0676: tasks 0-1: Exited with exit code 231
srun: launch/slurm: _step_signal: Terminating StepId=2098728.0

</pre>
<h3>TD/libxc/n-4/w.inp</h3>
<p><a href='TD/libxc/n-4/w.out'>TD/libxc/n-4/w.out</a></p>
<p class="cat">Some values in the output could not be found.</p>
<ol>
<li><pre>SCALAR 'CHKSUM\(EIGENVALUES\) =' 2</pre></li>
</ol>
<p class="cat">Test run gave a non-zero return code.</p>
<p>Last 20 lines of output:</p>
<pre class="grey">
    100.0% LIBXC HYB_GGA_XC_CAM_B3LYP
           CP EXCHANGE FUNCTIONALS ARE COULOMB-ATTENUATED (CAM)
           MU [BOHR]: 0.33000 ; ALPHA: 0.19000 ; BETA: 0.46000
           GC-CUTOFF VALUE FOR GRADIENT SMOOTHING:     1.0000E-08
 
     19.0% SR    EXACT EXCHANGE
     65.0% LR    EXACT EXCHANGE
           HFX IS COULOMB-ATTENUATED (CAM)
           MU [BOHR]: 0.33000 ; ALPHA: 0.19000 ; BETA: 0.46000

 FOR THE RECIPROCAL SPACE IMPLEMENTATION OF CAM, PLEASE REFER TO:
                                M.P. Bircher and U. Rothlisberger
              J. Chem. Theory Comput., 2018, 14 (6), pp 3184–3195
                                    DOI: 10.1021/acs.jctc.8b00069


 USE NEW HFX MODULE                                             T
 USE BLOCK CYCLIC DISTRIBUTION
 BLOCK SIZE                                                     2

</pre>
<p class="cat">Test run gave some standard error.</p>
<p>Last 20 lines of standard error:</p>
<pre class="grey">
srun: Job step aborted: Waiting up to 32 seconds for job step to finish.
Abort(999) on node 0 (rank 0 in comm 0): application called MPI_Abort(MPI_COMM_WORLD, 999) - process 0
In: PMI_Abort(999, application called MPI_Abort(MPI_COMM_WORLD, 999) - process 0)
Abort(999) on node 1 (rank 1 in comm 0): application called MPI_Abort(MPI_COMM_WORLD, 999) - process 1
In: PMI_Abort(999, application called MPI_Abort(MPI_COMM_WORLD, 999) - process 1)
slurmstepd: error: *** STEP 2098728.717 ON m0676 CANCELLED AT 2023-02-28T00:32:04 ***
srun: error: m0676: tasks 0-1: Exited with exit code 231
srun: launch/slurm: _step_signal: Terminating StepId=2098728.717

</pre>
<h3>TD/acetone/ac_isc_sin/ac_isc.inp</h3>
<p><a href='TD/acetone/ac_isc_sin/ac_isc.out'>TD/acetone/ac_isc_sin/ac_isc.out</a></p>
<p class="cat">Some values in the output could not be found.</p>
<ol>
<li><pre>SCALAR 'TOTAL ENERGY =' 4</pre></li>
<li><pre>SCALAR 'Triplet energies    1' 3</pre></li>
<li><pre>SCALAR 'Triplet energies    2' 3</pre></li>
<li><pre>SCALAR 'Triplet energies    3' 3</pre></li>
<li><pre>SCALAR 'Triplet energies    4' 3</pre></li>
</ol>
<p class="cat">Test run gave a non-zero return code.</p>
<p>Last 20 lines of output:</p>
<pre class="grey">

 !!!!!!!!!!!!!!!!!!!!!!!!!!!!!!!!!!!!!!!!!!!!!!!!!!!!!!!!!!!!!!!!
 WARNING!
       NEWCODE AND OLDCODE WILL BE DEPRECATED IN A FUTURE RELEASE
       PLEASE SWITCH TO THE NEW XC DRIVER AND/OR LIBXC
       (KEYWORD: XC_DRIVER IN &DFT)
 !!!!!!!!!!!!!!!!!!!!!!!!!!!!!!!!!!!!!!!!!!!!!!!!!!!!!!!!!!!!!!!!
 
 EXCHANGE CORRELATION FUNCTIONALS 
    LDA EXCHANGE:                                            NONE
    LDA XC THROUGH PADE APPROXIMATION
    S.GOEDECKER, J.HUTTER, M.TETER PRB 541703 (1996)
    GRADIENT CORRECTED FUNCTIONAL
    DENSITY THRESHOLD:                                1.00000E-08
    EXCHANGE ENERGY
       [PBE: J.P. PERDEW ET AL. PRL 77, 3865 (1996)]
    CORRELATION ENERGY 
       [PBE: J.P. PERDEW ET AL. PRL 77, 3865 (1996)]
 

</pre>
<p class="cat">Test run gave some standard error.</p>
<p>Last 20 lines of standard error:</p>
<pre class="grey">
srun: Job step aborted: Waiting up to 32 seconds for job step to finish.
Abort(999) on node 0 (rank 0 in comm 0): application called MPI_Abort(MPI_COMM_WORLD, 999) - process 0
In: PMI_Abort(999, application called MPI_Abort(MPI_COMM_WORLD, 999) - process 0)
Abort(999) on node 1 (rank 1 in comm 0): application called MPI_Abort(MPI_COMM_WORLD, 999) - process 1
In: PMI_Abort(999, application called MPI_Abort(MPI_COMM_WORLD, 999) - process 1)
slurmstepd: error: *** STEP 2098728.14 ON m0676 CANCELLED AT 2023-02-28T00:23:07 ***
slurmstepd: error: *** STEP 2098728.14 ON m0676 CANCELLED AT 2023-02-28T00:23:07 ***
srun: error: m0676: tasks 0-1: Exited with exit code 231
srun: launch/slurm: _step_signal: Terminating StepId=2098728.14

</pre>
<h3>QMMM/bio_systems/amber/blyp/oecp/atp_blyp_bo_oecp.inp</h3>
<p><a href='QMMM/bio_systems/amber/blyp/oecp/atp_blyp_bo_oecp.out'>QMMM/bio_systems/amber/blyp/oecp/atp_blyp_bo_oecp.out</a></p>
<p class="cat">Some values in the output could not be found.</p>
<ol>
<li><pre>SCALAR 'TOTAL ENERGY =' 4</pre></li>
</ol>
<p class="cat">Test run gave a non-zero return code.</p>
<p>Last 20 lines of output:</p>
<pre class="grey">
 !!!!!!!!!!!!!!!!!!!!!!!!!!!!!!!!!!!!!!!!!!!!!!!!!!!!!!!!!!!!!!!!
 WARNING!
       NEWCODE AND OLDCODE WILL BE DEPRECATED IN A FUTURE RELEASE
       PLEASE SWITCH TO THE NEW XC DRIVER AND/OR LIBXC
       (KEYWORD: XC_DRIVER IN &DFT)
 !!!!!!!!!!!!!!!!!!!!!!!!!!!!!!!!!!!!!!!!!!!!!!!!!!!!!!!!!!!!!!!!
 
 EXCHANGE CORRELATION FUNCTIONALS 
    LDA EXCHANGE:                        SLATER (ALPHA = 0.66667)
    LDA CORRELATION:                             LEE, YANG & PARR
       [C.L. LEE, W. YANG, AND R.G. PARR, PRB 37785 (1988)]
    GRADIENT CORRECTED FUNCTIONAL
    DENSITY THRESHOLD:                                1.00000E-06
    EXCHANGE ENERGY
       [A.D. BECKE, PHYS. REV. A 38, 3098 (1988)]
       PARAMETER BETA:                                   0.004200
    CORRELATION ENERGY
       [LYP: C.L. LEE ET AL. PHYS. REV. B 37, 785 (1988)]
 

</pre>
<p class="cat">Test run gave some standard error.</p>
<p>Last 20 lines of standard error:</p>
<pre class="grey">
Abort(999) on node 0 (rank 0 in comm 0): application called MPI_Abort(MPI_COMM_WORLD, 999) - process 0
In: PMI_Abort(999, application called MPI_Abort(MPI_COMM_WORLD, 999) - process 0)
Abort(999) on node 1 (rank 1 in comm 0): application called MPI_Abort(MPI_COMM_WORLD, 999) - process 1
In: PMI_Abort(999, application called MPI_Abort(MPI_COMM_WORLD, 999) - process 1)
slurmstepd: error: *** STEP 2098728.3 ON m0676 CANCELLED AT 2023-02-28T00:23:06 ***
srun: Job step aborted: Waiting up to 32 seconds for job step to finish.
srun: error: m0676: task 0: Exited with exit code 231
srun: launch/slurm: _step_signal: Terminating StepId=2098728.3
srun: error: m0676: task 1: Killed

</pre>
<h3>QMMM/test-watsurf/watersurf-qmmm.inp</h3>
<p><a href='QMMM/test-watsurf/watersurf-qmmm.out'>QMMM/test-watsurf/watersurf-qmmm.out</a></p>
<p class="cat">Something went wrong in the CPQA driver script.</p>
<ol>
<li><pre>Traceback (most recent call last):
  File "/home/titan/nfcc/nfcc02/cpmd_merge_github/cpqa/src/cpqa/tests.py", line 132, in harvest_file
    fragment.digest()
  File "/home/titan/nfcc/nfcc02/cpmd_merge_github/cpqa/src/cpqa/tests.py", line 63, in digest
    self.value = float(self.lines[0].split()[self.column])
ValueError: could not convert string to float: 'TOTAL
</pre></li>
</ol>
<p class="cat">Some values in the output could not be found.</p>
<ol>
<li><pre>SCALAR 'TOTAL ENERGY =' 4</pre></li>
<li><pre>SCALAR 'ChkSum\(DIP\) = ' 2</pre></li>
</ol>
<p class="cat">Test run gave a non-zero return code.</p>
<p>Last 20 lines of output:</p>
<pre class="grey">
    LDA CORRELATION:                             LEE, YANG & PARR
       [C.L. LEE, W. YANG, AND R.G. PARR, PRB 37785 (1988)]
    GRADIENT CORRECTED FUNCTIONAL
    DENSITY THRESHOLD:                                1.00000E-07
    EXCHANGE ENERGY
       [A.D. BECKE, PHYS. REV. A 38, 3098 (1988)]
       PARAMETER BETA:                                   0.004200
    CORRELATION ENERGY
       [LYP: C.L. LEE ET AL. PHYS. REV. B 37, 785 (1988)]
 
 APPLY ELECTRIC FIELD:    0.1000E-02  0.0000E+00  0.0000E+00 A.U.


 ================================================================
 =               UNKNOWN KEYWORDS IN SECTION &SYSTEM            =
 = angstrom
 = original
 ================================================================


</pre>
<p class="cat">Test run gave some standard error.</p>
<p>Last 20 lines of standard error:</p>
<pre class="grey">
Abort(999) on node 0 (rank 0 in comm 0): application called MPI_Abort(MPI_COMM_WORLD, 999) - process 0
In: PMI_Abort(999, application called MPI_Abort(MPI_COMM_WORLD, 999) - process 0)
Abort(999) on node 1 (rank 1 in comm 0): application called MPI_Abort(MPI_COMM_WORLD, 999) - process 1
In: PMI_Abort(999, application called MPI_Abort(MPI_COMM_WORLD, 999) - process 1)
slurmstepd: error: *** STEP 2098728.5 ON m0676 CANCELLED AT 2023-02-28T00:23:06 ***
srun: Job step aborted: Waiting up to 32 seconds for job step to finish.
srun: error: m0676: tasks 0-1: Exited with exit code 231
srun: launch/slurm: _step_signal: Terminating StepId=2098728.5

</pre>
<h3>GEO/libxc/r-1/test.inp</h3>
<p><a href='GEO/libxc/r-1/test.out'>GEO/libxc/r-1/test.out</a></p>
<p class="cat">Some values in the output could not be found.</p>
<ol>
<li><pre>SCALAR 'TOTAL ENERGY =' 4</pre></li>
</ol>
<p class="cat">Test run gave a non-zero return code.</p>
<p>Last 20 lines of output:</p>
<pre class="grey">
 TIME STEP FOR IONS:                                       5.0000
 CONVERGENCE CRITERIA FOR WAVEFUNCTION OPTIMIZATION:   1.0000E-05
 WAVEFUNCTION OPTIMIZATION BY PRECONDITIONED DIIS
 THRESHOLD FOR THE WF-HESSIAN IS                           0.5000
 MAXIMUM NUMBER OF VECTORS RETAINED FOR DIIS:                  10
 STEPS UNTIL DIIS RESET ON POOR PROGRESS:                      10
 FULL ELECTRONIC GRADIENT IS USED 
 CONVERGENCE CRITERIA FOR GEOMETRY OPTIMIZATION:     5.000000E-04
 GEOMETRY OPTIMIZATION BY GDIIS/BFGS      
   SIZE OF GDIIS MATRIX:                                        2
 EMPIRICAL INITIAL HESSIAN (DISCO PARAMETRISATION) 
 SPLINE INTERPOLATION IN G-SPACE FOR PSEUDOPOTENTIAL FUNCTIONS
    NUMBER OF SPLINE POINTS:                                 5000
 
 EXCHANGE-CORRELATION FUNCTIONALS:
 
    100.0% LIBXC GGA_X_PBE
    100.0% LIBXC GGA_C_PBE
           GC-CUTOFF VALUE FOR GRADIENT SMOOTHING:     1.0000E-08

</pre>
<p class="cat">Test run gave some standard error.</p>
<p>Last 20 lines of standard error:</p>
<pre class="grey">
srun: Job step aborted: Waiting up to 32 seconds for job step to finish.
Abort(999) on node 0 (rank 0 in comm 0): application called MPI_Abort(MPI_COMM_WORLD, 999) - process 0
In: PMI_Abort(999, application called MPI_Abort(MPI_COMM_WORLD, 999) - process 0)
Abort(999) on node 1 (rank 1 in comm 0): application called MPI_Abort(MPI_COMM_WORLD, 999) - process 1
In: PMI_Abort(999, application called MPI_Abort(MPI_COMM_WORLD, 999) - process 1)
slurmstepd: error: *** STEP 2098728.495 ON m0676 CANCELLED AT 2023-02-28T00:30:53 ***
srun: error: m0676: tasks 0-1: Exited with exit code 231
srun: launch/slurm: _step_signal: Terminating StepId=2098728.495

</pre>
<h3>BO/libxc/u-0/test.inp</h3>
<p><a href='BO/libxc/u-0/test.out'>BO/libxc/u-0/test.out</a></p>
<p class="cat">Some values in the output could not be found.</p>
<ol>
<li><pre>SCALAR 'TOTAL ENERGY =' 4</pre></li>
</ol>
<p class="cat">Test run gave a non-zero return code.</p>
<p>Last 20 lines of output:</p>
<pre class="grey">
 MAXIMUM NUMBER OF ITERATIONS FOR SC:                     2 STEPS
 PRINT INTERMEDIATE RESULTS EVERY                     10001 STEPS
 STORE INTERMEDIATE RESULTS EVERY                     10001 STEPS
 STORE INTERMEDIATE RESULTS EVERY         3 SELF-CONSISTENT STEPS
 NUMBER OF DISTINCT RESTART FILES:                              1
 TEMPERATURE IS CALCULATED ASSUMING EXTENDED BULK BEHAVIOR 
 FICTITIOUS ELECTRON MASS:                               400.0000
 TIME STEP FOR ELECTRONS:                                 20.6707
 TIME STEP FOR IONS:                                      20.6707
 TRAJECTORIES ARE SAVED ON FILE
 ELECTRON DYNAMICS: THE TEMPERATURE IS NOT CONTROLLED
 ION DYNAMICS:      THE TEMPERATURE IS NOT CONTROLLED
 ASPC WAVEFUNCTION EXTRAPOLATION (MAX. HISTORY)                 6
 SPLINE INTERPOLATION IN G-SPACE FOR PSEUDOPOTENTIAL FUNCTIONS
    NUMBER OF SPLINE POINTS:                                 5000
 
 EXCHANGE-CORRELATION FUNCTIONALS:
 
    100.0% LIBXC LDA_X

</pre>
<p class="cat">Test run gave some standard error.</p>
<p>Last 20 lines of standard error:</p>
<pre class="grey">
srun: Job step aborted: Waiting up to 32 seconds for job step to finish.
Abort(999) on node 0 (rank 0 in comm 0): application called MPI_Abort(MPI_COMM_WORLD, 999) - process 0
In: PMI_Abort(999, application called MPI_Abort(MPI_COMM_WORLD, 999) - process 0)
Abort(999) on node 1 (rank 1 in comm 0): application called MPI_Abort(MPI_COMM_WORLD, 999) - process 1
In: PMI_Abort(999, application called MPI_Abort(MPI_COMM_WORLD, 999) - process 1)
slurmstepd: error: *** STEP 2098728.494 ON m0676 CANCELLED AT 2023-02-28T00:30:53 ***
srun: error: m0676: tasks 0-1: Exited with exit code 231
srun: launch/slurm: _step_signal: Terminating StepId=2098728.494

</pre>
<h3>TD/libxc/n-5/w.inp</h3>
<p><a href='TD/libxc/n-5/w.out'>TD/libxc/n-5/w.out</a></p>
<p class="cat">Some values in the output could not be found.</p>
<ol>
<li><pre>SCALAR 'CHKSUM\(EIGENVALUES\) =' 2</pre></li>
</ol>
<p class="cat">Test run gave a non-zero return code.</p>
<p>Last 20 lines of output:</p>
<pre class="grey">
 STEPS UNTIL DIIS RESET ON POOR PROGRESS:                      10
 FULL ELECTRONIC GRADIENT IS USED 
 SPLINE INTERPOLATION IN G-SPACE FOR PSEUDOPOTENTIAL FUNCTIONS
    NUMBER OF SPLINE POINTS:                                 5000
 
 EXCHANGE-CORRELATION FUNCTIONALS:
 
      8.0% LIBXC LDA_X
     72.0% LIBXC GGA_X_B88
     81.0% LIBXC GGA_C_LYP
     19.0% LIBXC LDA_C_VWN_RPA
           GC-CUTOFF VALUE FOR GRADIENT SMOOTHING:     1.0000E-08
 
     20.0% HFX   EXACT EXCHANGE
           HFX PARAMETERS ARE NON-DEFAULT

 USE NEW HFX MODULE                                             T
 USE BLOCK CYCLIC DISTRIBUTION
 BLOCK SIZE                                                     2

</pre>
<p class="cat">Test run gave some standard error.</p>
<p>Last 20 lines of standard error:</p>
<pre class="grey">
srun: Job step aborted: Waiting up to 32 seconds for job step to finish.
Abort(999) on node 0 (rank 0 in comm 0): application called MPI_Abort(MPI_COMM_WORLD, 999) - process 0
In: PMI_Abort(999, application called MPI_Abort(MPI_COMM_WORLD, 999) - process 0)
Abort(999) on node 1 (rank 1 in comm 0): application called MPI_Abort(MPI_COMM_WORLD, 999) - process 1
In: PMI_Abort(999, application called MPI_Abort(MPI_COMM_WORLD, 999) - process 1)
slurmstepd: error: *** STEP 2098728.718 ON m0676 CANCELLED AT 2023-02-28T00:32:05 ***
srun: error: m0676: tasks 0-1: Exited with exit code 231
srun: launch/slurm: _step_signal: Terminating StepId=2098728.718

</pre>
<h3>QMMM/bio_systems/amber/blyp/linkH/atp_blyp_cpmd_capH.inp</h3>
<p><a href='QMMM/bio_systems/amber/blyp/linkH/atp_blyp_cpmd_capH.out'>QMMM/bio_systems/amber/blyp/linkH/atp_blyp_cpmd_capH.out</a></p>
<p class="cat">Some values in the output could not be found.</p>
<ol>
<li><pre>SCALAR 'TOTAL ENERGY =' 4</pre></li>
</ol>
<p class="cat">Test run gave a non-zero return code.</p>
<p>Last 20 lines of output:</p>
<pre class="grey">
 !!!!!!!!!!!!!!!!!!!!!!!!!!!!!!!!!!!!!!!!!!!!!!!!!!!!!!!!!!!!!!!!
 WARNING!
       NEWCODE AND OLDCODE WILL BE DEPRECATED IN A FUTURE RELEASE
       PLEASE SWITCH TO THE NEW XC DRIVER AND/OR LIBXC
       (KEYWORD: XC_DRIVER IN &DFT)
 !!!!!!!!!!!!!!!!!!!!!!!!!!!!!!!!!!!!!!!!!!!!!!!!!!!!!!!!!!!!!!!!
 
 EXCHANGE CORRELATION FUNCTIONALS 
    LDA EXCHANGE:                        SLATER (ALPHA = 0.66667)
    LDA CORRELATION:                             LEE, YANG & PARR
       [C.L. LEE, W. YANG, AND R.G. PARR, PRB 37785 (1988)]
    GRADIENT CORRECTED FUNCTIONAL
    DENSITY THRESHOLD:                                1.00000E-06
    EXCHANGE ENERGY
       [A.D. BECKE, PHYS. REV. A 38, 3098 (1988)]
       PARAMETER BETA:                                   0.004200
    CORRELATION ENERGY
       [LYP: C.L. LEE ET AL. PHYS. REV. B 37, 785 (1988)]
 

</pre>
<p class="cat">Test run gave some standard error.</p>
<p>Last 20 lines of standard error:</p>
<pre class="grey">
srun: Job step aborted: Waiting up to 32 seconds for job step to finish.
Abort(999) on node 0 (rank 0 in comm 0): application called MPI_Abort(MPI_COMM_WORLD, 999) - process 0
In: PMI_Abort(999, application called MPI_Abort(MPI_COMM_WORLD, 999) - process 0)
Abort(999) on node 1 (rank 1 in comm 0): application called MPI_Abort(MPI_COMM_WORLD, 999) - process 1
In: PMI_Abort(999, application called MPI_Abort(MPI_COMM_WORLD, 999) - process 1)
slurmstepd: error: *** STEP 2098728.10 ON m0676 CANCELLED AT 2023-02-28T00:23:07 ***
srun: error: m0676: tasks 0-1: Exited with exit code 231
srun: launch/slurm: _step_signal: Terminating StepId=2098728.10

</pre>
<h3>GEO/libxc/r-2/test.inp</h3>
<p><a href='GEO/libxc/r-2/test.out'>GEO/libxc/r-2/test.out</a></p>
<p class="cat">Some values in the output could not be found.</p>
<ol>
<li><pre>SCALAR 'TOTAL ENERGY =' 4</pre></li>
</ol>
<p class="cat">Test run gave a non-zero return code.</p>
<p>Last 20 lines of output:</p>
<pre class="grey">
 TIME STEP FOR ELECTRONS:                                  5.0000
 TIME STEP FOR IONS:                                       5.0000
 CONVERGENCE CRITERIA FOR WAVEFUNCTION OPTIMIZATION:   1.0000E-05
 WAVEFUNCTION OPTIMIZATION BY PRECONDITIONED DIIS
 THRESHOLD FOR THE WF-HESSIAN IS                           0.5000
 MAXIMUM NUMBER OF VECTORS RETAINED FOR DIIS:                  10
 STEPS UNTIL DIIS RESET ON POOR PROGRESS:                      10
 FULL ELECTRONIC GRADIENT IS USED 
 CONVERGENCE CRITERIA FOR GEOMETRY OPTIMIZATION:     5.000000E-04
 GEOMETRY OPTIMIZATION BY GDIIS/BFGS      
   SIZE OF GDIIS MATRIX:                                        2
 EMPIRICAL INITIAL HESSIAN (DISCO PARAMETRISATION) 
 SPLINE INTERPOLATION IN G-SPACE FOR PSEUDOPOTENTIAL FUNCTIONS
    NUMBER OF SPLINE POINTS:                                 5000
 
 EXCHANGE-CORRELATION FUNCTIONALS:
 
    100.0% LIBXC GGA_XC_XLYP
           GC-CUTOFF VALUE FOR GRADIENT SMOOTHING:     1.0000E-08

</pre>
<p class="cat">Test run gave some standard error.</p>
<p>Last 20 lines of standard error:</p>
<pre class="grey">
srun: Job step aborted: Waiting up to 32 seconds for job step to finish.
Abort(999) on node 0 (rank 0 in comm 0): application called MPI_Abort(MPI_COMM_WORLD, 999) - process 0
In: PMI_Abort(999, application called MPI_Abort(MPI_COMM_WORLD, 999) - process 0)
Abort(999) on node 1 (rank 1 in comm 0): application called MPI_Abort(MPI_COMM_WORLD, 999) - process 1
In: PMI_Abort(999, application called MPI_Abort(MPI_COMM_WORLD, 999) - process 1)
slurmstepd: error: *** STEP 2098728.497 ON m0676 CANCELLED AT 2023-02-28T00:30:54 ***
srun: error: m0676: tasks 0-1: Exited with exit code 231
srun: launch/slurm: _step_signal: Terminating StepId=2098728.497

</pre>
<h3>QMMM/ACETONE_WATER_mdcp_s0/test.inp</h3>
<p><a href='QMMM/ACETONE_WATER_mdcp_s0/test.out'>QMMM/ACETONE_WATER_mdcp_s0/test.out</a></p>
<p class="cat">Some values in the output could not be found.</p>
<ol>
<li><pre>SCALAR 'TOTAL ENERGY =' 4</pre></li>
</ol>
<p class="cat">Test run gave a non-zero return code.</p>
<p>Last 20 lines of output:</p>
<pre class="grey">

 !!!!!!!!!!!!!!!!!!!!!!!!!!!!!!!!!!!!!!!!!!!!!!!!!!!!!!!!!!!!!!!!
 WARNING!
       NEWCODE AND OLDCODE WILL BE DEPRECATED IN A FUTURE RELEASE
       PLEASE SWITCH TO THE NEW XC DRIVER AND/OR LIBXC
       (KEYWORD: XC_DRIVER IN &DFT)
 !!!!!!!!!!!!!!!!!!!!!!!!!!!!!!!!!!!!!!!!!!!!!!!!!!!!!!!!!!!!!!!!
 
 EXCHANGE CORRELATION FUNCTIONALS 
    LDA EXCHANGE:                                            NONE
    LDA XC THROUGH PADE APPROXIMATION
    S.GOEDECKER, J.HUTTER, M.TETER PRB 541703 (1996)
    GRADIENT CORRECTED FUNCTIONAL
    DENSITY THRESHOLD:                                1.00000E-06
    EXCHANGE ENERGY
       [PBE: J.P. PERDEW ET AL. PRL 77, 3865 (1996)]
    CORRELATION ENERGY 
       [PBE: J.P. PERDEW ET AL. PRL 77, 3865 (1996)]
 

</pre>
<p class="cat">Test run gave some standard error.</p>
<p>Last 20 lines of standard error:</p>
<pre class="grey">
srun: Job step aborted: Waiting up to 32 seconds for job step to finish.
Abort(999) on node 0 (rank 0 in comm 0): application called MPI_Abort(MPI_COMM_WORLD, 999) - process 0
In: PMI_Abort(999, application called MPI_Abort(MPI_COMM_WORLD, 999) - process 0)
Abort(999) on node 1 (rank 1 in comm 0): application called MPI_Abort(MPI_COMM_WORLD, 999) - process 1
In: PMI_Abort(999, application called MPI_Abort(MPI_COMM_WORLD, 999) - process 1)
slurmstepd: error: *** STEP 2098728.11 ON m0676 CANCELLED AT 2023-02-28T00:23:07 ***
srun: error: m0676: tasks 0-1: Exited with exit code 231
srun: launch/slurm: _step_signal: Terminating StepId=2098728.11

</pre>
<h3>QMMM/bio_systems/amber/metadyn/atp_blyp_bo_capH_mtd.inp</h3>
<p><a href='QMMM/bio_systems/amber/metadyn/atp_blyp_bo_capH_mtd.out'>QMMM/bio_systems/amber/metadyn/atp_blyp_bo_capH_mtd.out</a></p>
<p class="cat">Some values in the output could not be found.</p>
<ol>
<li><pre>SCALAR 'TOTAL ENERGY =' 4</pre></li>
</ol>
<p class="cat">Test run gave a non-zero return code.</p>
<p>Last 20 lines of output:</p>
<pre class="grey">
 !!!!!!!!!!!!!!!!!!!!!!!!!!!!!!!!!!!!!!!!!!!!!!!!!!!!!!!!!!!!!!!!
 WARNING!
       NEWCODE AND OLDCODE WILL BE DEPRECATED IN A FUTURE RELEASE
       PLEASE SWITCH TO THE NEW XC DRIVER AND/OR LIBXC
       (KEYWORD: XC_DRIVER IN &DFT)
 !!!!!!!!!!!!!!!!!!!!!!!!!!!!!!!!!!!!!!!!!!!!!!!!!!!!!!!!!!!!!!!!
 
 EXCHANGE CORRELATION FUNCTIONALS 
    LDA EXCHANGE:                        SLATER (ALPHA = 0.66667)
    LDA CORRELATION:                             LEE, YANG & PARR
       [C.L. LEE, W. YANG, AND R.G. PARR, PRB 37785 (1988)]
    GRADIENT CORRECTED FUNCTIONAL
    DENSITY THRESHOLD:                                1.00000E-06
    EXCHANGE ENERGY
       [A.D. BECKE, PHYS. REV. A 38, 3098 (1988)]
       PARAMETER BETA:                                   0.004200
    CORRELATION ENERGY
       [LYP: C.L. LEE ET AL. PHYS. REV. B 37, 785 (1988)]
 

</pre>
<p class="cat">Test run gave some standard error.</p>
<p>Last 20 lines of standard error:</p>
<pre class="grey">
srun: Job step aborted: Waiting up to 32 seconds for job step to finish.
Abort(999) on node 0 (rank 0 in comm 0): application called MPI_Abort(MPI_COMM_WORLD, 999) - process 0
In: PMI_Abort(999, application called MPI_Abort(MPI_COMM_WORLD, 999) - process 0)
Abort(999) on node 1 (rank 1 in comm 0): application called MPI_Abort(MPI_COMM_WORLD, 999) - process 1
In: PMI_Abort(999, application called MPI_Abort(MPI_COMM_WORLD, 999) - process 1)
slurmstepd: error: *** STEP 2098728.15 ON m0676 CANCELLED AT 2023-02-28T00:23:07 ***
srun: error: m0676: tasks 0-1: Exited with exit code 231
srun: launch/slurm: _step_signal: Terminating StepId=2098728.15

</pre>
<h3>QMMM/bio_systems/amber/hcth/atp_hcth_cpmd_capH.inp</h3>
<p><a href='QMMM/bio_systems/amber/hcth/atp_hcth_cpmd_capH.out'>QMMM/bio_systems/amber/hcth/atp_hcth_cpmd_capH.out</a></p>
<p class="cat">Some values in the output could not be found.</p>
<ol>
<li><pre>SCALAR 'TOTAL ENERGY =' 4</pre></li>
</ol>
<p class="cat">Test run gave a non-zero return code.</p>
<p>Last 20 lines of output:</p>
<pre class="grey">
 =                                                              =
 ================================================================


 !!!!!!!!!!!!!!!!!!!!!!!!!!!!!!!!!!!!!!!!!!!!!!!!!!!!!!!!!!!!!!!!
 WARNING!
       NEWCODE AND OLDCODE WILL BE DEPRECATED IN A FUTURE RELEASE
       PLEASE SWITCH TO THE NEW XC DRIVER AND/OR LIBXC
       (KEYWORD: XC_DRIVER IN &DFT)
 !!!!!!!!!!!!!!!!!!!!!!!!!!!!!!!!!!!!!!!!!!!!!!!!!!!!!!!!!!!!!!!!
 
 EXCHANGE CORRELATION FUNCTIONALS 
    LDA EXCHANGE:                                            NONE
    LDA CORRELATION:                                         NONE
    GRADIENT CORRECTED FUNCTIONAL
    DENSITY THRESHOLD:                                1.00000E-09
    HCTH/120 XC FUNCTIONAL  [HCTH: N.C. HANDY ET AL. JCP 109, 6264 (1998)]
                 
 

</pre>
<p class="cat">Test run gave some standard error.</p>
<p>Last 20 lines of standard error:</p>
<pre class="grey">
srun: Job step aborted: Waiting up to 32 seconds for job step to finish.
Abort(999) on node 0 (rank 0 in comm 0): application called MPI_Abort(MPI_COMM_WORLD, 999) - process 0
In: PMI_Abort(999, application called MPI_Abort(MPI_COMM_WORLD, 999) - process 0)
Abort(999) on node 1 (rank 1 in comm 0): application called MPI_Abort(MPI_COMM_WORLD, 999) - process 1
In: PMI_Abort(999, application called MPI_Abort(MPI_COMM_WORLD, 999) - process 1)
slurmstepd: error: *** STEP 2098728.17 ON m0676 CANCELLED AT 2023-02-28T00:23:07 ***
srun: error: m0676: tasks 0-1: Exited with exit code 231
srun: launch/slurm: _step_signal: Terminating StepId=2098728.17

</pre>
<h3>QMMM/AC_SP2/ac_tsh.inp</h3>
<p><a href='QMMM/AC_SP2/ac_tsh.out'>QMMM/AC_SP2/ac_tsh.out</a></p>
<p class="cat">Something went wrong in the CPQA driver script.</p>
<ol>
<li><pre>Traceback (most recent call last):
  File "/home/titan/nfcc/nfcc02/cpmd_merge_github/cpqa/src/cpqa/tests.py", line 132, in harvest_file
    fragment.digest()
  File "/home/titan/nfcc/nfcc02/cpmd_merge_github/cpqa/src/cpqa/tests.py", line 63, in digest
    self.value = float(self.lines[0].split()[self.column])
ValueError: could not convert string to float: 'TOTAL
</pre></li>
<li><pre>Traceback (most recent call last):
  File "/home/titan/nfcc/nfcc02/cpmd_merge_github/cpqa/src/cpqa/tests.py", line 132, in harvest_file
    fragment.digest()
  File "/home/titan/nfcc/nfcc02/cpmd_merge_github/cpqa/src/cpqa/tests.py", line 63, in digest
    self.value = float(self.lines[0].split()[self.column])
ValueError: could not convert string to float: SCALAR
</pre></li>
</ol>
<p class="cat">Some values in the output could not be found.</p>
<ol>
<li><pre>SCALAR 'TOTAL ENERGY =' 4</pre></li>
<li><pre>SCALAR 'RUN ON SURFACE' 3</pre></li>
</ol>
<p class="cat">Test run gave a non-zero return code.</p>
<p>Last 20 lines of output:</p>
<pre class="grey">

 !!!!!!!!!!!!!!!!!!!!!!!!!!!!!!!!!!!!!!!!!!!!!!!!!!!!!!!!!!!!!!!!
 WARNING!
       NEWCODE AND OLDCODE WILL BE DEPRECATED IN A FUTURE RELEASE
       PLEASE SWITCH TO THE NEW XC DRIVER AND/OR LIBXC
       (KEYWORD: XC_DRIVER IN &DFT)
 !!!!!!!!!!!!!!!!!!!!!!!!!!!!!!!!!!!!!!!!!!!!!!!!!!!!!!!!!!!!!!!!
 
 EXCHANGE CORRELATION FUNCTIONALS 
    LDA EXCHANGE:                                            NONE
    LDA XC THROUGH PADE APPROXIMATION
    S.GOEDECKER, J.HUTTER, M.TETER PRB 541703 (1996)
    GRADIENT CORRECTED FUNCTIONAL
    DENSITY THRESHOLD:                                1.00000E-08
    EXCHANGE ENERGY
       [PBE: J.P. PERDEW ET AL. PRL 77, 3865 (1996)]
    CORRELATION ENERGY 
       [PBE: J.P. PERDEW ET AL. PRL 77, 3865 (1996)]
 

</pre>
<p class="cat">Test run gave some standard error.</p>
<p>Last 20 lines of standard error:</p>
<pre class="grey">
srun: Job step aborted: Waiting up to 32 seconds for job step to finish.
Abort(999) on node 0 (rank 0 in comm 0): application called MPI_Abort(MPI_COMM_WORLD, 999) - process 0
In: PMI_Abort(999, application called MPI_Abort(MPI_COMM_WORLD, 999) - process 0)
Abort(999) on node 1 (rank 1 in comm 0): application called MPI_Abort(MPI_COMM_WORLD, 999) - process 1
In: PMI_Abort(999, application called MPI_Abort(MPI_COMM_WORLD, 999) - process 1)
slurmstepd: error: *** STEP 2098728.29 ON m0676 CANCELLED AT 2023-02-28T00:23:08 ***
srun: error: m0676: tasks 0-1: Exited with exit code 231
srun: launch/slurm: _step_signal: Terminating StepId=2098728.29

</pre>
<h3>SP/libxc/nh3-u-1/nh3.inp</h3>
<p><a href='SP/libxc/nh3-u-1/nh3.out'>SP/libxc/nh3-u-1/nh3.out</a></p>
<p class="cat">Some values in the output could not be found.</p>
<ol>
<li><pre>SCALAR 'TOTAL ENERGY =' 4</pre></li>
</ol>
<p class="cat">Test run gave a non-zero return code.</p>
<p>Last 20 lines of output:</p>
<pre class="grey">
 NUMBER OF DISTINCT RESTART FILES:                              1
 TEMPERATURE IS CALCULATED ASSUMING EXTENDED BULK BEHAVIOR 
 FICTITIOUS ELECTRON MASS:                               400.0000
 TIME STEP FOR ELECTRONS:                                  5.0000
 TIME STEP FOR IONS:                                       5.0000
 CONVERGENCE CRITERIA FOR WAVEFUNCTION OPTIMIZATION:   1.0000E-06
 WAVEFUNCTION OPTIMIZATION BY PRECONDITIONED DIIS
 THRESHOLD FOR THE WF-HESSIAN IS                           0.5000
 MAXIMUM NUMBER OF VECTORS RETAINED FOR DIIS:                  10
 STEPS UNTIL DIIS RESET ON POOR PROGRESS:                      10
 FULL ELECTRONIC GRADIENT IS USED 
 SPLINE INTERPOLATION IN G-SPACE FOR PSEUDOPOTENTIAL FUNCTIONS
    NUMBER OF SPLINE POINTS:                                 5000
 
 EXCHANGE-CORRELATION FUNCTIONALS:
 
    100.0% LIBXC GGA_X_PBE
    100.0% LIBXC GGA_C_PBE
           GC-CUTOFF VALUE FOR GRADIENT SMOOTHING:     1.0000E-08

</pre>
<p class="cat">Test run gave some standard error.</p>
<p>Last 20 lines of standard error:</p>
<pre class="grey">
srun: Job step aborted: Waiting up to 32 seconds for job step to finish.
Abort(999) on node 0 (rank 0 in comm 0): application called MPI_Abort(MPI_COMM_WORLD, 999) - process 0
In: PMI_Abort(999, application called MPI_Abort(MPI_COMM_WORLD, 999) - process 0)
Abort(999) on node 1 (rank 1 in comm 0): application called MPI_Abort(MPI_COMM_WORLD, 999) - process 1
In: PMI_Abort(999, application called MPI_Abort(MPI_COMM_WORLD, 999) - process 1)
slurmstepd: error: *** STEP 2098728.12 ON m0676 CANCELLED AT 2023-02-28T00:23:07 ***
srun: error: m0676: task 0: Exited with exit code 231
srun: launch/slurm: _step_signal: Terminating StepId=2098728.12
srun: error: m0676: task 1: Killed

</pre>
<h3>SP/libxc/nh3-u-6/nh3.inp</h3>
<p><a href='SP/libxc/nh3-u-6/nh3.out'>SP/libxc/nh3-u-6/nh3.out</a></p>
<p class="cat">Some values in the output could not be found.</p>
<ol>
<li><pre>SCALAR 'TOTAL ENERGY =' 4</pre></li>
</ol>
<p class="cat">Test run gave a non-zero return code.</p>
<p>Last 20 lines of output:</p>
<pre class="grey">
 CONVERGENCE CRITERIA FOR WAVEFUNCTION OPTIMIZATION:   1.0000E-06
 WAVEFUNCTION OPTIMIZATION BY PRECONDITIONED DIIS
 THRESHOLD FOR THE WF-HESSIAN IS                           0.5000
 MAXIMUM NUMBER OF VECTORS RETAINED FOR DIIS:                  10
 STEPS UNTIL DIIS RESET ON POOR PROGRESS:                      10
 FULL ELECTRONIC GRADIENT IS USED 
 SPLINE INTERPOLATION IN G-SPACE FOR PSEUDOPOTENTIAL FUNCTIONS
    NUMBER OF SPLINE POINTS:                                 5000
 
 EXCHANGE-CORRELATION FUNCTIONALS:
 
    100.0% LIBXC HYB_GGA_XC_PBEH
           GC-CUTOFF VALUE FOR GRADIENT SMOOTHING:     1.0000E-08
 
     25.0% HFX   EXACT EXCHANGE

 USE NEW HFX MODULE                                             T
 USE BLOCK CYCLIC DISTRIBUTION
 BLOCK SIZE                                                     2

</pre>
<p class="cat">Test run gave some standard error.</p>
<p>Last 20 lines of standard error:</p>
<pre class="grey">
srun: Job step aborted: Waiting up to 32 seconds for job step to finish.
Abort(999) on node 0 (rank 0 in comm 0): application called MPI_Abort(MPI_COMM_WORLD, 999) - process 0
In: PMI_Abort(999, application called MPI_Abort(MPI_COMM_WORLD, 999) - process 0)
Abort(999) on node 1 (rank 1 in comm 0): application called MPI_Abort(MPI_COMM_WORLD, 999) - process 1
In: PMI_Abort(999, application called MPI_Abort(MPI_COMM_WORLD, 999) - process 1)
slurmstepd: error: *** STEP 2098728.13 ON m0676 CANCELLED AT 2023-02-28T00:23:07 ***
srun: error: m0676: tasks 0-1: Exited with exit code 231
srun: launch/slurm: _step_signal: Terminating StepId=2098728.13

</pre>
<h3>BO/libxc/u-4/test.inp</h3>
<p><a href='BO/libxc/u-4/test.out'>BO/libxc/u-4/test.out</a></p>
<p class="cat">Some values in the output could not be found.</p>
<ol>
<li><pre>SCALAR 'TOTAL ENERGY =' 4</pre></li>
</ol>
<p class="cat">Test run gave a non-zero return code.</p>
<p>Last 20 lines of output:</p>
<pre class="grey">
    100.0% LIBXC HYB_GGA_XC_CAM_B3LYP
           CP EXCHANGE FUNCTIONALS ARE COULOMB-ATTENUATED (CAM)
           MU [BOHR]: 0.33000 ; ALPHA: 0.19000 ; BETA: 0.46000
           GC-CUTOFF VALUE FOR GRADIENT SMOOTHING:     1.0000E-08
 
     19.0% SR    EXACT EXCHANGE
     65.0% LR    EXACT EXCHANGE
           HFX IS COULOMB-ATTENUATED (CAM)
           MU [BOHR]: 0.33000 ; ALPHA: 0.19000 ; BETA: 0.46000

 FOR THE RECIPROCAL SPACE IMPLEMENTATION OF CAM, PLEASE REFER TO:
                                M.P. Bircher and U. Rothlisberger
              J. Chem. Theory Comput., 2018, 14 (6), pp 3184–3195
                                    DOI: 10.1021/acs.jctc.8b00069


 USE NEW HFX MODULE                                             T
 USE BLOCK CYCLIC DISTRIBUTION
 BLOCK SIZE                                                     2

</pre>
<p class="cat">Test run gave some standard error.</p>
<p>Last 20 lines of standard error:</p>
<pre class="grey">
srun: Job step aborted: Waiting up to 32 seconds for job step to finish.
Abort(999) on node 0 (rank 0 in comm 0): application called MPI_Abort(MPI_COMM_WORLD, 999) - process 0
In: PMI_Abort(999, application called MPI_Abort(MPI_COMM_WORLD, 999) - process 0)
Abort(999) on node 1 (rank 1 in comm 0): application called MPI_Abort(MPI_COMM_WORLD, 999) - process 1
In: PMI_Abort(999, application called MPI_Abort(MPI_COMM_WORLD, 999) - process 1)
slurmstepd: error: *** STEP 2098728.498 ON m0676 CANCELLED AT 2023-02-28T00:30:54 ***
srun: error: m0676: tasks 0-1: Exited with exit code 231
srun: launch/slurm: _step_signal: Terminating StepId=2098728.498

</pre>
<h3>QMMM/AC_SP1/ac_sp.inp</h3>
<p><a href='QMMM/AC_SP1/ac_sp.out'>QMMM/AC_SP1/ac_sp.out</a></p>
<p class="cat">Something went wrong in the CPQA driver script.</p>
<ol>
<li><pre>Traceback (most recent call last):
  File "/home/titan/nfcc/nfcc02/cpmd_merge_github/cpqa/src/cpqa/tests.py", line 132, in harvest_file
    fragment.digest()
  File "/home/titan/nfcc/nfcc02/cpmd_merge_github/cpqa/src/cpqa/tests.py", line 63, in digest
    self.value = float(self.lines[0].split()[self.column])
ValueError: could not convert string to float: 'TOTAL
</pre></li>
<li><pre>Traceback (most recent call last):
  File "/home/titan/nfcc/nfcc02/cpmd_merge_github/cpqa/src/cpqa/tests.py", line 132, in harvest_file
    fragment.digest()
  File "/home/titan/nfcc/nfcc02/cpmd_merge_github/cpqa/src/cpqa/tests.py", line 63, in digest
    self.value = float(self.lines[0].split()[self.column])
ValueError: could not convert string to float: SCALAR
</pre></li>
<li><pre>Traceback (most recent call last):
  File "/home/titan/nfcc/nfcc02/cpmd_merge_github/cpqa/src/cpqa/tests.py", line 132, in harvest_file
    fragment.digest()
  File "/home/titan/nfcc/nfcc02/cpmd_merge_github/cpqa/src/cpqa/tests.py", line 63, in digest
    self.value = float(self.lines[0].split()[self.column])
ValueError: could not convert string to float: SCALAR
</pre></li>
</ol>
<p class="cat">Some values in the output could not be found.</p>
<ol>
<li><pre>SCALAR 'TOTAL ENERGY =' 4</pre></li>
<li><pre>SCALAR 'STATE=  1                               EIGENVALUE=' 3</pre></li>
<li><pre>SCALAR 'STATE=  2                               EIGENVALUE=' 3</pre></li>
</ol>
<p class="cat">Test run gave a non-zero return code.</p>
<p>Last 20 lines of output:</p>
<pre class="grey">

 !!!!!!!!!!!!!!!!!!!!!!!!!!!!!!!!!!!!!!!!!!!!!!!!!!!!!!!!!!!!!!!!
 WARNING!
       NEWCODE AND OLDCODE WILL BE DEPRECATED IN A FUTURE RELEASE
       PLEASE SWITCH TO THE NEW XC DRIVER AND/OR LIBXC
       (KEYWORD: XC_DRIVER IN &DFT)
 !!!!!!!!!!!!!!!!!!!!!!!!!!!!!!!!!!!!!!!!!!!!!!!!!!!!!!!!!!!!!!!!
 
 EXCHANGE CORRELATION FUNCTIONALS 
    LDA EXCHANGE:                                            NONE
    LDA XC THROUGH PADE APPROXIMATION
    S.GOEDECKER, J.HUTTER, M.TETER PRB 541703 (1996)
    GRADIENT CORRECTED FUNCTIONAL
    DENSITY THRESHOLD:                                1.00000E-08
    EXCHANGE ENERGY
       [PBE: J.P. PERDEW ET AL. PRL 77, 3865 (1996)]
    CORRELATION ENERGY 
       [PBE: J.P. PERDEW ET AL. PRL 77, 3865 (1996)]
 

</pre>
<p class="cat">Test run gave some standard error.</p>
<p>Last 20 lines of standard error:</p>
<pre class="grey">
srun: Job step aborted: Waiting up to 32 seconds for job step to finish.
Abort(999) on node 0 (rank 0 in comm 0): application called MPI_Abort(MPI_COMM_WORLD, 999) - process 0
In: PMI_Abort(999, application called MPI_Abort(MPI_COMM_WORLD, 999) - process 0)
Abort(999) on node 1 (rank 1 in comm 0): application called MPI_Abort(MPI_COMM_WORLD, 999) - process 1
In: PMI_Abort(999, application called MPI_Abort(MPI_COMM_WORLD, 999) - process 1)
slurmstepd: error: *** STEP 2098728.19 ON m0676 CANCELLED AT 2023-02-28T00:23:07 ***
srun: error: m0676: tasks 0-1: Exited with exit code 231
srun: launch/slurm: _step_signal: Terminating StepId=2098728.19

</pre>
<h3>BO/libxc/r-2/test.inp</h3>
<p><a href='BO/libxc/r-2/test.out'>BO/libxc/r-2/test.out</a></p>
<p class="cat">Some values in the output could not be found.</p>
<ol>
<li><pre>SCALAR 'TOTAL ENERGY =' 4</pre></li>
</ol>
<p class="cat">Test run gave a non-zero return code.</p>
<p>Last 20 lines of output:</p>
<pre class="grey">
 PRINT INTERMEDIATE RESULTS EVERY                     10001 STEPS
 STORE INTERMEDIATE RESULTS EVERY                     10001 STEPS
 STORE INTERMEDIATE RESULTS EVERY         3 SELF-CONSISTENT STEPS
 NUMBER OF DISTINCT RESTART FILES:                              1
 TEMPERATURE IS CALCULATED ASSUMING EXTENDED BULK BEHAVIOR 
 FICTITIOUS ELECTRON MASS:                               400.0000
 TIME STEP FOR ELECTRONS:                                 20.6707
 TIME STEP FOR IONS:                                      20.6707
 TRAJECTORIES ARE SAVED ON FILE
 ELECTRON DYNAMICS: THE TEMPERATURE IS NOT CONTROLLED
 ION DYNAMICS:      THE TEMPERATURE IS NOT CONTROLLED
 ASPC WAVEFUNCTION EXTRAPOLATION (MAX. HISTORY)                 6
 SPLINE INTERPOLATION IN G-SPACE FOR PSEUDOPOTENTIAL FUNCTIONS
    NUMBER OF SPLINE POINTS:                                 5000
 
 EXCHANGE-CORRELATION FUNCTIONALS:
 
    100.0% LIBXC GGA_XC_XLYP
           GC-CUTOFF VALUE FOR GRADIENT SMOOTHING:     1.0000E-08

</pre>
<p class="cat">Test run gave some standard error.</p>
<p>Last 20 lines of standard error:</p>
<pre class="grey">
srun: Job step aborted: Waiting up to 32 seconds for job step to finish.
Abort(999) on node 0 (rank 0 in comm 0): application called MPI_Abort(MPI_COMM_WORLD, 999) - process 0
In: PMI_Abort(999, application called MPI_Abort(MPI_COMM_WORLD, 999) - process 0)
Abort(999) on node 1 (rank 1 in comm 0): application called MPI_Abort(MPI_COMM_WORLD, 999) - process 1
In: PMI_Abort(999, application called MPI_Abort(MPI_COMM_WORLD, 999) - process 1)
slurmstepd: error: *** STEP 2098728.763 ON m0676 CANCELLED AT 2023-02-28T00:32:16 ***
srun: error: m0676: tasks 0-1: Exited with exit code 231
srun: launch/slurm: _step_signal: Terminating StepId=2098728.763

</pre>
<h3>GEO/libxc/u-5/test.inp</h3>
<p><a href='GEO/libxc/u-5/test.out'>GEO/libxc/u-5/test.out</a></p>
<p class="cat">Some values in the output could not be found.</p>
<ol>
<li><pre>SCALAR 'TOTAL ENERGY =' 4</pre></li>
</ol>
<p class="cat">Test run gave a non-zero return code.</p>
<p>Last 20 lines of output:</p>
<pre class="grey">
   SIZE OF GDIIS MATRIX:                                        2
 EMPIRICAL INITIAL HESSIAN (DISCO PARAMETRISATION) 
 SPLINE INTERPOLATION IN G-SPACE FOR PSEUDOPOTENTIAL FUNCTIONS
    NUMBER OF SPLINE POINTS:                                 5000
 
 EXCHANGE-CORRELATION FUNCTIONALS:
 
      8.0% LIBXC LDA_X
     72.0% LIBXC GGA_X_B88
     81.0% LIBXC GGA_C_LYP
     19.0% LIBXC LDA_C_VWN_RPA
           GC-CUTOFF VALUE FOR GRADIENT SMOOTHING:     1.0000E-08
 
     20.0% HFX   EXACT EXCHANGE
           HFX PARAMETERS ARE NON-DEFAULT

 USE NEW HFX MODULE                                             T
 USE BLOCK CYCLIC DISTRIBUTION
 BLOCK SIZE                                                     2

</pre>
<p class="cat">Test run gave some standard error.</p>
<p>Last 20 lines of standard error:</p>
<pre class="grey">
srun: Job step aborted: Waiting up to 32 seconds for job step to finish.
Abort(999) on node 0 (rank 0 in comm 0): application called MPI_Abort(MPI_COMM_WORLD, 999) - process 0
In: PMI_Abort(999, application called MPI_Abort(MPI_COMM_WORLD, 999) - process 0)
Abort(999) on node 1 (rank 1 in comm 0): application called MPI_Abort(MPI_COMM_WORLD, 999) - process 1
In: PMI_Abort(999, application called MPI_Abort(MPI_COMM_WORLD, 999) - process 1)
slurmstepd: error: *** STEP 2098728.292 ON m0676 CANCELLED AT 2023-02-28T00:29:12 ***
srun: error: m0676: tasks 0-1: Exited with exit code 231
srun: launch/slurm: _step_signal: Terminating StepId=2098728.292

</pre>
<h3>TD/libxc/n-3/w.inp</h3>
<p><a href='TD/libxc/n-3/w.out'>TD/libxc/n-3/w.out</a></p>
<p class="cat">Some values in the output could not be found.</p>
<ol>
<li><pre>SCALAR 'CHKSUM\(EIGENVALUES\) =' 2</pre></li>
</ol>
<p class="cat">Test run gave a non-zero return code.</p>
<p>Last 20 lines of output:</p>
<pre class="grey">
 CONVERGENCE CRITERIA FOR WAVEFUNCTION OPTIMIZATION:   1.0000E-04
 WAVEFUNCTION OPTIMIZATION BY PRECONDITIONED DIIS
 THRESHOLD FOR THE WF-HESSIAN IS                           0.5000
 MAXIMUM NUMBER OF VECTORS RETAINED FOR DIIS:                  10
 STEPS UNTIL DIIS RESET ON POOR PROGRESS:                      10
 FULL ELECTRONIC GRADIENT IS USED 
 SPLINE INTERPOLATION IN G-SPACE FOR PSEUDOPOTENTIAL FUNCTIONS
    NUMBER OF SPLINE POINTS:                                 5000
 
 EXCHANGE-CORRELATION FUNCTIONALS:
 
    100.0% LIBXC HYB_GGA_XC_B3LYP
           GC-CUTOFF VALUE FOR GRADIENT SMOOTHING:     1.0000E-08
 
     20.0% HFX   EXACT EXCHANGE

 USE NEW HFX MODULE                                             T
 USE BLOCK CYCLIC DISTRIBUTION
 BLOCK SIZE                                                     2

</pre>
<p class="cat">Test run gave some standard error.</p>
<p>Last 20 lines of standard error:</p>
<pre class="grey">
srun: Job step aborted: Waiting up to 32 seconds for job step to finish.
Abort(999) on node 0 (rank 0 in comm 0): application called MPI_Abort(MPI_COMM_WORLD, 999) - process 0
In: PMI_Abort(999, application called MPI_Abort(MPI_COMM_WORLD, 999) - process 0)
Abort(999) on node 1 (rank 1 in comm 0): application called MPI_Abort(MPI_COMM_WORLD, 999) - process 1
In: PMI_Abort(999, application called MPI_Abort(MPI_COMM_WORLD, 999) - process 1)
slurmstepd: error: *** STEP 2098728.719 ON m0676 CANCELLED AT 2023-02-28T00:32:05 ***
slurmstepd: error: *** STEP 2098728.719 ON m0676 CANCELLED AT 2023-02-28T00:32:05 ***
srun: error: m0676: tasks 0-1: Exited with exit code 231
srun: launch/slurm: _step_signal: Terminating StepId=2098728.719

</pre>
<h3>QMMM/ACETONE_WATER_mdbo_s0/test.inp</h3>
<p><a href='QMMM/ACETONE_WATER_mdbo_s0/test.out'>QMMM/ACETONE_WATER_mdbo_s0/test.out</a></p>
<p class="cat">Some values in the output could not be found.</p>
<ol>
<li><pre>SCALAR 'TOTAL ENERGY =' 4</pre></li>
</ol>
<p class="cat">Test run gave a non-zero return code.</p>
<p>Last 20 lines of output:</p>
<pre class="grey">

 !!!!!!!!!!!!!!!!!!!!!!!!!!!!!!!!!!!!!!!!!!!!!!!!!!!!!!!!!!!!!!!!
 WARNING!
       NEWCODE AND OLDCODE WILL BE DEPRECATED IN A FUTURE RELEASE
       PLEASE SWITCH TO THE NEW XC DRIVER AND/OR LIBXC
       (KEYWORD: XC_DRIVER IN &DFT)
 !!!!!!!!!!!!!!!!!!!!!!!!!!!!!!!!!!!!!!!!!!!!!!!!!!!!!!!!!!!!!!!!
 
 EXCHANGE CORRELATION FUNCTIONALS 
    LDA EXCHANGE:                                            NONE
    LDA XC THROUGH PADE APPROXIMATION
    S.GOEDECKER, J.HUTTER, M.TETER PRB 541703 (1996)
    GRADIENT CORRECTED FUNCTIONAL
    DENSITY THRESHOLD:                                1.00000E-06
    EXCHANGE ENERGY
       [PBE: J.P. PERDEW ET AL. PRL 77, 3865 (1996)]
    CORRELATION ENERGY 
       [PBE: J.P. PERDEW ET AL. PRL 77, 3865 (1996)]
 

</pre>
<p class="cat">Test run gave some standard error.</p>
<p>Last 20 lines of standard error:</p>
<pre class="grey">
srun: Job step aborted: Waiting up to 32 seconds for job step to finish.
Abort(999) on node 0 (rank 0 in comm 0): application called MPI_Abort(MPI_COMM_WORLD, 999) - process 0
In: PMI_Abort(999, application called MPI_Abort(MPI_COMM_WORLD, 999) - process 0)
Abort(999) on node 1 (rank 1 in comm 0): application called MPI_Abort(MPI_COMM_WORLD, 999) - process 1
In: PMI_Abort(999, application called MPI_Abort(MPI_COMM_WORLD, 999) - process 1)
slurmstepd: error: *** STEP 2098728.16 ON m0676 CANCELLED AT 2023-02-28T00:23:07 ***
srun: error: m0676: tasks 0-1: Exited with exit code 231
srun: launch/slurm: _step_signal: Terminating StepId=2098728.16

</pre>
<h3>QMMM/ACETONE_WATER_mdbo_s0/test_keep_wfn.inp</h3>
<p><a href='QMMM/ACETONE_WATER_mdbo_s0/test_keep_wfn.out'>QMMM/ACETONE_WATER_mdbo_s0/test_keep_wfn.out</a></p>
<p class="cat">Some values in the output could not be found.</p>
<ol>
<li><pre>SCALAR 'TOTAL ENERGY =' 4</pre></li>
</ol>
<p class="cat">Test run gave a non-zero return code.</p>
<p>Last 20 lines of output:</p>
<pre class="grey">

 !!!!!!!!!!!!!!!!!!!!!!!!!!!!!!!!!!!!!!!!!!!!!!!!!!!!!!!!!!!!!!!!
 WARNING!
       NEWCODE AND OLDCODE WILL BE DEPRECATED IN A FUTURE RELEASE
       PLEASE SWITCH TO THE NEW XC DRIVER AND/OR LIBXC
       (KEYWORD: XC_DRIVER IN &DFT)
 !!!!!!!!!!!!!!!!!!!!!!!!!!!!!!!!!!!!!!!!!!!!!!!!!!!!!!!!!!!!!!!!
 
 EXCHANGE CORRELATION FUNCTIONALS 
    LDA EXCHANGE:                                            NONE
    LDA XC THROUGH PADE APPROXIMATION
    S.GOEDECKER, J.HUTTER, M.TETER PRB 541703 (1996)
    GRADIENT CORRECTED FUNCTIONAL
    DENSITY THRESHOLD:                                1.00000E-06
    EXCHANGE ENERGY
       [PBE: J.P. PERDEW ET AL. PRL 77, 3865 (1996)]
    CORRELATION ENERGY 
       [PBE: J.P. PERDEW ET AL. PRL 77, 3865 (1996)]
 

</pre>
<p class="cat">Test run gave some standard error.</p>
<p>Last 20 lines of standard error:</p>
<pre class="grey">
srun: Job step aborted: Waiting up to 32 seconds for job step to finish.
Abort(999) on node 0 (rank 0 in comm 0): application called MPI_Abort(MPI_COMM_WORLD, 999) - process 0
In: PMI_Abort(999, application called MPI_Abort(MPI_COMM_WORLD, 999) - process 0)
Abort(999) on node 1 (rank 1 in comm 0): application called MPI_Abort(MPI_COMM_WORLD, 999) - process 1
In: PMI_Abort(999, application called MPI_Abort(MPI_COMM_WORLD, 999) - process 1)
slurmstepd: error: *** STEP 2098728.18 ON m0676 CANCELLED AT 2023-02-28T00:23:07 ***
srun: error: m0676: tasks 0-1: Exited with exit code 231
srun: launch/slurm: _step_signal: Terminating StepId=2098728.18

</pre>
<h3>SP/libxc/nh3-u-3/nh3.inp</h3>
<p><a href='SP/libxc/nh3-u-3/nh3.out'>SP/libxc/nh3-u-3/nh3.out</a></p>
<p class="cat">Some values in the output could not be found.</p>
<ol>
<li><pre>SCALAR 'TOTAL ENERGY =' 4</pre></li>
</ol>
<p class="cat">Test run gave a non-zero return code.</p>
<p>Last 20 lines of output:</p>
<pre class="grey">
 CONVERGENCE CRITERIA FOR WAVEFUNCTION OPTIMIZATION:   1.0000E-06
 WAVEFUNCTION OPTIMIZATION BY PRECONDITIONED DIIS
 THRESHOLD FOR THE WF-HESSIAN IS                           0.5000
 MAXIMUM NUMBER OF VECTORS RETAINED FOR DIIS:                  10
 STEPS UNTIL DIIS RESET ON POOR PROGRESS:                      10
 FULL ELECTRONIC GRADIENT IS USED 
 SPLINE INTERPOLATION IN G-SPACE FOR PSEUDOPOTENTIAL FUNCTIONS
    NUMBER OF SPLINE POINTS:                                 5000
 
 EXCHANGE-CORRELATION FUNCTIONALS:
 
    100.0% LIBXC HYB_GGA_XC_B3LYP
           GC-CUTOFF VALUE FOR GRADIENT SMOOTHING:     1.0000E-08
 
     20.0% HFX   EXACT EXCHANGE

 USE NEW HFX MODULE                                             T
 USE BLOCK CYCLIC DISTRIBUTION
 BLOCK SIZE                                                     2

</pre>
<p class="cat">Test run gave some standard error.</p>
<p>Last 20 lines of standard error:</p>
<pre class="grey">
srun: Job step aborted: Waiting up to 32 seconds for job step to finish.
Abort(999) on node 0 (rank 0 in comm 0): application called MPI_Abort(MPI_COMM_WORLD, 999) - process 0
In: PMI_Abort(999, application called MPI_Abort(MPI_COMM_WORLD, 999) - process 0)
Abort(999) on node 1 (rank 1 in comm 0): application called MPI_Abort(MPI_COMM_WORLD, 999) - process 1
In: PMI_Abort(999, application called MPI_Abort(MPI_COMM_WORLD, 999) - process 1)
slurmstepd: error: *** STEP 2098728.20 ON m0676 CANCELLED AT 2023-02-28T00:23:08 ***
srun: error: m0676: tasks 0-1: Exited with exit code 231
srun: launch/slurm: _step_signal: Terminating StepId=2098728.20

</pre>
<h3>SP/libxc/h2o-1/test.inp</h3>
<p><a href='SP/libxc/h2o-1/test.out'>SP/libxc/h2o-1/test.out</a></p>
<p class="cat">Something went wrong in the CPQA driver script.</p>
<ol>
<li><pre>Traceback (most recent call last):
  File "/home/titan/nfcc/nfcc02/cpmd_merge_github/cpqa/src/cpqa/tests.py", line 132, in harvest_file
    fragment.digest()
  File "/home/titan/nfcc/nfcc02/cpmd_merge_github/cpqa/src/cpqa/tests.py", line 63, in digest
    self.value = float(self.lines[0].split()[self.column])
ValueError: could not convert string to float: 'TOTAL
</pre></li>
</ol>
<p class="cat">Some values in the output could not be found.</p>
<ol>
<li><pre>SCALAR 'TOTAL ENERGY =' 4</pre></li>
</ol>
<p class="cat">Test run gave a non-zero return code.</p>
<p>Last 20 lines of output:</p>
<pre class="grey">
    100.0% LIBXC HYB_GGA_XC_CAM_B3LYP
           CP EXCHANGE FUNCTIONALS ARE COULOMB-ATTENUATED (CAM)
           MU [BOHR]: 0.33000 ; ALPHA: 0.19000 ; BETA: 0.46000
           GC-CUTOFF VALUE FOR GRADIENT SMOOTHING:     1.0000E-08
 
     19.0% SR    EXACT EXCHANGE
     65.0% LR    EXACT EXCHANGE
           HFX IS COULOMB-ATTENUATED (CAM)
           MU [BOHR]: 0.33000 ; ALPHA: 0.19000 ; BETA: 0.46000

 FOR THE RECIPROCAL SPACE IMPLEMENTATION OF CAM, PLEASE REFER TO:
                                M.P. Bircher and U. Rothlisberger
              J. Chem. Theory Comput., 2018, 14 (6), pp 3184–3195
                                    DOI: 10.1021/acs.jctc.8b00069


 USE NEW HFX MODULE                                             T
 USE BLOCK CYCLIC DISTRIBUTION
 BLOCK SIZE                                                     2

</pre>
<p class="cat">Test run gave some standard error.</p>
<p>Last 20 lines of standard error:</p>
<pre class="grey">
srun: Job step aborted: Waiting up to 32 seconds for job step to finish.
Abort(999) on node 0 (rank 0 in comm 0): application called MPI_Abort(MPI_COMM_WORLD, 999) - process 0
In: PMI_Abort(999, application called MPI_Abort(MPI_COMM_WORLD, 999) - process 0)
Abort(999) on node 1 (rank 1 in comm 0): application called MPI_Abort(MPI_COMM_WORLD, 999) - process 1
In: PMI_Abort(999, application called MPI_Abort(MPI_COMM_WORLD, 999) - process 1)
slurmstepd: error: *** STEP 2098728.23 ON m0676 CANCELLED AT 2023-02-28T00:23:08 ***
srun: error: m0676: tasks 0-1: Exited with exit code 231
srun: launch/slurm: _step_signal: Terminating StepId=2098728.23

</pre>
<h3>GEO/libxc/r-3/test.inp</h3>
<p><a href='GEO/libxc/r-3/test.out'>GEO/libxc/r-3/test.out</a></p>
<p class="cat">Some values in the output could not be found.</p>
<ol>
<li><pre>SCALAR 'TOTAL ENERGY =' 4</pre></li>
</ol>
<p class="cat">Test run gave a non-zero return code.</p>
<p>Last 20 lines of output:</p>
<pre class="grey">
 STEPS UNTIL DIIS RESET ON POOR PROGRESS:                      10
 FULL ELECTRONIC GRADIENT IS USED 
 CONVERGENCE CRITERIA FOR GEOMETRY OPTIMIZATION:     5.000000E-04
 GEOMETRY OPTIMIZATION BY GDIIS/BFGS      
   SIZE OF GDIIS MATRIX:                                        2
 EMPIRICAL INITIAL HESSIAN (DISCO PARAMETRISATION) 
 SPLINE INTERPOLATION IN G-SPACE FOR PSEUDOPOTENTIAL FUNCTIONS
    NUMBER OF SPLINE POINTS:                                 5000
 
 EXCHANGE-CORRELATION FUNCTIONALS:
 
    100.0% LIBXC HYB_GGA_XC_B3LYP
           GC-CUTOFF VALUE FOR GRADIENT SMOOTHING:     1.0000E-08
 
     20.0% HFX   EXACT EXCHANGE

 USE NEW HFX MODULE                                             T
 USE BLOCK CYCLIC DISTRIBUTION
 BLOCK SIZE                                                     2

</pre>
<p class="cat">Test run gave some standard error.</p>
<p>Last 20 lines of standard error:</p>
<pre class="grey">
srun: Job step aborted: Waiting up to 32 seconds for job step to finish.
Abort(999) on node 0 (rank 0 in comm 0): application called MPI_Abort(MPI_COMM_WORLD, 999) - process 0
In: PMI_Abort(999, application called MPI_Abort(MPI_COMM_WORLD, 999) - process 0)
Abort(999) on node 1 (rank 1 in comm 0): application called MPI_Abort(MPI_COMM_WORLD, 999) - process 1
In: PMI_Abort(999, application called MPI_Abort(MPI_COMM_WORLD, 999) - process 1)
slurmstepd: error: *** STEP 2098728.499 ON m0676 CANCELLED AT 2023-02-28T00:30:54 ***
slurmstepd: error: *** STEP 2098728.499 ON m0676 CANCELLED AT 2023-02-28T00:30:54 ***
srun: error: m0676: tasks 0-1: Exited with exit code 231
srun: launch/slurm: _step_signal: Terminating StepId=2098728.499

</pre>
<h3>QMMM/bio_systems/amber/cnstr/atp_blyp_cpmd_capH_cnstr.inp</h3>
<p><a href='QMMM/bio_systems/amber/cnstr/atp_blyp_cpmd_capH_cnstr.out'>QMMM/bio_systems/amber/cnstr/atp_blyp_cpmd_capH_cnstr.out</a></p>
<p class="cat">Some values in the output could not be found.</p>
<ol>
<li><pre>SCALAR 'TOTAL ENERGY =' 4</pre></li>
</ol>
<p class="cat">Test run gave a non-zero return code.</p>
<p>Last 20 lines of output:</p>
<pre class="grey">
 !!!!!!!!!!!!!!!!!!!!!!!!!!!!!!!!!!!!!!!!!!!!!!!!!!!!!!!!!!!!!!!!
 WARNING!
       NEWCODE AND OLDCODE WILL BE DEPRECATED IN A FUTURE RELEASE
       PLEASE SWITCH TO THE NEW XC DRIVER AND/OR LIBXC
       (KEYWORD: XC_DRIVER IN &DFT)
 !!!!!!!!!!!!!!!!!!!!!!!!!!!!!!!!!!!!!!!!!!!!!!!!!!!!!!!!!!!!!!!!
 
 EXCHANGE CORRELATION FUNCTIONALS 
    LDA EXCHANGE:                        SLATER (ALPHA = 0.66667)
    LDA CORRELATION:                             LEE, YANG & PARR
       [C.L. LEE, W. YANG, AND R.G. PARR, PRB 37785 (1988)]
    GRADIENT CORRECTED FUNCTIONAL
    DENSITY THRESHOLD:                                1.00000E-06
    EXCHANGE ENERGY
       [A.D. BECKE, PHYS. REV. A 38, 3098 (1988)]
       PARAMETER BETA:                                   0.004200
    CORRELATION ENERGY
       [LYP: C.L. LEE ET AL. PHYS. REV. B 37, 785 (1988)]
 

</pre>
<p class="cat">Test run gave some standard error.</p>
<p>Last 20 lines of standard error:</p>
<pre class="grey">
srun: Job step aborted: Waiting up to 32 seconds for job step to finish.
Abort(999) on node 0 (rank 0 in comm 0): application called MPI_Abort(MPI_COMM_WORLD, 999) - process 0
In: PMI_Abort(999, application called MPI_Abort(MPI_COMM_WORLD, 999) - process 0)
Abort(999) on node 1 (rank 1 in comm 0): application called MPI_Abort(MPI_COMM_WORLD, 999) - process 1
In: PMI_Abort(999, application called MPI_Abort(MPI_COMM_WORLD, 999) - process 1)
slurmstepd: error: *** STEP 2098728.24 ON m0676 CANCELLED AT 2023-02-28T00:23:08 ***
srun: error: m0676: tasks 0-1: Exited with exit code 231
srun: launch/slurm: _step_signal: Terminating StepId=2098728.24

</pre>
<h3>SP/libxc/nh3-2/nh3.inp</h3>
<p><a href='SP/libxc/nh3-2/nh3.out'>SP/libxc/nh3-2/nh3.out</a></p>
<p class="cat">Some values in the output could not be found.</p>
<ol>
<li><pre>SCALAR 'TOTAL ENERGY =' 4</pre></li>
</ol>
<p class="cat">Test run gave a non-zero return code.</p>
<p>Last 20 lines of output:</p>
<pre class="grey">
 STORE INTERMEDIATE RESULTS EVERY                     10001 STEPS
 NUMBER OF DISTINCT RESTART FILES:                              1
 TEMPERATURE IS CALCULATED ASSUMING EXTENDED BULK BEHAVIOR 
 FICTITIOUS ELECTRON MASS:                               400.0000
 TIME STEP FOR ELECTRONS:                                  5.0000
 TIME STEP FOR IONS:                                       5.0000
 CONVERGENCE CRITERIA FOR WAVEFUNCTION OPTIMIZATION:   1.0000E-06
 WAVEFUNCTION OPTIMIZATION BY PRECONDITIONED DIIS
 THRESHOLD FOR THE WF-HESSIAN IS                           0.5000
 MAXIMUM NUMBER OF VECTORS RETAINED FOR DIIS:                  10
 STEPS UNTIL DIIS RESET ON POOR PROGRESS:                      10
 FULL ELECTRONIC GRADIENT IS USED 
 SPLINE INTERPOLATION IN G-SPACE FOR PSEUDOPOTENTIAL FUNCTIONS
    NUMBER OF SPLINE POINTS:                                 5000
 
 EXCHANGE-CORRELATION FUNCTIONALS:
 
    100.0% LIBXC GGA_XC_XLYP
           GC-CUTOFF VALUE FOR GRADIENT SMOOTHING:     1.0000E-08

</pre>
<p class="cat">Test run gave some standard error.</p>
<p>Last 20 lines of standard error:</p>
<pre class="grey">
srun: Job step aborted: Waiting up to 32 seconds for job step to finish.
Abort(999) on node 0 (rank 0 in comm 0): application called MPI_Abort(MPI_COMM_WORLD, 999) - process 0
In: PMI_Abort(999, application called MPI_Abort(MPI_COMM_WORLD, 999) - process 0)
Abort(999) on node 1 (rank 1 in comm 0): application called MPI_Abort(MPI_COMM_WORLD, 999) - process 1
In: PMI_Abort(999, application called MPI_Abort(MPI_COMM_WORLD, 999) - process 1)
slurmstepd: error: *** STEP 2098728.25 ON m0676 CANCELLED AT 2023-02-28T00:23:08 ***
srun: error: m0676: tasks 0-1: Exited with exit code 231
srun: launch/slurm: _step_signal: Terminating StepId=2098728.25

</pre>
<h3>SP/libxc/nh3-3/nh3.inp</h3>
<p><a href='SP/libxc/nh3-3/nh3.out'>SP/libxc/nh3-3/nh3.out</a></p>
<p class="cat">Some values in the output could not be found.</p>
<ol>
<li><pre>SCALAR 'TOTAL ENERGY =' 4</pre></li>
</ol>
<p class="cat">Test run gave a non-zero return code.</p>
<p>Last 20 lines of output:</p>
<pre class="grey">
 CONVERGENCE CRITERIA FOR WAVEFUNCTION OPTIMIZATION:   1.0000E-06
 WAVEFUNCTION OPTIMIZATION BY PRECONDITIONED DIIS
 THRESHOLD FOR THE WF-HESSIAN IS                           0.5000
 MAXIMUM NUMBER OF VECTORS RETAINED FOR DIIS:                  10
 STEPS UNTIL DIIS RESET ON POOR PROGRESS:                      10
 FULL ELECTRONIC GRADIENT IS USED 
 SPLINE INTERPOLATION IN G-SPACE FOR PSEUDOPOTENTIAL FUNCTIONS
    NUMBER OF SPLINE POINTS:                                 5000
 
 EXCHANGE-CORRELATION FUNCTIONALS:
 
    100.0% LIBXC HYB_GGA_XC_B3LYP
           GC-CUTOFF VALUE FOR GRADIENT SMOOTHING:     1.0000E-08
 
     20.0% HFX   EXACT EXCHANGE

 USE NEW HFX MODULE                                             T
 USE BLOCK CYCLIC DISTRIBUTION
 BLOCK SIZE                                                     2

</pre>
<p class="cat">Test run gave some standard error.</p>
<p>Last 20 lines of standard error:</p>
<pre class="grey">
srun: Job step aborted: Waiting up to 32 seconds for job step to finish.
Abort(999) on node 0 (rank 0 in comm 0): application called MPI_Abort(MPI_COMM_WORLD, 999) - process 0
In: PMI_Abort(999, application called MPI_Abort(MPI_COMM_WORLD, 999) - process 0)
Abort(999) on node 1 (rank 1 in comm 0): application called MPI_Abort(MPI_COMM_WORLD, 999) - process 1
In: PMI_Abort(999, application called MPI_Abort(MPI_COMM_WORLD, 999) - process 1)
slurmstepd: error: *** STEP 2098728.22 ON m0676 CANCELLED AT 2023-02-28T00:23:08 ***
slurmstepd: error: *** STEP 2098728.22 ON m0676 CANCELLED AT 2023-02-28T00:23:08 ***
srun: error: m0676: tasks 0-1: Exited with exit code 231
srun: launch/slurm: _step_signal: Terminating StepId=2098728.22

</pre>
<h3>QMMM/bio_systems/amber/metadyn/atp_blyp_cpmd_capH_mtd.inp</h3>
<p><a href='QMMM/bio_systems/amber/metadyn/atp_blyp_cpmd_capH_mtd.out'>QMMM/bio_systems/amber/metadyn/atp_blyp_cpmd_capH_mtd.out</a></p>
<p class="cat">Some values in the output could not be found.</p>
<ol>
<li><pre>SCALAR 'TOTAL ENERGY =' 4</pre></li>
</ol>
<p class="cat">Test run gave a non-zero return code.</p>
<p>Last 20 lines of output:</p>
<pre class="grey">
 !!!!!!!!!!!!!!!!!!!!!!!!!!!!!!!!!!!!!!!!!!!!!!!!!!!!!!!!!!!!!!!!
 WARNING!
       NEWCODE AND OLDCODE WILL BE DEPRECATED IN A FUTURE RELEASE
       PLEASE SWITCH TO THE NEW XC DRIVER AND/OR LIBXC
       (KEYWORD: XC_DRIVER IN &DFT)
 !!!!!!!!!!!!!!!!!!!!!!!!!!!!!!!!!!!!!!!!!!!!!!!!!!!!!!!!!!!!!!!!
 
 EXCHANGE CORRELATION FUNCTIONALS 
    LDA EXCHANGE:                        SLATER (ALPHA = 0.66667)
    LDA CORRELATION:                             LEE, YANG & PARR
       [C.L. LEE, W. YANG, AND R.G. PARR, PRB 37785 (1988)]
    GRADIENT CORRECTED FUNCTIONAL
    DENSITY THRESHOLD:                                1.00000E-06
    EXCHANGE ENERGY
       [A.D. BECKE, PHYS. REV. A 38, 3098 (1988)]
       PARAMETER BETA:                                   0.004200
    CORRELATION ENERGY
       [LYP: C.L. LEE ET AL. PHYS. REV. B 37, 785 (1988)]
 

</pre>
<p class="cat">Test run gave some standard error.</p>
<p>Last 20 lines of standard error:</p>
<pre class="grey">
srun: Job step aborted: Waiting up to 32 seconds for job step to finish.
Abort(999) on node 0 (rank 0 in comm 0): application called MPI_Abort(MPI_COMM_WORLD, 999) - process 0
In: PMI_Abort(999, application called MPI_Abort(MPI_COMM_WORLD, 999) - process 0)
Abort(999) on node 1 (rank 1 in comm 0): application called MPI_Abort(MPI_COMM_WORLD, 999) - process 1
In: PMI_Abort(999, application called MPI_Abort(MPI_COMM_WORLD, 999) - process 1)
slurmstepd: error: *** STEP 2098728.21 ON m0676 CANCELLED AT 2023-02-28T00:23:08 ***
srun: error: m0676: tasks 0-1: Exited with exit code 231
srun: launch/slurm: _step_signal: Terminating StepId=2098728.21

</pre>
<h3>GEO/libxc/r-4/test.inp</h3>
<p><a href='GEO/libxc/r-4/test.out'>GEO/libxc/r-4/test.out</a></p>
<p class="cat">Some values in the output could not be found.</p>
<ol>
<li><pre>SCALAR 'TOTAL ENERGY =' 4</pre></li>
</ol>
<p class="cat">Test run gave a non-zero return code.</p>
<p>Last 20 lines of output:</p>
<pre class="grey">
    100.0% LIBXC HYB_GGA_XC_CAM_B3LYP
           CP EXCHANGE FUNCTIONALS ARE COULOMB-ATTENUATED (CAM)
           MU [BOHR]: 0.33000 ; ALPHA: 0.19000 ; BETA: 0.46000
           GC-CUTOFF VALUE FOR GRADIENT SMOOTHING:     1.0000E-08
 
     19.0% SR    EXACT EXCHANGE
     65.0% LR    EXACT EXCHANGE
           HFX IS COULOMB-ATTENUATED (CAM)
           MU [BOHR]: 0.33000 ; ALPHA: 0.19000 ; BETA: 0.46000

 FOR THE RECIPROCAL SPACE IMPLEMENTATION OF CAM, PLEASE REFER TO:
                                M.P. Bircher and U. Rothlisberger
              J. Chem. Theory Comput., 2018, 14 (6), pp 3184–3195
                                    DOI: 10.1021/acs.jctc.8b00069


 USE NEW HFX MODULE                                             T
 USE BLOCK CYCLIC DISTRIBUTION
 BLOCK SIZE                                                     2

</pre>
<p class="cat">Test run gave some standard error.</p>
<p>Last 20 lines of standard error:</p>
<pre class="grey">
srun: Job step aborted: Waiting up to 32 seconds for job step to finish.
Abort(999) on node 0 (rank 0 in comm 0): application called MPI_Abort(MPI_COMM_WORLD, 999) - process 0
In: PMI_Abort(999, application called MPI_Abort(MPI_COMM_WORLD, 999) - process 0)
Abort(999) on node 1 (rank 1 in comm 0): application called MPI_Abort(MPI_COMM_WORLD, 999) - process 1
In: PMI_Abort(999, application called MPI_Abort(MPI_COMM_WORLD, 999) - process 1)
slurmstepd: error: *** STEP 2098728.500 ON m0676 CANCELLED AT 2023-02-28T00:30:54 ***
srun: error: m0676: tasks 0-1: Exited with exit code 231
srun: launch/slurm: _step_signal: Terminating StepId=2098728.500

</pre>
<h3>SP/libxc/nh3-5/nh3.inp</h3>
<p><a href='SP/libxc/nh3-5/nh3.out'>SP/libxc/nh3-5/nh3.out</a></p>
<p class="cat">Some values in the output could not be found.</p>
<ol>
<li><pre>SCALAR 'TOTAL ENERGY =' 4</pre></li>
</ol>
<p class="cat">Test run gave a non-zero return code.</p>
<p>Last 20 lines of output:</p>
<pre class="grey">
 STEPS UNTIL DIIS RESET ON POOR PROGRESS:                      10
 FULL ELECTRONIC GRADIENT IS USED 
 SPLINE INTERPOLATION IN G-SPACE FOR PSEUDOPOTENTIAL FUNCTIONS
    NUMBER OF SPLINE POINTS:                                 5000
 
 EXCHANGE-CORRELATION FUNCTIONALS:
 
      8.0% LIBXC LDA_X
     72.0% LIBXC GGA_X_B88
     81.0% LIBXC GGA_C_LYP
     19.0% LIBXC LDA_C_VWN_RPA
           GC-CUTOFF VALUE FOR GRADIENT SMOOTHING:     1.0000E-08
 
     20.0% HFX   EXACT EXCHANGE
           HFX PARAMETERS ARE NON-DEFAULT

 USE NEW HFX MODULE                                             T
 USE BLOCK CYCLIC DISTRIBUTION
 BLOCK SIZE                                                     2

</pre>
<p class="cat">Test run gave some standard error.</p>
<p>Last 20 lines of standard error:</p>
<pre class="grey">
srun: Job step aborted: Waiting up to 32 seconds for job step to finish.
Abort(999) on node 0 (rank 0 in comm 0): application called MPI_Abort(MPI_COMM_WORLD, 999) - process 0
In: PMI_Abort(999, application called MPI_Abort(MPI_COMM_WORLD, 999) - process 0)
Abort(999) on node 1 (rank 1 in comm 0): application called MPI_Abort(MPI_COMM_WORLD, 999) - process 1
In: PMI_Abort(999, application called MPI_Abort(MPI_COMM_WORLD, 999) - process 1)
slurmstepd: error: *** STEP 2098728.26 ON m0676 CANCELLED AT 2023-02-28T00:23:08 ***
slurmstepd: error: *** STEP 2098728.26 ON m0676 CANCELLED AT 2023-02-28T00:23:08 ***
srun: error: m0676: tasks 0-1: Exited with exit code 231
srun: launch/slurm: _step_signal: Terminating StepId=2098728.26

</pre>
<h3>GEO/libxc/u-3/test.inp</h3>
<p><a href='GEO/libxc/u-3/test.out'>GEO/libxc/u-3/test.out</a></p>
<p class="cat">Some values in the output could not be found.</p>
<ol>
<li><pre>SCALAR 'TOTAL ENERGY =' 4</pre></li>
</ol>
<p class="cat">Test run gave a non-zero return code.</p>
<p>Last 20 lines of output:</p>
<pre class="grey">
 STEPS UNTIL DIIS RESET ON POOR PROGRESS:                      10
 FULL ELECTRONIC GRADIENT IS USED 
 CONVERGENCE CRITERIA FOR GEOMETRY OPTIMIZATION:     5.000000E-04
 GEOMETRY OPTIMIZATION BY GDIIS/BFGS      
   SIZE OF GDIIS MATRIX:                                        2
 EMPIRICAL INITIAL HESSIAN (DISCO PARAMETRISATION) 
 SPLINE INTERPOLATION IN G-SPACE FOR PSEUDOPOTENTIAL FUNCTIONS
    NUMBER OF SPLINE POINTS:                                 5000
 
 EXCHANGE-CORRELATION FUNCTIONALS:
 
    100.0% LIBXC HYB_GGA_XC_B3LYP
           GC-CUTOFF VALUE FOR GRADIENT SMOOTHING:     1.0000E-08
 
     20.0% HFX   EXACT EXCHANGE

 USE NEW HFX MODULE                                             T
 USE BLOCK CYCLIC DISTRIBUTION
 BLOCK SIZE                                                     2

</pre>
<p class="cat">Test run gave some standard error.</p>
<p>Last 20 lines of standard error:</p>
<pre class="grey">
srun: Job step aborted: Waiting up to 32 seconds for job step to finish.
Abort(999) on node 0 (rank 0 in comm 0): application called MPI_Abort(MPI_COMM_WORLD, 999) - process 0
In: PMI_Abort(999, application called MPI_Abort(MPI_COMM_WORLD, 999) - process 0)
Abort(999) on node 1 (rank 1 in comm 0): application called MPI_Abort(MPI_COMM_WORLD, 999) - process 1
In: PMI_Abort(999, application called MPI_Abort(MPI_COMM_WORLD, 999) - process 1)
slurmstepd: error: *** STEP 2098728.293 ON m0676 CANCELLED AT 2023-02-28T00:29:12 ***
srun: error: m0676: tasks 0-1: Exited with exit code 231
srun: launch/slurm: _step_signal: Terminating StepId=2098728.293

</pre>
<h3>BO/libxc/r-3/test.inp</h3>
<p><a href='BO/libxc/r-3/test.out'>BO/libxc/r-3/test.out</a></p>
<p class="cat">Some values in the output could not be found.</p>
<ol>
<li><pre>SCALAR 'TOTAL ENERGY =' 4</pre></li>
</ol>
<p class="cat">Test run gave a non-zero return code.</p>
<p>Last 20 lines of output:</p>
<pre class="grey">
 TIME STEP FOR ELECTRONS:                                 20.6707
 TIME STEP FOR IONS:                                      20.6707
 TRAJECTORIES ARE SAVED ON FILE
 ELECTRON DYNAMICS: THE TEMPERATURE IS NOT CONTROLLED
 ION DYNAMICS:      THE TEMPERATURE IS NOT CONTROLLED
 ASPC WAVEFUNCTION EXTRAPOLATION (MAX. HISTORY)                 6
 SPLINE INTERPOLATION IN G-SPACE FOR PSEUDOPOTENTIAL FUNCTIONS
    NUMBER OF SPLINE POINTS:                                 5000
 
 EXCHANGE-CORRELATION FUNCTIONALS:
 
    100.0% LIBXC HYB_GGA_XC_B3LYP
           GC-CUTOFF VALUE FOR GRADIENT SMOOTHING:     1.0000E-08
 
     20.0% HFX   EXACT EXCHANGE

 USE NEW HFX MODULE                                             T
 USE BLOCK CYCLIC DISTRIBUTION
 BLOCK SIZE                                                     2

</pre>
<p class="cat">Test run gave some standard error.</p>
<p>Last 20 lines of standard error:</p>
<pre class="grey">
srun: Job step aborted: Waiting up to 32 seconds for job step to finish.
Abort(999) on node 0 (rank 0 in comm 0): application called MPI_Abort(MPI_COMM_WORLD, 999) - process 0
In: PMI_Abort(999, application called MPI_Abort(MPI_COMM_WORLD, 999) - process 0)
Abort(999) on node 1 (rank 1 in comm 0): application called MPI_Abort(MPI_COMM_WORLD, 999) - process 1
In: PMI_Abort(999, application called MPI_Abort(MPI_COMM_WORLD, 999) - process 1)
slurmstepd: error: *** STEP 2098728.764 ON m0676 CANCELLED AT 2023-02-28T00:32:16 ***
srun: error: m0676: tasks 0-1: Exited with exit code 231
srun: launch/slurm: _step_signal: Terminating StepId=2098728.764

</pre>
<h3>QMMM/WATER_DIMER_solvent_BO/test.inp</h3>
<p><a href='QMMM/WATER_DIMER_solvent_BO/test.out'>QMMM/WATER_DIMER_solvent_BO/test.out</a></p>
<p class="cat">Some values in the output could not be found.</p>
<ol>
<li><pre>SCALAR 'TOTAL ENERGY =' 4</pre></li>
</ol>
<p class="cat">Test run gave a non-zero return code.</p>
<p>Last 20 lines of output:</p>
<pre class="grey">
 !!!!!!!!!!!!!!!!!!!!!!!!!!!!!!!!!!!!!!!!!!!!!!!!!!!!!!!!!!!!!!!!
 WARNING!
       NEWCODE AND OLDCODE WILL BE DEPRECATED IN A FUTURE RELEASE
       PLEASE SWITCH TO THE NEW XC DRIVER AND/OR LIBXC
       (KEYWORD: XC_DRIVER IN &DFT)
 !!!!!!!!!!!!!!!!!!!!!!!!!!!!!!!!!!!!!!!!!!!!!!!!!!!!!!!!!!!!!!!!
 
 EXCHANGE CORRELATION FUNCTIONALS 
    LDA EXCHANGE:                        SLATER (ALPHA = 0.66667)
    LDA CORRELATION:                             LEE, YANG & PARR
       [C.L. LEE, W. YANG, AND R.G. PARR, PRB 37785 (1988)]
    GRADIENT CORRECTED FUNCTIONAL
    DENSITY THRESHOLD:                                1.00000E-08
    EXCHANGE ENERGY
       [A.D. BECKE, PHYS. REV. A 38, 3098 (1988)]
       PARAMETER BETA:                                   0.004200
    CORRELATION ENERGY
       [LYP: C.L. LEE ET AL. PHYS. REV. B 37, 785 (1988)]
 

</pre>
<p class="cat">Test run gave some standard error.</p>
<p>Last 20 lines of standard error:</p>
<pre class="grey">
srun: Job step aborted: Waiting up to 32 seconds for job step to finish.
Abort(999) on node 0 (rank 0 in comm 0): application called MPI_Abort(MPI_COMM_WORLD, 999) - process 0
In: PMI_Abort(999, application called MPI_Abort(MPI_COMM_WORLD, 999) - process 0)
Abort(999) on node 1 (rank 1 in comm 0): application called MPI_Abort(MPI_COMM_WORLD, 999) - process 1
In: PMI_Abort(999, application called MPI_Abort(MPI_COMM_WORLD, 999) - process 1)
slurmstepd: error: *** STEP 2098728.27 ON m0676 CANCELLED AT 2023-02-28T00:23:08 ***
srun: error: m0676: tasks 0-1: Exited with exit code 231
srun: launch/slurm: _step_signal: Terminating StepId=2098728.27

</pre>
<h3>QMMM/WATER_DIMER_VDB/test.inp</h3>
<p><a href='QMMM/WATER_DIMER_VDB/test.out'>QMMM/WATER_DIMER_VDB/test.out</a></p>
<p class="cat">Some values in the output could not be found.</p>
<ol>
<li><pre>SCALAR 'TOTAL ENERGY =' 4</pre></li>
</ol>
<p class="cat">Test run gave a non-zero return code.</p>
<p>Last 20 lines of output:</p>
<pre class="grey">

 !!!!!!!!!!!!!!!!!!!!!!!!!!!!!!!!!!!!!!!!!!!!!!!!!!!!!!!!!!!!!!!!
 WARNING!
       NEWCODE AND OLDCODE WILL BE DEPRECATED IN A FUTURE RELEASE
       PLEASE SWITCH TO THE NEW XC DRIVER AND/OR LIBXC
       (KEYWORD: XC_DRIVER IN &DFT)
 !!!!!!!!!!!!!!!!!!!!!!!!!!!!!!!!!!!!!!!!!!!!!!!!!!!!!!!!!!!!!!!!
 
 EXCHANGE CORRELATION FUNCTIONALS 
    LDA EXCHANGE:                        SLATER (ALPHA = 0.66667)
    LDA CORRELATION:                              PERDEW & ZUNGER
       [J.P. PERDEW AND A ZUNGER, PRB 235048 (1981)]
    GRADIENT CORRECTED FUNCTIONAL
    DENSITY THRESHOLD:                                5.00000E-06
    EXCHANGE ENERGY
       [PBE: J.P. PERDEW ET AL. PRL 77, 3865 (1996)]
    CORRELATION ENERGY 
       [PBE: J.P. PERDEW ET AL. PRL 77, 3865 (1996)]
 

</pre>
<p class="cat">Test run gave some standard error.</p>
<p>Last 20 lines of standard error:</p>
<pre class="grey">
srun: Job step aborted: Waiting up to 32 seconds for job step to finish.
Abort(999) on node 0 (rank 0 in comm 0): application called MPI_Abort(MPI_COMM_WORLD, 999) - process 0
In: PMI_Abort(999, application called MPI_Abort(MPI_COMM_WORLD, 999) - process 0)
Abort(999) on node 1 (rank 1 in comm 0): application called MPI_Abort(MPI_COMM_WORLD, 999) - process 1
In: PMI_Abort(999, application called MPI_Abort(MPI_COMM_WORLD, 999) - process 1)
slurmstepd: error: *** STEP 2098728.28 ON m0676 CANCELLED AT 2023-02-28T00:23:08 ***
srun: error: m0676: tasks 0-1: Exited with exit code 231
srun: launch/slurm: _step_signal: Terminating StepId=2098728.28

</pre>
<h3>TD/libxc/n-1/w.inp</h3>
<p><a href='TD/libxc/n-1/w.out'>TD/libxc/n-1/w.out</a></p>
<p class="cat">Some values in the output could not be found.</p>
<ol>
<li><pre>SCALAR 'CHKSUM\(EIGENVALUES\) =' 2</pre></li>
</ol>
<p class="cat">Test run gave a non-zero return code.</p>
<p>Last 20 lines of output:</p>
<pre class="grey">
 NUMBER OF DISTINCT RESTART FILES:                              1
 TEMPERATURE IS CALCULATED ASSUMING EXTENDED BULK BEHAVIOR 
 FICTITIOUS ELECTRON MASS:                               400.0000
 TIME STEP FOR ELECTRONS:                                  5.0000
 TIME STEP FOR IONS:                                       5.0000
 CONVERGENCE CRITERIA FOR WAVEFUNCTION OPTIMIZATION:   1.0000E-04
 WAVEFUNCTION OPTIMIZATION BY PRECONDITIONED DIIS
 THRESHOLD FOR THE WF-HESSIAN IS                           0.5000
 MAXIMUM NUMBER OF VECTORS RETAINED FOR DIIS:                  10
 STEPS UNTIL DIIS RESET ON POOR PROGRESS:                      10
 FULL ELECTRONIC GRADIENT IS USED 
 SPLINE INTERPOLATION IN G-SPACE FOR PSEUDOPOTENTIAL FUNCTIONS
    NUMBER OF SPLINE POINTS:                                 5000
 
 EXCHANGE-CORRELATION FUNCTIONALS:
 
    100.0% LIBXC GGA_X_PBE
    100.0% LIBXC GGA_C_PBE
           GC-CUTOFF VALUE FOR GRADIENT SMOOTHING:     1.0000E-08

</pre>
<p class="cat">Test run gave some standard error.</p>
<p>Last 20 lines of standard error:</p>
<pre class="grey">
srun: Job step aborted: Waiting up to 32 seconds for job step to finish.
Abort(999) on node 0 (rank 0 in comm 0): application called MPI_Abort(MPI_COMM_WORLD, 999) - process 0
In: PMI_Abort(999, application called MPI_Abort(MPI_COMM_WORLD, 999) - process 0)
Abort(999) on node 1 (rank 1 in comm 0): application called MPI_Abort(MPI_COMM_WORLD, 999) - process 1
In: PMI_Abort(999, application called MPI_Abort(MPI_COMM_WORLD, 999) - process 1)
slurmstepd: error: *** STEP 2098728.720 ON m0676 CANCELLED AT 2023-02-28T00:32:05 ***
srun: error: m0676: tasks 0-1: Exited with exit code 231
srun: launch/slurm: _step_signal: Terminating StepId=2098728.720

</pre>
<h3>QMMM/bio_systems/gromos/linkH/atp_blyp_cpmd_capH_Gromos.inp</h3>
<p><a href='QMMM/bio_systems/gromos/linkH/atp_blyp_cpmd_capH_Gromos.out'>QMMM/bio_systems/gromos/linkH/atp_blyp_cpmd_capH_Gromos.out</a></p>
<p class="cat">Some values in the output could not be found.</p>
<ol>
<li><pre>SCALAR 'TOTAL ENERGY =' 4</pre></li>
</ol>
<p class="cat">Test run gave a non-zero return code.</p>
<p>Last 20 lines of output:</p>
<pre class="grey">
 !!!!!!!!!!!!!!!!!!!!!!!!!!!!!!!!!!!!!!!!!!!!!!!!!!!!!!!!!!!!!!!!
 WARNING!
       NEWCODE AND OLDCODE WILL BE DEPRECATED IN A FUTURE RELEASE
       PLEASE SWITCH TO THE NEW XC DRIVER AND/OR LIBXC
       (KEYWORD: XC_DRIVER IN &DFT)
 !!!!!!!!!!!!!!!!!!!!!!!!!!!!!!!!!!!!!!!!!!!!!!!!!!!!!!!!!!!!!!!!
 
 EXCHANGE CORRELATION FUNCTIONALS 
    LDA EXCHANGE:                        SLATER (ALPHA = 0.66667)
    LDA CORRELATION:                             LEE, YANG & PARR
       [C.L. LEE, W. YANG, AND R.G. PARR, PRB 37785 (1988)]
    GRADIENT CORRECTED FUNCTIONAL
    DENSITY THRESHOLD:                                1.00000E-06
    EXCHANGE ENERGY
       [A.D. BECKE, PHYS. REV. A 38, 3098 (1988)]
       PARAMETER BETA:                                   0.004200
    CORRELATION ENERGY
       [LYP: C.L. LEE ET AL. PHYS. REV. B 37, 785 (1988)]
 

</pre>
<p class="cat">Test run gave some standard error.</p>
<p>Last 20 lines of standard error:</p>
<pre class="grey">
srun: Job step aborted: Waiting up to 32 seconds for job step to finish.
Abort(999) on node 0 (rank 0 in comm 0): application called MPI_Abort(MPI_COMM_WORLD, 999) - process 0
In: PMI_Abort(999, application called MPI_Abort(MPI_COMM_WORLD, 999) - process 0)
Abort(999) on node 1 (rank 1 in comm 0): application called MPI_Abort(MPI_COMM_WORLD, 999) - process 1
In: PMI_Abort(999, application called MPI_Abort(MPI_COMM_WORLD, 999) - process 1)
slurmstepd: error: *** STEP 2098728.30 ON m0676 CANCELLED AT 2023-02-28T00:23:09 ***
srun: error: m0676: tasks 0-1: Exited with exit code 231
srun: launch/slurm: _step_signal: Terminating StepId=2098728.30

</pre>
<h3>TD/acetone/ac_isc_tri/ac_isc.inp</h3>
<p><a href='TD/acetone/ac_isc_tri/ac_isc.out'>TD/acetone/ac_isc_tri/ac_isc.out</a></p>
<p class="cat">Something went wrong in the CPQA driver script.</p>
<ol>
<li><pre>Traceback (most recent call last):
  File "/home/titan/nfcc/nfcc02/cpmd_merge_github/cpqa/src/cpqa/tests.py", line 132, in harvest_file
    fragment.digest()
  File "/home/titan/nfcc/nfcc02/cpmd_merge_github/cpqa/src/cpqa/tests.py", line 63, in digest
    self.value = float(self.lines[0].split()[self.column])
ValueError: could not convert string to float: 'TOTAL
</pre></li>
<li><pre>Traceback (most recent call last):
  File "/home/titan/nfcc/nfcc02/cpmd_merge_github/cpqa/src/cpqa/tests.py", line 132, in harvest_file
    fragment.digest()
  File "/home/titan/nfcc/nfcc02/cpmd_merge_github/cpqa/src/cpqa/tests.py", line 63, in digest
    self.value = float(self.lines[0].split()[self.column])
ValueError: could not convert string to float: Order
</pre></li>
</ol>
<p class="cat">Some values in the output could not be found.</p>
<ol>
<li><pre>SCALAR 'TOTAL ENERGY =' 4</pre></li>
<li><pre>SCALAR '2nd Order Perturbation Energy' 5</pre></li>
</ol>
<p class="cat">Test run gave a non-zero return code.</p>
<p>Last 20 lines of output:</p>
<pre class="grey">

 !!!!!!!!!!!!!!!!!!!!!!!!!!!!!!!!!!!!!!!!!!!!!!!!!!!!!!!!!!!!!!!!
 WARNING!
       NEWCODE AND OLDCODE WILL BE DEPRECATED IN A FUTURE RELEASE
       PLEASE SWITCH TO THE NEW XC DRIVER AND/OR LIBXC
       (KEYWORD: XC_DRIVER IN &DFT)
 !!!!!!!!!!!!!!!!!!!!!!!!!!!!!!!!!!!!!!!!!!!!!!!!!!!!!!!!!!!!!!!!
 
 EXCHANGE CORRELATION FUNCTIONALS 
    LDA EXCHANGE:                                            NONE
    LDA XC THROUGH PADE APPROXIMATION
    S.GOEDECKER, J.HUTTER, M.TETER PRB 541703 (1996)
    GRADIENT CORRECTED FUNCTIONAL
    DENSITY THRESHOLD:                                1.00000E-08
    EXCHANGE ENERGY
       [PBE: J.P. PERDEW ET AL. PRL 77, 3865 (1996)]
    CORRELATION ENERGY 
       [PBE: J.P. PERDEW ET AL. PRL 77, 3865 (1996)]
 

</pre>
<p class="cat">Test run gave some standard error.</p>
<p>Last 20 lines of standard error:</p>
<pre class="grey">
srun: Job step aborted: Waiting up to 32 seconds for job step to finish.
Abort(999) on node 0 (rank 0 in comm 0): application called MPI_Abort(MPI_COMM_WORLD, 999) - process 0
In: PMI_Abort(999, application called MPI_Abort(MPI_COMM_WORLD, 999) - process 0)
Abort(999) on node 1 (rank 1 in comm 0): application called MPI_Abort(MPI_COMM_WORLD, 999) - process 1
In: PMI_Abort(999, application called MPI_Abort(MPI_COMM_WORLD, 999) - process 1)
slurmstepd: error: *** STEP 2098728.33 ON m0676 CANCELLED AT 2023-02-28T00:23:09 ***
srun: error: m0676: tasks 0-1: Exited with exit code 231
srun: launch/slurm: _step_signal: Terminating StepId=2098728.33

</pre>
<h3>GEO/libxc/u-0/test.inp</h3>
<p><a href='GEO/libxc/u-0/test.out'>GEO/libxc/u-0/test.out</a></p>
<p class="cat">Some values in the output could not be found.</p>
<ol>
<li><pre>SCALAR 'TOTAL ENERGY =' 4</pre></li>
</ol>
<p class="cat">Test run gave a non-zero return code.</p>
<p>Last 20 lines of output:</p>
<pre class="grey">
 FICTITIOUS ELECTRON MASS:                               400.0000
 TIME STEP FOR ELECTRONS:                                  5.0000
 TIME STEP FOR IONS:                                       5.0000
 CONVERGENCE CRITERIA FOR WAVEFUNCTION OPTIMIZATION:   1.0000E-05
 WAVEFUNCTION OPTIMIZATION BY PRECONDITIONED DIIS
 THRESHOLD FOR THE WF-HESSIAN IS                           0.5000
 MAXIMUM NUMBER OF VECTORS RETAINED FOR DIIS:                  10
 STEPS UNTIL DIIS RESET ON POOR PROGRESS:                      10
 FULL ELECTRONIC GRADIENT IS USED 
 CONVERGENCE CRITERIA FOR GEOMETRY OPTIMIZATION:     5.000000E-04
 GEOMETRY OPTIMIZATION BY GDIIS/BFGS      
   SIZE OF GDIIS MATRIX:                                        2
 EMPIRICAL INITIAL HESSIAN (DISCO PARAMETRISATION) 
 SPLINE INTERPOLATION IN G-SPACE FOR PSEUDOPOTENTIAL FUNCTIONS
    NUMBER OF SPLINE POINTS:                                 5000
 
 EXCHANGE-CORRELATION FUNCTIONALS:
 
    100.0% LIBXC LDA_X

</pre>
<p class="cat">Test run gave some standard error.</p>
<p>Last 20 lines of standard error:</p>
<pre class="grey">
srun: Job step aborted: Waiting up to 32 seconds for job step to finish.
Abort(999) on node 0 (rank 0 in comm 0): application called MPI_Abort(MPI_COMM_WORLD, 999) - process 0
In: PMI_Abort(999, application called MPI_Abort(MPI_COMM_WORLD, 999) - process 0)
Abort(999) on node 1 (rank 1 in comm 0): application called MPI_Abort(MPI_COMM_WORLD, 999) - process 1
In: PMI_Abort(999, application called MPI_Abort(MPI_COMM_WORLD, 999) - process 1)
slurmstepd: error: *** STEP 2098728.294 ON m0676 CANCELLED AT 2023-02-28T00:29:13 ***
srun: error: m0676: tasks 0-1: Exited with exit code 231
srun: launch/slurm: _step_signal: Terminating StepId=2098728.294

</pre>
<h3>SP/libxc/nh3-u-0/nh3.inp</h3>
<p><a href='SP/libxc/nh3-u-0/nh3.out'>SP/libxc/nh3-u-0/nh3.out</a></p>
<p class="cat">Some values in the output could not be found.</p>
<ol>
<li><pre>SCALAR 'TOTAL ENERGY =' 4</pre></li>
</ol>
<p class="cat">Test run gave a non-zero return code.</p>
<p>Last 20 lines of output:</p>
<pre class="grey">
 PRINT INTERMEDIATE RESULTS EVERY                     10001 STEPS
 STORE INTERMEDIATE RESULTS EVERY                     10001 STEPS
 NUMBER OF DISTINCT RESTART FILES:                              1
 TEMPERATURE IS CALCULATED ASSUMING EXTENDED BULK BEHAVIOR 
 FICTITIOUS ELECTRON MASS:                               400.0000
 TIME STEP FOR ELECTRONS:                                  5.0000
 TIME STEP FOR IONS:                                       5.0000
 CONVERGENCE CRITERIA FOR WAVEFUNCTION OPTIMIZATION:   1.0000E-06
 WAVEFUNCTION OPTIMIZATION BY PRECONDITIONED DIIS
 THRESHOLD FOR THE WF-HESSIAN IS                           0.5000
 MAXIMUM NUMBER OF VECTORS RETAINED FOR DIIS:                  10
 STEPS UNTIL DIIS RESET ON POOR PROGRESS:                      10
 FULL ELECTRONIC GRADIENT IS USED 
 SPLINE INTERPOLATION IN G-SPACE FOR PSEUDOPOTENTIAL FUNCTIONS
    NUMBER OF SPLINE POINTS:                                 5000
 
 EXCHANGE-CORRELATION FUNCTIONALS:
 
    100.0% LIBXC LDA_X

</pre>
<p class="cat">Test run gave some standard error.</p>
<p>Last 20 lines of standard error:</p>
<pre class="grey">
srun: Job step aborted: Waiting up to 32 seconds for job step to finish.
Abort(999) on node 0 (rank 0 in comm 0): application called MPI_Abort(MPI_COMM_WORLD, 999) - process 0
In: PMI_Abort(999, application called MPI_Abort(MPI_COMM_WORLD, 999) - process 0)
Abort(999) on node 1 (rank 1 in comm 0): application called MPI_Abort(MPI_COMM_WORLD, 999) - process 1
In: PMI_Abort(999, application called MPI_Abort(MPI_COMM_WORLD, 999) - process 1)
slurmstepd: error: *** STEP 2098728.32 ON m0676 CANCELLED AT 2023-02-28T00:23:09 ***
slurmstepd: error: *** STEP 2098728.32 ON m0676 CANCELLED AT 2023-02-28T00:23:09 ***
srun: error: m0676: tasks 0-1: Exited with exit code 231
srun: launch/slurm: _step_signal: Terminating StepId=2098728.32

</pre>
<h3>QMMM/WATER_DIMER_solvent_CP/test.inp</h3>
<p><a href='QMMM/WATER_DIMER_solvent_CP/test.out'>QMMM/WATER_DIMER_solvent_CP/test.out</a></p>
<p class="cat">Some values in the output could not be found.</p>
<ol>
<li><pre>SCALAR 'TOTAL ENERGY =' 4</pre></li>
</ol>
<p class="cat">Test run gave a non-zero return code.</p>
<p>Last 20 lines of output:</p>
<pre class="grey">
 !!!!!!!!!!!!!!!!!!!!!!!!!!!!!!!!!!!!!!!!!!!!!!!!!!!!!!!!!!!!!!!!
 WARNING!
       NEWCODE AND OLDCODE WILL BE DEPRECATED IN A FUTURE RELEASE
       PLEASE SWITCH TO THE NEW XC DRIVER AND/OR LIBXC
       (KEYWORD: XC_DRIVER IN &DFT)
 !!!!!!!!!!!!!!!!!!!!!!!!!!!!!!!!!!!!!!!!!!!!!!!!!!!!!!!!!!!!!!!!
 
 EXCHANGE CORRELATION FUNCTIONALS 
    LDA EXCHANGE:                        SLATER (ALPHA = 0.66667)
    LDA CORRELATION:                             LEE, YANG & PARR
       [C.L. LEE, W. YANG, AND R.G. PARR, PRB 37785 (1988)]
    GRADIENT CORRECTED FUNCTIONAL
    DENSITY THRESHOLD:                                1.00000E-08
    EXCHANGE ENERGY
       [A.D. BECKE, PHYS. REV. A 38, 3098 (1988)]
       PARAMETER BETA:                                   0.004200
    CORRELATION ENERGY
       [LYP: C.L. LEE ET AL. PHYS. REV. B 37, 785 (1988)]
 

</pre>
<p class="cat">Test run gave some standard error.</p>
<p>Last 20 lines of standard error:</p>
<pre class="grey">
srun: Job step aborted: Waiting up to 32 seconds for job step to finish.
Abort(999) on node 0 (rank 0 in comm 0): application called MPI_Abort(MPI_COMM_WORLD, 999) - process 0
In: PMI_Abort(999, application called MPI_Abort(MPI_COMM_WORLD, 999) - process 0)
Abort(999) on node 1 (rank 1 in comm 0): application called MPI_Abort(MPI_COMM_WORLD, 999) - process 1
In: PMI_Abort(999, application called MPI_Abort(MPI_COMM_WORLD, 999) - process 1)
slurmstepd: error: *** STEP 2098728.31 ON m0676 CANCELLED AT 2023-02-28T00:23:09 ***
srun: error: m0676: tasks 0-1: Exited with exit code 231
srun: launch/slurm: _step_signal: Terminating StepId=2098728.31

</pre>
<h3>GEO/libxc/u-4/test.inp</h3>
<p><a href='GEO/libxc/u-4/test.out'>GEO/libxc/u-4/test.out</a></p>
<p class="cat">Some values in the output could not be found.</p>
<ol>
<li><pre>SCALAR 'TOTAL ENERGY =' 4</pre></li>
</ol>
<p class="cat">Test run gave a non-zero return code.</p>
<p>Last 20 lines of output:</p>
<pre class="grey">
    100.0% LIBXC HYB_GGA_XC_CAM_B3LYP
           CP EXCHANGE FUNCTIONALS ARE COULOMB-ATTENUATED (CAM)
           MU [BOHR]: 0.33000 ; ALPHA: 0.19000 ; BETA: 0.46000
           GC-CUTOFF VALUE FOR GRADIENT SMOOTHING:     1.0000E-08
 
     19.0% SR    EXACT EXCHANGE
     65.0% LR    EXACT EXCHANGE
           HFX IS COULOMB-ATTENUATED (CAM)
           MU [BOHR]: 0.33000 ; ALPHA: 0.19000 ; BETA: 0.46000

 FOR THE RECIPROCAL SPACE IMPLEMENTATION OF CAM, PLEASE REFER TO:
                                M.P. Bircher and U. Rothlisberger
              J. Chem. Theory Comput., 2018, 14 (6), pp 3184–3195
                                    DOI: 10.1021/acs.jctc.8b00069


 USE NEW HFX MODULE                                             T
 USE BLOCK CYCLIC DISTRIBUTION
 BLOCK SIZE                                                     2

</pre>
<p class="cat">Test run gave some standard error.</p>
<p>Last 20 lines of standard error:</p>
<pre class="grey">
srun: Job step aborted: Waiting up to 32 seconds for job step to finish.
Abort(999) on node 0 (rank 0 in comm 0): application called MPI_Abort(MPI_COMM_WORLD, 999) - process 0
In: PMI_Abort(999, application called MPI_Abort(MPI_COMM_WORLD, 999) - process 0)
Abort(999) on node 1 (rank 1 in comm 0): application called MPI_Abort(MPI_COMM_WORLD, 999) - process 1
In: PMI_Abort(999, application called MPI_Abort(MPI_COMM_WORLD, 999) - process 1)
slurmstepd: error: *** STEP 2098728.296 ON m0676 CANCELLED AT 2023-02-28T00:29:13 ***
srun: error: m0676: tasks 0-1: Exited with exit code 231
srun: launch/slurm: _step_signal: Terminating StepId=2098728.296

</pre>
<h3>QMMM/WATER_DIMER_solute_BO/test.inp</h3>
<p><a href='QMMM/WATER_DIMER_solute_BO/test.out'>QMMM/WATER_DIMER_solute_BO/test.out</a></p>
<p class="cat">Some values in the output could not be found.</p>
<ol>
<li><pre>SCALAR 'TOTAL ENERGY =' 4</pre></li>
</ol>
<p class="cat">Test run gave a non-zero return code.</p>
<p>Last 20 lines of output:</p>
<pre class="grey">
 !!!!!!!!!!!!!!!!!!!!!!!!!!!!!!!!!!!!!!!!!!!!!!!!!!!!!!!!!!!!!!!!
 WARNING!
       NEWCODE AND OLDCODE WILL BE DEPRECATED IN A FUTURE RELEASE
       PLEASE SWITCH TO THE NEW XC DRIVER AND/OR LIBXC
       (KEYWORD: XC_DRIVER IN &DFT)
 !!!!!!!!!!!!!!!!!!!!!!!!!!!!!!!!!!!!!!!!!!!!!!!!!!!!!!!!!!!!!!!!
 
 EXCHANGE CORRELATION FUNCTIONALS 
    LDA EXCHANGE:                        SLATER (ALPHA = 0.66667)
    LDA CORRELATION:                             LEE, YANG & PARR
       [C.L. LEE, W. YANG, AND R.G. PARR, PRB 37785 (1988)]
    GRADIENT CORRECTED FUNCTIONAL
    DENSITY THRESHOLD:                                1.00000E-08
    EXCHANGE ENERGY
       [A.D. BECKE, PHYS. REV. A 38, 3098 (1988)]
       PARAMETER BETA:                                   0.004200
    CORRELATION ENERGY
       [LYP: C.L. LEE ET AL. PHYS. REV. B 37, 785 (1988)]
 

</pre>
<p class="cat">Test run gave some standard error.</p>
<p>Last 20 lines of standard error:</p>
<pre class="grey">
srun: Job step aborted: Waiting up to 32 seconds for job step to finish.
Abort(999) on node 0 (rank 0 in comm 0): application called MPI_Abort(MPI_COMM_WORLD, 999) - process 0
In: PMI_Abort(999, application called MPI_Abort(MPI_COMM_WORLD, 999) - process 0)
Abort(999) on node 1 (rank 1 in comm 0): application called MPI_Abort(MPI_COMM_WORLD, 999) - process 1
In: PMI_Abort(999, application called MPI_Abort(MPI_COMM_WORLD, 999) - process 1)
slurmstepd: error: *** STEP 2098728.34 ON m0676 CANCELLED AT 2023-02-28T00:23:09 ***
srun: error: m0676: tasks 0-1: Exited with exit code 231
srun: launch/slurm: _step_signal: Terminating StepId=2098728.34

</pre>
<h3>QMMM/bio_systems/gromos/linkH/atp_blyp_bo_capH_Gromos.inp</h3>
<p><a href='QMMM/bio_systems/gromos/linkH/atp_blyp_bo_capH_Gromos.out'>QMMM/bio_systems/gromos/linkH/atp_blyp_bo_capH_Gromos.out</a></p>
<p class="cat">Some values in the output could not be found.</p>
<ol>
<li><pre>SCALAR 'TOTAL ENERGY =' 4</pre></li>
</ol>
<p class="cat">Test run gave a non-zero return code.</p>
<p>Last 20 lines of output:</p>
<pre class="grey">
 !!!!!!!!!!!!!!!!!!!!!!!!!!!!!!!!!!!!!!!!!!!!!!!!!!!!!!!!!!!!!!!!
 WARNING!
       NEWCODE AND OLDCODE WILL BE DEPRECATED IN A FUTURE RELEASE
       PLEASE SWITCH TO THE NEW XC DRIVER AND/OR LIBXC
       (KEYWORD: XC_DRIVER IN &DFT)
 !!!!!!!!!!!!!!!!!!!!!!!!!!!!!!!!!!!!!!!!!!!!!!!!!!!!!!!!!!!!!!!!
 
 EXCHANGE CORRELATION FUNCTIONALS 
    LDA EXCHANGE:                        SLATER (ALPHA = 0.66667)
    LDA CORRELATION:                             LEE, YANG & PARR
       [C.L. LEE, W. YANG, AND R.G. PARR, PRB 37785 (1988)]
    GRADIENT CORRECTED FUNCTIONAL
    DENSITY THRESHOLD:                                1.00000E-06
    EXCHANGE ENERGY
       [A.D. BECKE, PHYS. REV. A 38, 3098 (1988)]
       PARAMETER BETA:                                   0.004200
    CORRELATION ENERGY
       [LYP: C.L. LEE ET AL. PHYS. REV. B 37, 785 (1988)]
 

</pre>
<p class="cat">Test run gave some standard error.</p>
<p>Last 20 lines of standard error:</p>
<pre class="grey">
srun: Job step aborted: Waiting up to 32 seconds for job step to finish.
Abort(999) on node 0 (rank 0 in comm 0): application called MPI_Abort(MPI_COMM_WORLD, 999) - process 0
In: PMI_Abort(999, application called MPI_Abort(MPI_COMM_WORLD, 999) - process 0)
Abort(999) on node 1 (rank 1 in comm 0): application called MPI_Abort(MPI_COMM_WORLD, 999) - process 1
In: PMI_Abort(999, application called MPI_Abort(MPI_COMM_WORLD, 999) - process 1)
slurmstepd: error: *** STEP 2098728.35 ON m0676 CANCELLED AT 2023-02-28T00:23:09 ***
srun: error: m0676: tasks 0-1: Exited with exit code 231
srun: launch/slurm: _step_signal: Terminating StepId=2098728.35

</pre>
<h3>TD/acetone/ac_tddf_tri/ac_tddft.inp</h3>
<p><a href='TD/acetone/ac_tddf_tri/ac_tddft.out'>TD/acetone/ac_tddf_tri/ac_tddft.out</a></p>
<p class="cat">Something went wrong in the CPQA driver script.</p>
<ol>
<li><pre>Traceback (most recent call last):
  File "/home/titan/nfcc/nfcc02/cpmd_merge_github/cpqa/src/cpqa/tests.py", line 132, in harvest_file
    fragment.digest()
  File "/home/titan/nfcc/nfcc02/cpmd_merge_github/cpqa/src/cpqa/tests.py", line 63, in digest
    self.value = float(self.lines[0].split()[self.column])
ValueError: could not convert string to float: 'TOTAL
</pre></li>
<li><pre>Traceback (most recent call last):
  File "/home/titan/nfcc/nfcc02/cpmd_merge_github/cpqa/src/cpqa/tests.py", line 132, in harvest_file
    fragment.digest()
  File "/home/titan/nfcc/nfcc02/cpmd_merge_github/cpqa/src/cpqa/tests.py", line 63, in digest
    self.value = float(self.lines[0].split()[self.column])
ValueError: could not convert string to float: Order
</pre></li>
</ol>
<p class="cat">Some values in the output could not be found.</p>
<ol>
<li><pre>SCALAR 'TOTAL ENERGY =' 4</pre></li>
<li><pre>SCALAR '2nd Order Perturbation Energy' 5</pre></li>
</ol>
<p class="cat">Test run gave a non-zero return code.</p>
<p>Last 20 lines of output:</p>
<pre class="grey">

 !!!!!!!!!!!!!!!!!!!!!!!!!!!!!!!!!!!!!!!!!!!!!!!!!!!!!!!!!!!!!!!!
 WARNING!
       NEWCODE AND OLDCODE WILL BE DEPRECATED IN A FUTURE RELEASE
       PLEASE SWITCH TO THE NEW XC DRIVER AND/OR LIBXC
       (KEYWORD: XC_DRIVER IN &DFT)
 !!!!!!!!!!!!!!!!!!!!!!!!!!!!!!!!!!!!!!!!!!!!!!!!!!!!!!!!!!!!!!!!
 
 EXCHANGE CORRELATION FUNCTIONALS 
    LDA EXCHANGE:                                            NONE
    LDA XC THROUGH PADE APPROXIMATION
    S.GOEDECKER, J.HUTTER, M.TETER PRB 541703 (1996)
    GRADIENT CORRECTED FUNCTIONAL
    DENSITY THRESHOLD:                                1.00000E-08
    EXCHANGE ENERGY
       [PBE: J.P. PERDEW ET AL. PRL 77, 3865 (1996)]
    CORRELATION ENERGY 
       [PBE: J.P. PERDEW ET AL. PRL 77, 3865 (1996)]
 

</pre>
<p class="cat">Test run gave some standard error.</p>
<p>Last 20 lines of standard error:</p>
<pre class="grey">
srun: Job step aborted: Waiting up to 32 seconds for job step to finish.
Abort(999) on node 0 (rank 0 in comm 0): application called MPI_Abort(MPI_COMM_WORLD, 999) - process 0
In: PMI_Abort(999, application called MPI_Abort(MPI_COMM_WORLD, 999) - process 0)
Abort(999) on node 1 (rank 1 in comm 0): application called MPI_Abort(MPI_COMM_WORLD, 999) - process 1
In: PMI_Abort(999, application called MPI_Abort(MPI_COMM_WORLD, 999) - process 1)
slurmstepd: error: *** STEP 2098728.37 ON m0676 CANCELLED AT 2023-02-28T00:23:09 ***
srun: error: m0676: tasks 0-1: Exited with exit code 231
srun: launch/slurm: _step_signal: Terminating StepId=2098728.37

</pre>
<h3>FORCEMATCH/run1/test.inp</h3>
<p><a href='FORCEMATCH/run1/test.out'>FORCEMATCH/run1/test.out</a></p>
<p class="cat">Some values in the output could not be found.</p>
<ol>
<li><pre>SCALAR 'Total force RMS' 7</pre></li>
<li><pre>SCALAR 'Total force RMS' 8</pre></li>
</ol>
<p class="cat">Test run gave a non-zero return code.</p>
<p>Last 20 lines of output:</p>
<pre class="grey">
 !!!!!!!!!!!!!!!!!!!!!!!!!!!!!!!!!!!!!!!!!!!!!!!!!!!!!!!!!!!!!!!!
 WARNING!
       NEWCODE AND OLDCODE WILL BE DEPRECATED IN A FUTURE RELEASE
       PLEASE SWITCH TO THE NEW XC DRIVER AND/OR LIBXC
       (KEYWORD: XC_DRIVER IN &DFT)
 !!!!!!!!!!!!!!!!!!!!!!!!!!!!!!!!!!!!!!!!!!!!!!!!!!!!!!!!!!!!!!!!
 
 EXCHANGE CORRELATION FUNCTIONALS 
    LDA EXCHANGE:                        SLATER (ALPHA = 0.66667)
    LDA CORRELATION:                             LEE, YANG & PARR
       [C.L. LEE, W. YANG, AND R.G. PARR, PRB 37785 (1988)]
    GRADIENT CORRECTED FUNCTIONAL
    DENSITY THRESHOLD:                                1.00000E-08
    EXCHANGE ENERGY
       [A.D. BECKE, PHYS. REV. A 38, 3098 (1988)]
       PARAMETER BETA:                                   0.004200
    CORRELATION ENERGY
       [LYP: C.L. LEE ET AL. PHYS. REV. B 37, 785 (1988)]
 

</pre>
<p class="cat">Test run gave some standard error.</p>
<p>Last 20 lines of standard error:</p>
<pre class="grey">
srun: Job step aborted: Waiting up to 32 seconds for job step to finish.
Abort(999) on node 0 (rank 0 in comm 0): application called MPI_Abort(MPI_COMM_WORLD, 999) - process 0
In: PMI_Abort(999, application called MPI_Abort(MPI_COMM_WORLD, 999) - process 0)
Abort(999) on node 1 (rank 1 in comm 0): application called MPI_Abort(MPI_COMM_WORLD, 999) - process 1
In: PMI_Abort(999, application called MPI_Abort(MPI_COMM_WORLD, 999) - process 1)
slurmstepd: error: *** STEP 2098728.36 ON m0676 CANCELLED AT 2023-02-28T00:23:09 ***
srun: error: m0676: tasks 0-1: Exited with exit code 231
srun: launch/slurm: _step_signal: Terminating StepId=2098728.36

</pre>
<h3>QMMM/bio_systems/gromos/oecp/atp_blyp_cpmd_oecp_Gromos.inp</h3>
<p><a href='QMMM/bio_systems/gromos/oecp/atp_blyp_cpmd_oecp_Gromos.out'>QMMM/bio_systems/gromos/oecp/atp_blyp_cpmd_oecp_Gromos.out</a></p>
<p class="cat">Some values in the output could not be found.</p>
<ol>
<li><pre>SCALAR 'TOTAL ENERGY =' 4</pre></li>
</ol>
<p class="cat">Test run gave a non-zero return code.</p>
<p>Last 20 lines of output:</p>
<pre class="grey">
 !!!!!!!!!!!!!!!!!!!!!!!!!!!!!!!!!!!!!!!!!!!!!!!!!!!!!!!!!!!!!!!!
 WARNING!
       NEWCODE AND OLDCODE WILL BE DEPRECATED IN A FUTURE RELEASE
       PLEASE SWITCH TO THE NEW XC DRIVER AND/OR LIBXC
       (KEYWORD: XC_DRIVER IN &DFT)
 !!!!!!!!!!!!!!!!!!!!!!!!!!!!!!!!!!!!!!!!!!!!!!!!!!!!!!!!!!!!!!!!
 
 EXCHANGE CORRELATION FUNCTIONALS 
    LDA EXCHANGE:                        SLATER (ALPHA = 0.66667)
    LDA CORRELATION:                             LEE, YANG & PARR
       [C.L. LEE, W. YANG, AND R.G. PARR, PRB 37785 (1988)]
    GRADIENT CORRECTED FUNCTIONAL
    DENSITY THRESHOLD:                                1.00000E-06
    EXCHANGE ENERGY
       [A.D. BECKE, PHYS. REV. A 38, 3098 (1988)]
       PARAMETER BETA:                                   0.004200
    CORRELATION ENERGY
       [LYP: C.L. LEE ET AL. PHYS. REV. B 37, 785 (1988)]
 

</pre>
<p class="cat">Test run gave some standard error.</p>
<p>Last 20 lines of standard error:</p>
<pre class="grey">
srun: Job step aborted: Waiting up to 32 seconds for job step to finish.
Abort(999) on node 0 (rank 0 in comm 0): application called MPI_Abort(MPI_COMM_WORLD, 999) - process 0
In: PMI_Abort(999, application called MPI_Abort(MPI_COMM_WORLD, 999) - process 0)
Abort(999) on node 1 (rank 1 in comm 0): application called MPI_Abort(MPI_COMM_WORLD, 999) - process 1
In: PMI_Abort(999, application called MPI_Abort(MPI_COMM_WORLD, 999) - process 1)
slurmstepd: error: *** STEP 2098728.38 ON m0676 CANCELLED AT 2023-02-28T00:23:09 ***
srun: error: m0676: tasks 0-1: Exited with exit code 231
srun: launch/slurm: _step_signal: Terminating StepId=2098728.38

</pre>
<h3>SP/libxc/nh3-u-4/nh3.inp</h3>
<p><a href='SP/libxc/nh3-u-4/nh3.out'>SP/libxc/nh3-u-4/nh3.out</a></p>
<p class="cat">Some values in the output could not be found.</p>
<ol>
<li><pre>SCALAR 'TOTAL ENERGY =' 4</pre></li>
</ol>
<p class="cat">Test run gave a non-zero return code.</p>
<p>Last 20 lines of output:</p>
<pre class="grey">
    100.0% LIBXC HYB_GGA_XC_CAM_B3LYP
           CP EXCHANGE FUNCTIONALS ARE COULOMB-ATTENUATED (CAM)
           MU [BOHR]: 0.33000 ; ALPHA: 0.19000 ; BETA: 0.46000
           GC-CUTOFF VALUE FOR GRADIENT SMOOTHING:     1.0000E-08
 
     19.0% SR    EXACT EXCHANGE
     65.0% LR    EXACT EXCHANGE
           HFX IS COULOMB-ATTENUATED (CAM)
           MU [BOHR]: 0.33000 ; ALPHA: 0.19000 ; BETA: 0.46000

 FOR THE RECIPROCAL SPACE IMPLEMENTATION OF CAM, PLEASE REFER TO:
                                M.P. Bircher and U. Rothlisberger
              J. Chem. Theory Comput., 2018, 14 (6), pp 3184–3195
                                    DOI: 10.1021/acs.jctc.8b00069


 USE NEW HFX MODULE                                             T
 USE BLOCK CYCLIC DISTRIBUTION
 BLOCK SIZE                                                     2

</pre>
<p class="cat">Test run gave some standard error.</p>
<p>Last 20 lines of standard error:</p>
<pre class="grey">
srun: Job step aborted: Waiting up to 32 seconds for job step to finish.
Abort(999) on node 0 (rank 0 in comm 0): application called MPI_Abort(MPI_COMM_WORLD, 999) - process 0
In: PMI_Abort(999, application called MPI_Abort(MPI_COMM_WORLD, 999) - process 0)
Abort(999) on node 1 (rank 1 in comm 0): application called MPI_Abort(MPI_COMM_WORLD, 999) - process 1
In: PMI_Abort(999, application called MPI_Abort(MPI_COMM_WORLD, 999) - process 1)
slurmstepd: error: *** STEP 2098728.39 ON m0676 CANCELLED AT 2023-02-28T00:23:09 ***
srun: error: m0676: tasks 0-1: Exited with exit code 231
srun: launch/slurm: _step_signal: Terminating StepId=2098728.39

</pre>
<h3>QMMM/ACETONE_WATER_s0/test.inp</h3>
<p><a href='QMMM/ACETONE_WATER_s0/test.out'>QMMM/ACETONE_WATER_s0/test.out</a></p>
<p class="cat">Some values in the output could not be found.</p>
<ol>
<li><pre>SCALAR 'TOTAL ENERGY =' 4</pre></li>
</ol>
<p class="cat">Test run gave a non-zero return code.</p>
<p>Last 20 lines of output:</p>
<pre class="grey">

 !!!!!!!!!!!!!!!!!!!!!!!!!!!!!!!!!!!!!!!!!!!!!!!!!!!!!!!!!!!!!!!!
 WARNING!
       NEWCODE AND OLDCODE WILL BE DEPRECATED IN A FUTURE RELEASE
       PLEASE SWITCH TO THE NEW XC DRIVER AND/OR LIBXC
       (KEYWORD: XC_DRIVER IN &DFT)
 !!!!!!!!!!!!!!!!!!!!!!!!!!!!!!!!!!!!!!!!!!!!!!!!!!!!!!!!!!!!!!!!
 
 EXCHANGE CORRELATION FUNCTIONALS 
    LDA EXCHANGE:                                            NONE
    LDA XC THROUGH PADE APPROXIMATION
    S.GOEDECKER, J.HUTTER, M.TETER PRB 541703 (1996)
    GRADIENT CORRECTED FUNCTIONAL
    DENSITY THRESHOLD:                                1.00000E-06
    EXCHANGE ENERGY
       [PBE: J.P. PERDEW ET AL. PRL 77, 3865 (1996)]
    CORRELATION ENERGY 
       [PBE: J.P. PERDEW ET AL. PRL 77, 3865 (1996)]
 

</pre>
<p class="cat">Test run gave some standard error.</p>
<p>Last 20 lines of standard error:</p>
<pre class="grey">
srun: Job step aborted: Waiting up to 32 seconds for job step to finish.
Abort(999) on node 0 (rank 0 in comm 0): application called MPI_Abort(MPI_COMM_WORLD, 999) - process 0
In: PMI_Abort(999, application called MPI_Abort(MPI_COMM_WORLD, 999) - process 0)
Abort(999) on node 1 (rank 1 in comm 0): application called MPI_Abort(MPI_COMM_WORLD, 999) - process 1
In: PMI_Abort(999, application called MPI_Abort(MPI_COMM_WORLD, 999) - process 1)
slurmstepd: error: *** STEP 2098728.42 ON m0676 CANCELLED AT 2023-02-28T00:23:10 ***
srun: error: m0676: tasks 0-1: Exited with exit code 231
srun: launch/slurm: _step_signal: Terminating StepId=2098728.42

</pre>
<h3>QMMM/bio_systems/amber/blyp/linkH/atp_blyp_cpmd_capH_split.inp</h3>
<p><a href='QMMM/bio_systems/amber/blyp/linkH/atp_blyp_cpmd_capH_split.out'>QMMM/bio_systems/amber/blyp/linkH/atp_blyp_cpmd_capH_split.out</a></p>
<p class="cat">Some values in the output could not be found.</p>
<ol>
<li><pre>SCALAR 'TOTAL ENERGY =' 4</pre></li>
</ol>
<p class="cat">Test run gave a non-zero return code.</p>
<p>Last 20 lines of output:</p>
<pre class="grey">
 !!!!!!!!!!!!!!!!!!!!!!!!!!!!!!!!!!!!!!!!!!!!!!!!!!!!!!!!!!!!!!!!
 WARNING!
       NEWCODE AND OLDCODE WILL BE DEPRECATED IN A FUTURE RELEASE
       PLEASE SWITCH TO THE NEW XC DRIVER AND/OR LIBXC
       (KEYWORD: XC_DRIVER IN &DFT)
 !!!!!!!!!!!!!!!!!!!!!!!!!!!!!!!!!!!!!!!!!!!!!!!!!!!!!!!!!!!!!!!!
 
 EXCHANGE CORRELATION FUNCTIONALS 
    LDA EXCHANGE:                        SLATER (ALPHA = 0.66667)
    LDA CORRELATION:                             LEE, YANG & PARR
       [C.L. LEE, W. YANG, AND R.G. PARR, PRB 37785 (1988)]
    GRADIENT CORRECTED FUNCTIONAL
    DENSITY THRESHOLD:                                1.00000E-06
    EXCHANGE ENERGY
       [A.D. BECKE, PHYS. REV. A 38, 3098 (1988)]
       PARAMETER BETA:                                   0.004200
    CORRELATION ENERGY
       [LYP: C.L. LEE ET AL. PHYS. REV. B 37, 785 (1988)]
 

</pre>
<p class="cat">Test run gave some standard error.</p>
<p>Last 20 lines of standard error:</p>
<pre class="grey">
srun: Job step aborted: Waiting up to 32 seconds for job step to finish.
Abort(999) on node 0 (rank 0 in comm 0): application called MPI_Abort(MPI_COMM_WORLD, 999) - process 0
In: PMI_Abort(999, application called MPI_Abort(MPI_COMM_WORLD, 999) - process 0)
Abort(999) on node 1 (rank 1 in comm 0): application called MPI_Abort(MPI_COMM_WORLD, 999) - process 1
In: PMI_Abort(999, application called MPI_Abort(MPI_COMM_WORLD, 999) - process 1)
slurmstepd: error: *** STEP 2098728.40 ON m0676 CANCELLED AT 2023-02-28T00:23:10 ***
srun: error: m0676: tasks 0-1: Exited with exit code 231
srun: launch/slurm: _step_signal: Terminating StepId=2098728.40

</pre>
<h3>QMMM/bio_systems/amber/cnstr/atp_blyp_cpmd_oecp_cnstr.inp</h3>
<p><a href='QMMM/bio_systems/amber/cnstr/atp_blyp_cpmd_oecp_cnstr.out'>QMMM/bio_systems/amber/cnstr/atp_blyp_cpmd_oecp_cnstr.out</a></p>
<p class="cat">Some values in the output could not be found.</p>
<ol>
<li><pre>SCALAR 'TOTAL ENERGY =' 4</pre></li>
</ol>
<p class="cat">Test run gave a non-zero return code.</p>
<p>Last 20 lines of output:</p>
<pre class="grey">
 !!!!!!!!!!!!!!!!!!!!!!!!!!!!!!!!!!!!!!!!!!!!!!!!!!!!!!!!!!!!!!!!
 WARNING!
       NEWCODE AND OLDCODE WILL BE DEPRECATED IN A FUTURE RELEASE
       PLEASE SWITCH TO THE NEW XC DRIVER AND/OR LIBXC
       (KEYWORD: XC_DRIVER IN &DFT)
 !!!!!!!!!!!!!!!!!!!!!!!!!!!!!!!!!!!!!!!!!!!!!!!!!!!!!!!!!!!!!!!!
 
 EXCHANGE CORRELATION FUNCTIONALS 
    LDA EXCHANGE:                        SLATER (ALPHA = 0.66667)
    LDA CORRELATION:                             LEE, YANG & PARR
       [C.L. LEE, W. YANG, AND R.G. PARR, PRB 37785 (1988)]
    GRADIENT CORRECTED FUNCTIONAL
    DENSITY THRESHOLD:                                1.00000E-06
    EXCHANGE ENERGY
       [A.D. BECKE, PHYS. REV. A 38, 3098 (1988)]
       PARAMETER BETA:                                   0.004200
    CORRELATION ENERGY
       [LYP: C.L. LEE ET AL. PHYS. REV. B 37, 785 (1988)]
 

</pre>
<p class="cat">Test run gave some standard error.</p>
<p>Last 20 lines of standard error:</p>
<pre class="grey">
srun: Job step aborted: Waiting up to 32 seconds for job step to finish.
Abort(999) on node 0 (rank 0 in comm 0): application called MPI_Abort(MPI_COMM_WORLD, 999) - process 0
In: PMI_Abort(999, application called MPI_Abort(MPI_COMM_WORLD, 999) - process 0)
Abort(999) on node 1 (rank 1 in comm 0): application called MPI_Abort(MPI_COMM_WORLD, 999) - process 1
In: PMI_Abort(999, application called MPI_Abort(MPI_COMM_WORLD, 999) - process 1)
slurmstepd: error: *** STEP 2098728.41 ON m0676 CANCELLED AT 2023-02-28T00:23:10 ***
slurmstepd: error: *** STEP 2098728.41 ON m0676 CANCELLED AT 2023-02-28T00:23:10 ***
srun: error: m0676: tasks 0-1: Exited with exit code 231
srun: launch/slurm: _step_signal: Terminating StepId=2098728.41

</pre>
<h3>QMMM/bio_systems/amber/metadyn/atp_blyp_cpmd_oecp_mtd.inp</h3>
<p><a href='QMMM/bio_systems/amber/metadyn/atp_blyp_cpmd_oecp_mtd.out'>QMMM/bio_systems/amber/metadyn/atp_blyp_cpmd_oecp_mtd.out</a></p>
<p class="cat">Some values in the output could not be found.</p>
<ol>
<li><pre>SCALAR 'TOTAL ENERGY =' 4</pre></li>
</ol>
<p class="cat">Test run gave a non-zero return code.</p>
<p>Last 20 lines of output:</p>
<pre class="grey">
 !!!!!!!!!!!!!!!!!!!!!!!!!!!!!!!!!!!!!!!!!!!!!!!!!!!!!!!!!!!!!!!!
 WARNING!
       NEWCODE AND OLDCODE WILL BE DEPRECATED IN A FUTURE RELEASE
       PLEASE SWITCH TO THE NEW XC DRIVER AND/OR LIBXC
       (KEYWORD: XC_DRIVER IN &DFT)
 !!!!!!!!!!!!!!!!!!!!!!!!!!!!!!!!!!!!!!!!!!!!!!!!!!!!!!!!!!!!!!!!
 
 EXCHANGE CORRELATION FUNCTIONALS 
    LDA EXCHANGE:                        SLATER (ALPHA = 0.66667)
    LDA CORRELATION:                             LEE, YANG & PARR
       [C.L. LEE, W. YANG, AND R.G. PARR, PRB 37785 (1988)]
    GRADIENT CORRECTED FUNCTIONAL
    DENSITY THRESHOLD:                                1.00000E-06
    EXCHANGE ENERGY
       [A.D. BECKE, PHYS. REV. A 38, 3098 (1988)]
       PARAMETER BETA:                                   0.004200
    CORRELATION ENERGY
       [LYP: C.L. LEE ET AL. PHYS. REV. B 37, 785 (1988)]
 

</pre>
<p class="cat">Test run gave some standard error.</p>
<p>Last 20 lines of standard error:</p>
<pre class="grey">
srun: Job step aborted: Waiting up to 32 seconds for job step to finish.
Abort(999) on node 0 (rank 0 in comm 0): application called MPI_Abort(MPI_COMM_WORLD, 999) - process 0
In: PMI_Abort(999, application called MPI_Abort(MPI_COMM_WORLD, 999) - process 0)
Abort(999) on node 1 (rank 1 in comm 0): application called MPI_Abort(MPI_COMM_WORLD, 999) - process 1
In: PMI_Abort(999, application called MPI_Abort(MPI_COMM_WORLD, 999) - process 1)
slurmstepd: error: *** STEP 2098728.44 ON m0676 CANCELLED AT 2023-02-28T00:23:10 ***
srun: error: m0676: tasks 0-1: Exited with exit code 231
srun: launch/slurm: _step_signal: Terminating StepId=2098728.44

</pre>
<h3>GEO/libxc/u-1/test.inp</h3>
<p><a href='GEO/libxc/u-1/test.out'>GEO/libxc/u-1/test.out</a></p>
<p class="cat">Some values in the output could not be found.</p>
<ol>
<li><pre>SCALAR 'TOTAL ENERGY =' 4</pre></li>
</ol>
<p class="cat">Test run gave a non-zero return code.</p>
<p>Last 20 lines of output:</p>
<pre class="grey">
 TIME STEP FOR IONS:                                       5.0000
 CONVERGENCE CRITERIA FOR WAVEFUNCTION OPTIMIZATION:   1.0000E-05
 WAVEFUNCTION OPTIMIZATION BY PRECONDITIONED DIIS
 THRESHOLD FOR THE WF-HESSIAN IS                           0.5000
 MAXIMUM NUMBER OF VECTORS RETAINED FOR DIIS:                  10
 STEPS UNTIL DIIS RESET ON POOR PROGRESS:                      10
 FULL ELECTRONIC GRADIENT IS USED 
 CONVERGENCE CRITERIA FOR GEOMETRY OPTIMIZATION:     5.000000E-04
 GEOMETRY OPTIMIZATION BY GDIIS/BFGS      
   SIZE OF GDIIS MATRIX:                                        2
 EMPIRICAL INITIAL HESSIAN (DISCO PARAMETRISATION) 
 SPLINE INTERPOLATION IN G-SPACE FOR PSEUDOPOTENTIAL FUNCTIONS
    NUMBER OF SPLINE POINTS:                                 5000
 
 EXCHANGE-CORRELATION FUNCTIONALS:
 
    100.0% LIBXC GGA_X_PBE
    100.0% LIBXC GGA_C_PBE
           GC-CUTOFF VALUE FOR GRADIENT SMOOTHING:     1.0000E-08

</pre>
<p class="cat">Test run gave some standard error.</p>
<p>Last 20 lines of standard error:</p>
<pre class="grey">
srun: Job step aborted: Waiting up to 32 seconds for job step to finish.
Abort(999) on node 0 (rank 0 in comm 0): application called MPI_Abort(MPI_COMM_WORLD, 999) - process 0
In: PMI_Abort(999, application called MPI_Abort(MPI_COMM_WORLD, 999) - process 0)
Abort(999) on node 1 (rank 1 in comm 0): application called MPI_Abort(MPI_COMM_WORLD, 999) - process 1
In: PMI_Abort(999, application called MPI_Abort(MPI_COMM_WORLD, 999) - process 1)
slurmstepd: error: *** STEP 2098728.295 ON m0676 CANCELLED AT 2023-02-28T00:29:13 ***
srun: error: m0676: tasks 0-1: Exited with exit code 231
srun: launch/slurm: _step_signal: Terminating StepId=2098728.295

</pre>
<h3>QMMM/bio_systems/amber/metadyn/atp_blyp_bo_oecp_mtd.inp</h3>
<p><a href='QMMM/bio_systems/amber/metadyn/atp_blyp_bo_oecp_mtd.out'>QMMM/bio_systems/amber/metadyn/atp_blyp_bo_oecp_mtd.out</a></p>
<p class="cat">Some values in the output could not be found.</p>
<ol>
<li><pre>SCALAR 'TOTAL ENERGY =' 4</pre></li>
</ol>
<p class="cat">Test run gave a non-zero return code.</p>
<p>Last 20 lines of output:</p>
<pre class="grey">
 !!!!!!!!!!!!!!!!!!!!!!!!!!!!!!!!!!!!!!!!!!!!!!!!!!!!!!!!!!!!!!!!
 WARNING!
       NEWCODE AND OLDCODE WILL BE DEPRECATED IN A FUTURE RELEASE
       PLEASE SWITCH TO THE NEW XC DRIVER AND/OR LIBXC
       (KEYWORD: XC_DRIVER IN &DFT)
 !!!!!!!!!!!!!!!!!!!!!!!!!!!!!!!!!!!!!!!!!!!!!!!!!!!!!!!!!!!!!!!!
 
 EXCHANGE CORRELATION FUNCTIONALS 
    LDA EXCHANGE:                        SLATER (ALPHA = 0.66667)
    LDA CORRELATION:                             LEE, YANG & PARR
       [C.L. LEE, W. YANG, AND R.G. PARR, PRB 37785 (1988)]
    GRADIENT CORRECTED FUNCTIONAL
    DENSITY THRESHOLD:                                1.00000E-06
    EXCHANGE ENERGY
       [A.D. BECKE, PHYS. REV. A 38, 3098 (1988)]
       PARAMETER BETA:                                   0.004200
    CORRELATION ENERGY
       [LYP: C.L. LEE ET AL. PHYS. REV. B 37, 785 (1988)]
 

</pre>
<p class="cat">Test run gave some standard error.</p>
<p>Last 20 lines of standard error:</p>
<pre class="grey">
srun: Job step aborted: Waiting up to 32 seconds for job step to finish.
Abort(999) on node 0 (rank 0 in comm 0): application called MPI_Abort(MPI_COMM_WORLD, 999) - process 0
In: PMI_Abort(999, application called MPI_Abort(MPI_COMM_WORLD, 999) - process 0)
Abort(999) on node 1 (rank 1 in comm 0): application called MPI_Abort(MPI_COMM_WORLD, 999) - process 1
In: PMI_Abort(999, application called MPI_Abort(MPI_COMM_WORLD, 999) - process 1)
slurmstepd: error: *** STEP 2098728.43 ON m0676 CANCELLED AT 2023-02-28T00:23:10 ***
srun: error: m0676: tasks 0-1: Exited with exit code 231
srun: launch/slurm: _step_signal: Terminating StepId=2098728.43

</pre>
<h3>BO/libxc/u-5/test.inp</h3>
<p><a href='BO/libxc/u-5/test.out'>BO/libxc/u-5/test.out</a></p>
<p class="cat">Some values in the output could not be found.</p>
<ol>
<li><pre>SCALAR 'TOTAL ENERGY =' 4</pre></li>
</ol>
<p class="cat">Test run gave a non-zero return code.</p>
<p>Last 20 lines of output:</p>
<pre class="grey">
 ION DYNAMICS:      THE TEMPERATURE IS NOT CONTROLLED
 ASPC WAVEFUNCTION EXTRAPOLATION (MAX. HISTORY)                 6
 SPLINE INTERPOLATION IN G-SPACE FOR PSEUDOPOTENTIAL FUNCTIONS
    NUMBER OF SPLINE POINTS:                                 5000
 
 EXCHANGE-CORRELATION FUNCTIONALS:
 
      8.0% LIBXC LDA_X
     72.0% LIBXC GGA_X_B88
     81.0% LIBXC GGA_C_LYP
     19.0% LIBXC LDA_C_VWN_RPA
           GC-CUTOFF VALUE FOR GRADIENT SMOOTHING:     1.0000E-08
 
     20.0% HFX   EXACT EXCHANGE
           HFX PARAMETERS ARE NON-DEFAULT

 USE NEW HFX MODULE                                             T
 USE BLOCK CYCLIC DISTRIBUTION
 BLOCK SIZE                                                     2

</pre>
<p class="cat">Test run gave some standard error.</p>
<p>Last 20 lines of standard error:</p>
<pre class="grey">
srun: Job step aborted: Waiting up to 32 seconds for job step to finish.
Abort(999) on node 0 (rank 0 in comm 0): application called MPI_Abort(MPI_COMM_WORLD, 999) - process 0
In: PMI_Abort(999, application called MPI_Abort(MPI_COMM_WORLD, 999) - process 0)
Abort(999) on node 1 (rank 1 in comm 0): application called MPI_Abort(MPI_COMM_WORLD, 999) - process 1
In: PMI_Abort(999, application called MPI_Abort(MPI_COMM_WORLD, 999) - process 1)
slurmstepd: error: *** STEP 2098728.501 ON m0676 CANCELLED AT 2023-02-28T00:30:54 ***
srun: error: m0676: tasks 0-1: Exited with exit code 231
srun: launch/slurm: _step_signal: Terminating StepId=2098728.501

</pre>
<h3>QMMM/bio_systems/amber/cnstr/atp_blyp_bo_capH_cnstr.inp</h3>
<p><a href='QMMM/bio_systems/amber/cnstr/atp_blyp_bo_capH_cnstr.out'>QMMM/bio_systems/amber/cnstr/atp_blyp_bo_capH_cnstr.out</a></p>
<p class="cat">Some values in the output could not be found.</p>
<ol>
<li><pre>SCALAR 'TOTAL ENERGY =' 4</pre></li>
</ol>
<p class="cat">Test run gave a non-zero return code.</p>
<p>Last 20 lines of output:</p>
<pre class="grey">
 !!!!!!!!!!!!!!!!!!!!!!!!!!!!!!!!!!!!!!!!!!!!!!!!!!!!!!!!!!!!!!!!
 WARNING!
       NEWCODE AND OLDCODE WILL BE DEPRECATED IN A FUTURE RELEASE
       PLEASE SWITCH TO THE NEW XC DRIVER AND/OR LIBXC
       (KEYWORD: XC_DRIVER IN &DFT)
 !!!!!!!!!!!!!!!!!!!!!!!!!!!!!!!!!!!!!!!!!!!!!!!!!!!!!!!!!!!!!!!!
 
 EXCHANGE CORRELATION FUNCTIONALS 
    LDA EXCHANGE:                        SLATER (ALPHA = 0.66667)
    LDA CORRELATION:                             LEE, YANG & PARR
       [C.L. LEE, W. YANG, AND R.G. PARR, PRB 37785 (1988)]
    GRADIENT CORRECTED FUNCTIONAL
    DENSITY THRESHOLD:                                1.00000E-06
    EXCHANGE ENERGY
       [A.D. BECKE, PHYS. REV. A 38, 3098 (1988)]
       PARAMETER BETA:                                   0.004200
    CORRELATION ENERGY
       [LYP: C.L. LEE ET AL. PHYS. REV. B 37, 785 (1988)]
 

</pre>
<p class="cat">Test run gave some standard error.</p>
<p>Last 20 lines of standard error:</p>
<pre class="grey">
srun: Job step aborted: Waiting up to 32 seconds for job step to finish.
Abort(999) on node 0 (rank 0 in comm 0): application called MPI_Abort(MPI_COMM_WORLD, 999) - process 0
In: PMI_Abort(999, application called MPI_Abort(MPI_COMM_WORLD, 999) - process 0)
Abort(999) on node 1 (rank 1 in comm 0): application called MPI_Abort(MPI_COMM_WORLD, 999) - process 1
In: PMI_Abort(999, application called MPI_Abort(MPI_COMM_WORLD, 999) - process 1)
slurmstepd: error: *** STEP 2098728.45 ON m0676 CANCELLED AT 2023-02-28T00:23:10 ***
srun: error: m0676: tasks 0-1: Exited with exit code 231
srun: launch/slurm: _step_signal: Terminating StepId=2098728.45

</pre>
<h3>QMMM/WATER_DIMER_solute_CP/test.inp</h3>
<p><a href='QMMM/WATER_DIMER_solute_CP/test.out'>QMMM/WATER_DIMER_solute_CP/test.out</a></p>
<p class="cat">Some values in the output could not be found.</p>
<ol>
<li><pre>SCALAR 'TOTAL ENERGY =' 4</pre></li>
</ol>
<p class="cat">Test run gave a non-zero return code.</p>
<p>Last 20 lines of output:</p>
<pre class="grey">
 !!!!!!!!!!!!!!!!!!!!!!!!!!!!!!!!!!!!!!!!!!!!!!!!!!!!!!!!!!!!!!!!
 WARNING!
       NEWCODE AND OLDCODE WILL BE DEPRECATED IN A FUTURE RELEASE
       PLEASE SWITCH TO THE NEW XC DRIVER AND/OR LIBXC
       (KEYWORD: XC_DRIVER IN &DFT)
 !!!!!!!!!!!!!!!!!!!!!!!!!!!!!!!!!!!!!!!!!!!!!!!!!!!!!!!!!!!!!!!!
 
 EXCHANGE CORRELATION FUNCTIONALS 
    LDA EXCHANGE:                        SLATER (ALPHA = 0.66667)
    LDA CORRELATION:                             LEE, YANG & PARR
       [C.L. LEE, W. YANG, AND R.G. PARR, PRB 37785 (1988)]
    GRADIENT CORRECTED FUNCTIONAL
    DENSITY THRESHOLD:                                1.00000E-08
    EXCHANGE ENERGY
       [A.D. BECKE, PHYS. REV. A 38, 3098 (1988)]
       PARAMETER BETA:                                   0.004200
    CORRELATION ENERGY
       [LYP: C.L. LEE ET AL. PHYS. REV. B 37, 785 (1988)]
 

</pre>
<p class="cat">Test run gave some standard error.</p>
<p>Last 20 lines of standard error:</p>
<pre class="grey">
srun: Job step aborted: Waiting up to 32 seconds for job step to finish.
Abort(999) on node 0 (rank 0 in comm 0): application called MPI_Abort(MPI_COMM_WORLD, 999) - process 0
In: PMI_Abort(999, application called MPI_Abort(MPI_COMM_WORLD, 999) - process 0)
Abort(999) on node 1 (rank 1 in comm 0): application called MPI_Abort(MPI_COMM_WORLD, 999) - process 1
In: PMI_Abort(999, application called MPI_Abort(MPI_COMM_WORLD, 999) - process 1)
slurmstepd: error: *** STEP 2098728.46 ON m0676 CANCELLED AT 2023-02-28T00:23:10 ***
srun: error: m0676: tasks 0-1: Exited with exit code 231
srun: launch/slurm: _step_signal: Terminating StepId=2098728.46

</pre>
<h3>QMMM/bio_systems/gromos/oecp/atp_blyp_bo_oecp_Gromos.inp</h3>
<p><a href='QMMM/bio_systems/gromos/oecp/atp_blyp_bo_oecp_Gromos.out'>QMMM/bio_systems/gromos/oecp/atp_blyp_bo_oecp_Gromos.out</a></p>
<p class="cat">Some values in the output could not be found.</p>
<ol>
<li><pre>SCALAR 'TOTAL ENERGY =' 4</pre></li>
</ol>
<p class="cat">Test run gave a non-zero return code.</p>
<p>Last 20 lines of output:</p>
<pre class="grey">
 !!!!!!!!!!!!!!!!!!!!!!!!!!!!!!!!!!!!!!!!!!!!!!!!!!!!!!!!!!!!!!!!
 WARNING!
       NEWCODE AND OLDCODE WILL BE DEPRECATED IN A FUTURE RELEASE
       PLEASE SWITCH TO THE NEW XC DRIVER AND/OR LIBXC
       (KEYWORD: XC_DRIVER IN &DFT)
 !!!!!!!!!!!!!!!!!!!!!!!!!!!!!!!!!!!!!!!!!!!!!!!!!!!!!!!!!!!!!!!!
 
 EXCHANGE CORRELATION FUNCTIONALS 
    LDA EXCHANGE:                        SLATER (ALPHA = 0.66667)
    LDA CORRELATION:                             LEE, YANG & PARR
       [C.L. LEE, W. YANG, AND R.G. PARR, PRB 37785 (1988)]
    GRADIENT CORRECTED FUNCTIONAL
    DENSITY THRESHOLD:                                1.00000E-06
    EXCHANGE ENERGY
       [A.D. BECKE, PHYS. REV. A 38, 3098 (1988)]
       PARAMETER BETA:                                   0.004200
    CORRELATION ENERGY
       [LYP: C.L. LEE ET AL. PHYS. REV. B 37, 785 (1988)]
 

</pre>
<p class="cat">Test run gave some standard error.</p>
<p>Last 20 lines of standard error:</p>
<pre class="grey">
srun: Job step aborted: Waiting up to 32 seconds for job step to finish.
Abort(999) on node 0 (rank 0 in comm 0): application called MPI_Abort(MPI_COMM_WORLD, 999) - process 0
In: PMI_Abort(999, application called MPI_Abort(MPI_COMM_WORLD, 999) - process 0)
Abort(999) on node 1 (rank 1 in comm 0): application called MPI_Abort(MPI_COMM_WORLD, 999) - process 1
In: PMI_Abort(999, application called MPI_Abort(MPI_COMM_WORLD, 999) - process 1)
slurmstepd: error: *** STEP 2098728.48 ON m0676 CANCELLED AT 2023-02-28T00:23:10 ***
srun: error: m0676: tasks 0-1: Exited with exit code 231
srun: launch/slurm: _step_signal: Terminating StepId=2098728.48

</pre>
<h3>SP/libxc/nh3-0/nh3.inp</h3>
<p><a href='SP/libxc/nh3-0/nh3.out'>SP/libxc/nh3-0/nh3.out</a></p>
<p class="cat">Some values in the output could not be found.</p>
<ol>
<li><pre>SCALAR 'TOTAL ENERGY =' 4</pre></li>
</ol>
<p class="cat">Test run gave a non-zero return code.</p>
<p>Last 20 lines of output:</p>
<pre class="grey">
 PRINT INTERMEDIATE RESULTS EVERY                     10001 STEPS
 STORE INTERMEDIATE RESULTS EVERY                     10001 STEPS
 NUMBER OF DISTINCT RESTART FILES:                              1
 TEMPERATURE IS CALCULATED ASSUMING EXTENDED BULK BEHAVIOR 
 FICTITIOUS ELECTRON MASS:                               400.0000
 TIME STEP FOR ELECTRONS:                                  5.0000
 TIME STEP FOR IONS:                                       5.0000
 CONVERGENCE CRITERIA FOR WAVEFUNCTION OPTIMIZATION:   1.0000E-06
 WAVEFUNCTION OPTIMIZATION BY PRECONDITIONED DIIS
 THRESHOLD FOR THE WF-HESSIAN IS                           0.5000
 MAXIMUM NUMBER OF VECTORS RETAINED FOR DIIS:                  10
 STEPS UNTIL DIIS RESET ON POOR PROGRESS:                      10
 FULL ELECTRONIC GRADIENT IS USED 
 SPLINE INTERPOLATION IN G-SPACE FOR PSEUDOPOTENTIAL FUNCTIONS
    NUMBER OF SPLINE POINTS:                                 5000
 
 EXCHANGE-CORRELATION FUNCTIONALS:
 
    100.0% LIBXC LDA_X

</pre>
<p class="cat">Test run gave some standard error.</p>
<p>Last 20 lines of standard error:</p>
<pre class="grey">
srun: Job step aborted: Waiting up to 32 seconds for job step to finish.
Abort(999) on node 0 (rank 0 in comm 0): application called MPI_Abort(MPI_COMM_WORLD, 999) - process 0
In: PMI_Abort(999, application called MPI_Abort(MPI_COMM_WORLD, 999) - process 0)
Abort(999) on node 1 (rank 1 in comm 0): application called MPI_Abort(MPI_COMM_WORLD, 999) - process 1
In: PMI_Abort(999, application called MPI_Abort(MPI_COMM_WORLD, 999) - process 1)
slurmstepd: error: *** STEP 2098728.47 ON m0676 CANCELLED AT 2023-02-28T00:23:10 ***
srun: error: m0676: tasks 0-1: Exited with exit code 231
srun: launch/slurm: _step_signal: Terminating StepId=2098728.47

</pre>
<h3>SP/libxc/nh3-6/nh3.inp</h3>
<p><a href='SP/libxc/nh3-6/nh3.out'>SP/libxc/nh3-6/nh3.out</a></p>
<p class="cat">Some values in the output could not be found.</p>
<ol>
<li><pre>SCALAR 'TOTAL ENERGY =' 4</pre></li>
</ol>
<p class="cat">Test run gave a non-zero return code.</p>
<p>Last 20 lines of output:</p>
<pre class="grey">
 CONVERGENCE CRITERIA FOR WAVEFUNCTION OPTIMIZATION:   1.0000E-06
 WAVEFUNCTION OPTIMIZATION BY PRECONDITIONED DIIS
 THRESHOLD FOR THE WF-HESSIAN IS                           0.5000
 MAXIMUM NUMBER OF VECTORS RETAINED FOR DIIS:                  10
 STEPS UNTIL DIIS RESET ON POOR PROGRESS:                      10
 FULL ELECTRONIC GRADIENT IS USED 
 SPLINE INTERPOLATION IN G-SPACE FOR PSEUDOPOTENTIAL FUNCTIONS
    NUMBER OF SPLINE POINTS:                                 5000
 
 EXCHANGE-CORRELATION FUNCTIONALS:
 
    100.0% LIBXC HYB_GGA_XC_PBEH
           GC-CUTOFF VALUE FOR GRADIENT SMOOTHING:     1.0000E-08
 
     25.0% HFX   EXACT EXCHANGE

 USE NEW HFX MODULE                                             T
 USE BLOCK CYCLIC DISTRIBUTION
 BLOCK SIZE                                                     2

</pre>
<p class="cat">Test run gave some standard error.</p>
<p>Last 20 lines of standard error:</p>
<pre class="grey">
srun: Job step aborted: Waiting up to 32 seconds for job step to finish.
Abort(999) on node 0 (rank 0 in comm 0): application called MPI_Abort(MPI_COMM_WORLD, 999) - process 0
In: PMI_Abort(999, application called MPI_Abort(MPI_COMM_WORLD, 999) - process 0)
Abort(999) on node 1 (rank 1 in comm 0): application called MPI_Abort(MPI_COMM_WORLD, 999) - process 1
In: PMI_Abort(999, application called MPI_Abort(MPI_COMM_WORLD, 999) - process 1)
slurmstepd: error: *** STEP 2098728.49 ON m0676 CANCELLED AT 2023-02-28T00:23:11 ***
srun: error: m0676: tasks 0-1: Exited with exit code 231
srun: launch/slurm: _step_signal: Terminating StepId=2098728.49

</pre>
<h3>QMMM/bio_systems/amber/blyp/oecp/atp_blyp_cpmd_oecp.inp</h3>
<p><a href='QMMM/bio_systems/amber/blyp/oecp/atp_blyp_cpmd_oecp.out'>QMMM/bio_systems/amber/blyp/oecp/atp_blyp_cpmd_oecp.out</a></p>
<p class="cat">Some values in the output could not be found.</p>
<ol>
<li><pre>SCALAR 'TOTAL ENERGY =' 4</pre></li>
</ol>
<p class="cat">Test run gave a non-zero return code.</p>
<p>Last 20 lines of output:</p>
<pre class="grey">
 !!!!!!!!!!!!!!!!!!!!!!!!!!!!!!!!!!!!!!!!!!!!!!!!!!!!!!!!!!!!!!!!
 WARNING!
       NEWCODE AND OLDCODE WILL BE DEPRECATED IN A FUTURE RELEASE
       PLEASE SWITCH TO THE NEW XC DRIVER AND/OR LIBXC
       (KEYWORD: XC_DRIVER IN &DFT)
 !!!!!!!!!!!!!!!!!!!!!!!!!!!!!!!!!!!!!!!!!!!!!!!!!!!!!!!!!!!!!!!!
 
 EXCHANGE CORRELATION FUNCTIONALS 
    LDA EXCHANGE:                        SLATER (ALPHA = 0.66667)
    LDA CORRELATION:                             LEE, YANG & PARR
       [C.L. LEE, W. YANG, AND R.G. PARR, PRB 37785 (1988)]
    GRADIENT CORRECTED FUNCTIONAL
    DENSITY THRESHOLD:                                1.00000E-06
    EXCHANGE ENERGY
       [A.D. BECKE, PHYS. REV. A 38, 3098 (1988)]
       PARAMETER BETA:                                   0.004200
    CORRELATION ENERGY
       [LYP: C.L. LEE ET AL. PHYS. REV. B 37, 785 (1988)]
 

</pre>
<p class="cat">Test run gave some standard error.</p>
<p>Last 20 lines of standard error:</p>
<pre class="grey">
srun: Job step aborted: Waiting up to 32 seconds for job step to finish.
Abort(999) on node 0 (rank 0 in comm 0): application called MPI_Abort(MPI_COMM_WORLD, 999) - process 0
In: PMI_Abort(999, application called MPI_Abort(MPI_COMM_WORLD, 999) - process 0)
Abort(999) on node 1 (rank 1 in comm 0): application called MPI_Abort(MPI_COMM_WORLD, 999) - process 1
In: PMI_Abort(999, application called MPI_Abort(MPI_COMM_WORLD, 999) - process 1)
slurmstepd: error: *** STEP 2098728.51 ON m0676 CANCELLED AT 2023-02-28T00:23:11 ***
srun: error: m0676: tasks 0-1: Exited with exit code 231
srun: launch/slurm: _step_signal: Terminating StepId=2098728.51

</pre>
<h3>GEO/libxc/u-2/test.inp</h3>
<p><a href='GEO/libxc/u-2/test.out'>GEO/libxc/u-2/test.out</a></p>
<p class="cat">Some values in the output could not be found.</p>
<ol>
<li><pre>SCALAR 'TOTAL ENERGY =' 4</pre></li>
</ol>
<p class="cat">Test run gave a non-zero return code.</p>
<p>Last 20 lines of output:</p>
<pre class="grey">
 TIME STEP FOR ELECTRONS:                                  5.0000
 TIME STEP FOR IONS:                                       5.0000
 CONVERGENCE CRITERIA FOR WAVEFUNCTION OPTIMIZATION:   1.0000E-05
 WAVEFUNCTION OPTIMIZATION BY PRECONDITIONED DIIS
 THRESHOLD FOR THE WF-HESSIAN IS                           0.5000
 MAXIMUM NUMBER OF VECTORS RETAINED FOR DIIS:                  10
 STEPS UNTIL DIIS RESET ON POOR PROGRESS:                      10
 FULL ELECTRONIC GRADIENT IS USED 
 CONVERGENCE CRITERIA FOR GEOMETRY OPTIMIZATION:     5.000000E-04
 GEOMETRY OPTIMIZATION BY GDIIS/BFGS      
   SIZE OF GDIIS MATRIX:                                        2
 EMPIRICAL INITIAL HESSIAN (DISCO PARAMETRISATION) 
 SPLINE INTERPOLATION IN G-SPACE FOR PSEUDOPOTENTIAL FUNCTIONS
    NUMBER OF SPLINE POINTS:                                 5000
 
 EXCHANGE-CORRELATION FUNCTIONALS:
 
    100.0% LIBXC GGA_XC_XLYP
           GC-CUTOFF VALUE FOR GRADIENT SMOOTHING:     1.0000E-08

</pre>
<p class="cat">Test run gave some standard error.</p>
<p>Last 20 lines of standard error:</p>
<pre class="grey">
srun: Job step aborted: Waiting up to 32 seconds for job step to finish.
Abort(999) on node 0 (rank 0 in comm 0): application called MPI_Abort(MPI_COMM_WORLD, 999) - process 0
In: PMI_Abort(999, application called MPI_Abort(MPI_COMM_WORLD, 999) - process 0)
Abort(999) on node 1 (rank 1 in comm 0): application called MPI_Abort(MPI_COMM_WORLD, 999) - process 1
In: PMI_Abort(999, application called MPI_Abort(MPI_COMM_WORLD, 999) - process 1)
slurmstepd: error: *** STEP 2098728.297 ON m0676 CANCELLED AT 2023-02-28T00:29:13 ***
srun: error: m0676: tasks 0-1: Exited with exit code 231
srun: launch/slurm: _step_signal: Terminating StepId=2098728.297

</pre>
<h3>SP/libxc/nh3-u-5/nh3.inp</h3>
<p><a href='SP/libxc/nh3-u-5/nh3.out'>SP/libxc/nh3-u-5/nh3.out</a></p>
<p class="cat">Some values in the output could not be found.</p>
<ol>
<li><pre>SCALAR 'TOTAL ENERGY =' 4</pre></li>
</ol>
<p class="cat">Test run gave a non-zero return code.</p>
<p>Last 20 lines of output:</p>
<pre class="grey">
      8.0% LIBXC LDA_X
     72.0% LIBXC GGA_X_B88
     81.0% LIBXC GGA_C_LYP
     19.0% LIBXC LDA_C_VWN_RPA
           GC-CUTOFF VALUE FOR GRADIENT SMOOTHING:     1.0000E-08
 
     20.0% HFX   EXACT EXCHANGE
           HFX PARAMETERS ARE NON-DEFAULT

 USE NEW HFX MODULE                                             T
 USE BLOCK CYCLIC DISTRIBUTION
 BLOCK SIZE                                                     2

 ================================================================
 =               UNKNOWN KEYWORDS IN SECTION &DFT              =
 = MULTIPLICITY
 = 1
 ================================================================


</pre>
<p class="cat">Test run gave some standard error.</p>
<p>Last 20 lines of standard error:</p>
<pre class="grey">
srun: Job step aborted: Waiting up to 32 seconds for job step to finish.
Abort(999) on node 0 (rank 0 in comm 0): application called MPI_Abort(MPI_COMM_WORLD, 999) - process 0
In: PMI_Abort(999, application called MPI_Abort(MPI_COMM_WORLD, 999) - process 0)
Abort(999) on node 1 (rank 1 in comm 0): application called MPI_Abort(MPI_COMM_WORLD, 999) - process 1
In: PMI_Abort(999, application called MPI_Abort(MPI_COMM_WORLD, 999) - process 1)
slurmstepd: error: *** STEP 2098728.52 ON m0676 CANCELLED AT 2023-02-28T00:23:11 ***
srun: error: m0676: tasks 0-1: Exited with exit code 231
srun: launch/slurm: _step_signal: Terminating StepId=2098728.52

</pre>
<h3>BO/libxc/u-3/test.inp</h3>
<p><a href='BO/libxc/u-3/test.out'>BO/libxc/u-3/test.out</a></p>
<p class="cat">Some values in the output could not be found.</p>
<ol>
<li><pre>SCALAR 'TOTAL ENERGY =' 4</pre></li>
</ol>
<p class="cat">Test run gave a non-zero return code.</p>
<p>Last 20 lines of output:</p>
<pre class="grey">
 TIME STEP FOR ELECTRONS:                                 20.6707
 TIME STEP FOR IONS:                                      20.6707
 TRAJECTORIES ARE SAVED ON FILE
 ELECTRON DYNAMICS: THE TEMPERATURE IS NOT CONTROLLED
 ION DYNAMICS:      THE TEMPERATURE IS NOT CONTROLLED
 ASPC WAVEFUNCTION EXTRAPOLATION (MAX. HISTORY)                 6
 SPLINE INTERPOLATION IN G-SPACE FOR PSEUDOPOTENTIAL FUNCTIONS
    NUMBER OF SPLINE POINTS:                                 5000
 
 EXCHANGE-CORRELATION FUNCTIONALS:
 
    100.0% LIBXC HYB_GGA_XC_B3LYP
           GC-CUTOFF VALUE FOR GRADIENT SMOOTHING:     1.0000E-08
 
     20.0% HFX   EXACT EXCHANGE

 USE NEW HFX MODULE                                             T
 USE BLOCK CYCLIC DISTRIBUTION
 BLOCK SIZE                                                     2

</pre>
<p class="cat">Test run gave some standard error.</p>
<p>Last 20 lines of standard error:</p>
<pre class="grey">
srun: Job step aborted: Waiting up to 32 seconds for job step to finish.
Abort(999) on node 0 (rank 0 in comm 0): application called MPI_Abort(MPI_COMM_WORLD, 999) - process 0
In: PMI_Abort(999, application called MPI_Abort(MPI_COMM_WORLD, 999) - process 0)
Abort(999) on node 1 (rank 1 in comm 0): application called MPI_Abort(MPI_COMM_WORLD, 999) - process 1
In: PMI_Abort(999, application called MPI_Abort(MPI_COMM_WORLD, 999) - process 1)
slurmstepd: error: *** STEP 2098728.502 ON m0676 CANCELLED AT 2023-02-28T00:30:55 ***
srun: error: m0676: tasks 0-1: Exited with exit code 231
srun: launch/slurm: _step_signal: Terminating StepId=2098728.502

</pre>
<h3>TD/libxc/n-2/w.inp</h3>
<p><a href='TD/libxc/n-2/w.out'>TD/libxc/n-2/w.out</a></p>
<p class="cat">Some values in the output could not be found.</p>
<ol>
<li><pre>SCALAR 'CHKSUM\(EIGENVALUES\) =' 2</pre></li>
</ol>
<p class="cat">Test run gave a non-zero return code.</p>
<p>Last 20 lines of output:</p>
<pre class="grey">
 STORE INTERMEDIATE RESULTS EVERY                     10001 STEPS
 NUMBER OF DISTINCT RESTART FILES:                              1
 TEMPERATURE IS CALCULATED ASSUMING EXTENDED BULK BEHAVIOR 
 FICTITIOUS ELECTRON MASS:                               400.0000
 TIME STEP FOR ELECTRONS:                                  5.0000
 TIME STEP FOR IONS:                                       5.0000
 CONVERGENCE CRITERIA FOR WAVEFUNCTION OPTIMIZATION:   1.0000E-04
 WAVEFUNCTION OPTIMIZATION BY PRECONDITIONED DIIS
 THRESHOLD FOR THE WF-HESSIAN IS                           0.5000
 MAXIMUM NUMBER OF VECTORS RETAINED FOR DIIS:                  10
 STEPS UNTIL DIIS RESET ON POOR PROGRESS:                      10
 FULL ELECTRONIC GRADIENT IS USED 
 SPLINE INTERPOLATION IN G-SPACE FOR PSEUDOPOTENTIAL FUNCTIONS
    NUMBER OF SPLINE POINTS:                                 5000
 
 EXCHANGE-CORRELATION FUNCTIONALS:
 
    100.0% LIBXC GGA_XC_XLYP
           GC-CUTOFF VALUE FOR GRADIENT SMOOTHING:     1.0000E-08

</pre>
<p class="cat">Test run gave some standard error.</p>
<p>Last 20 lines of standard error:</p>
<pre class="grey">
srun: Job step aborted: Waiting up to 32 seconds for job step to finish.
Abort(999) on node 0 (rank 0 in comm 0): application called MPI_Abort(MPI_COMM_WORLD, 999) - process 0
In: PMI_Abort(999, application called MPI_Abort(MPI_COMM_WORLD, 999) - process 0)
Abort(999) on node 1 (rank 1 in comm 0): application called MPI_Abort(MPI_COMM_WORLD, 999) - process 1
In: PMI_Abort(999, application called MPI_Abort(MPI_COMM_WORLD, 999) - process 1)
slurmstepd: error: *** STEP 2098728.721 ON m0676 CANCELLED AT 2023-02-28T00:32:05 ***
slurmstepd: error: *** STEP 2098728.721 ON m0676 CANCELLED AT 2023-02-28T00:32:05 ***
srun: error: m0676: tasks 0-1: Exited with exit code 231
srun: launch/slurm: _step_signal: Terminating StepId=2098728.721

</pre>
<h3>QMMM/bio_systems/amber/cnstr/atp_blyp_bo_oecp_cnstr.inp</h3>
<p><a href='QMMM/bio_systems/amber/cnstr/atp_blyp_bo_oecp_cnstr.out'>QMMM/bio_systems/amber/cnstr/atp_blyp_bo_oecp_cnstr.out</a></p>
<p class="cat">Some values in the output could not be found.</p>
<ol>
<li><pre>SCALAR 'TOTAL ENERGY =' 4</pre></li>
</ol>
<p class="cat">Test run gave a non-zero return code.</p>
<p>Last 20 lines of output:</p>
<pre class="grey">
 !!!!!!!!!!!!!!!!!!!!!!!!!!!!!!!!!!!!!!!!!!!!!!!!!!!!!!!!!!!!!!!!
 WARNING!
       NEWCODE AND OLDCODE WILL BE DEPRECATED IN A FUTURE RELEASE
       PLEASE SWITCH TO THE NEW XC DRIVER AND/OR LIBXC
       (KEYWORD: XC_DRIVER IN &DFT)
 !!!!!!!!!!!!!!!!!!!!!!!!!!!!!!!!!!!!!!!!!!!!!!!!!!!!!!!!!!!!!!!!
 
 EXCHANGE CORRELATION FUNCTIONALS 
    LDA EXCHANGE:                        SLATER (ALPHA = 0.66667)
    LDA CORRELATION:                             LEE, YANG & PARR
       [C.L. LEE, W. YANG, AND R.G. PARR, PRB 37785 (1988)]
    GRADIENT CORRECTED FUNCTIONAL
    DENSITY THRESHOLD:                                1.00000E-06
    EXCHANGE ENERGY
       [A.D. BECKE, PHYS. REV. A 38, 3098 (1988)]
       PARAMETER BETA:                                   0.004200
    CORRELATION ENERGY
       [LYP: C.L. LEE ET AL. PHYS. REV. B 37, 785 (1988)]
 

</pre>
<p class="cat">Test run gave some standard error.</p>
<p>Last 20 lines of standard error:</p>
<pre class="grey">
srun: Job step aborted: Waiting up to 32 seconds for job step to finish.
Abort(999) on node 0 (rank 0 in comm 0): application called MPI_Abort(MPI_COMM_WORLD, 999) - process 0
In: PMI_Abort(999, application called MPI_Abort(MPI_COMM_WORLD, 999) - process 0)
Abort(999) on node 1 (rank 1 in comm 0): application called MPI_Abort(MPI_COMM_WORLD, 999) - process 1
In: PMI_Abort(999, application called MPI_Abort(MPI_COMM_WORLD, 999) - process 1)
slurmstepd: error: *** STEP 2098728.50 ON m0676 CANCELLED AT 2023-02-28T00:23:11 ***
slurmstepd: error: *** STEP 2098728.50 ON m0676 CANCELLED AT 2023-02-28T00:23:11 ***
slurmstepd: error: *** STEP 2098728.50 ON m0676 CANCELLED AT 2023-02-28T00:23:11 ***
srun: error: m0676: tasks 0-1: Exited with exit code 231
srun: launch/slurm: _step_signal: Terminating StepId=2098728.50

</pre>
<h3>BO/libxc/u-2/test.inp</h3>
<p><a href='BO/libxc/u-2/test.out'>BO/libxc/u-2/test.out</a></p>
<p class="cat">Some values in the output could not be found.</p>
<ol>
<li><pre>SCALAR 'TOTAL ENERGY =' 4</pre></li>
</ol>
<p class="cat">Test run gave a non-zero return code.</p>
<p>Last 20 lines of output:</p>
<pre class="grey">
 PRINT INTERMEDIATE RESULTS EVERY                     10001 STEPS
 STORE INTERMEDIATE RESULTS EVERY                     10001 STEPS
 STORE INTERMEDIATE RESULTS EVERY         3 SELF-CONSISTENT STEPS
 NUMBER OF DISTINCT RESTART FILES:                              1
 TEMPERATURE IS CALCULATED ASSUMING EXTENDED BULK BEHAVIOR 
 FICTITIOUS ELECTRON MASS:                               400.0000
 TIME STEP FOR ELECTRONS:                                 20.6707
 TIME STEP FOR IONS:                                      20.6707
 TRAJECTORIES ARE SAVED ON FILE
 ELECTRON DYNAMICS: THE TEMPERATURE IS NOT CONTROLLED
 ION DYNAMICS:      THE TEMPERATURE IS NOT CONTROLLED
 ASPC WAVEFUNCTION EXTRAPOLATION (MAX. HISTORY)                 6
 SPLINE INTERPOLATION IN G-SPACE FOR PSEUDOPOTENTIAL FUNCTIONS
    NUMBER OF SPLINE POINTS:                                 5000
 
 EXCHANGE-CORRELATION FUNCTIONALS:
 
    100.0% LIBXC GGA_XC_XLYP
           GC-CUTOFF VALUE FOR GRADIENT SMOOTHING:     1.0000E-08

</pre>
<p class="cat">Test run gave some standard error.</p>
<p>Last 20 lines of standard error:</p>
<pre class="grey">
srun: Job step aborted: Waiting up to 32 seconds for job step to finish.
Abort(999) on node 0 (rank 0 in comm 0): application called MPI_Abort(MPI_COMM_WORLD, 999) - process 0
In: PMI_Abort(999, application called MPI_Abort(MPI_COMM_WORLD, 999) - process 0)
Abort(999) on node 1 (rank 1 in comm 0): application called MPI_Abort(MPI_COMM_WORLD, 999) - process 1
In: PMI_Abort(999, application called MPI_Abort(MPI_COMM_WORLD, 999) - process 1)
slurmstepd: error: *** STEP 2098728.503 ON m0676 CANCELLED AT 2023-02-28T00:30:55 ***
srun: error: m0676: tasks 0-1: Exited with exit code 231
srun: launch/slurm: _step_signal: Terminating StepId=2098728.503

</pre>
<h3>GEO/libxc/r-0/test.inp</h3>
<p><a href='GEO/libxc/r-0/test.out'>GEO/libxc/r-0/test.out</a></p>
<p class="cat">Some values in the output could not be found.</p>
<ol>
<li><pre>SCALAR 'TOTAL ENERGY =' 4</pre></li>
</ol>
<p class="cat">Test run gave a non-zero return code.</p>
<p>Last 20 lines of output:</p>
<pre class="grey">
 FICTITIOUS ELECTRON MASS:                               400.0000
 TIME STEP FOR ELECTRONS:                                  5.0000
 TIME STEP FOR IONS:                                       5.0000
 CONVERGENCE CRITERIA FOR WAVEFUNCTION OPTIMIZATION:   1.0000E-05
 WAVEFUNCTION OPTIMIZATION BY PRECONDITIONED DIIS
 THRESHOLD FOR THE WF-HESSIAN IS                           0.5000
 MAXIMUM NUMBER OF VECTORS RETAINED FOR DIIS:                  10
 STEPS UNTIL DIIS RESET ON POOR PROGRESS:                      10
 FULL ELECTRONIC GRADIENT IS USED 
 CONVERGENCE CRITERIA FOR GEOMETRY OPTIMIZATION:     5.000000E-04
 GEOMETRY OPTIMIZATION BY GDIIS/BFGS      
   SIZE OF GDIIS MATRIX:                                        2
 EMPIRICAL INITIAL HESSIAN (DISCO PARAMETRISATION) 
 SPLINE INTERPOLATION IN G-SPACE FOR PSEUDOPOTENTIAL FUNCTIONS
    NUMBER OF SPLINE POINTS:                                 5000
 
 EXCHANGE-CORRELATION FUNCTIONALS:
 
    100.0% LIBXC LDA_X

</pre>
<p class="cat">Test run gave some standard error.</p>
<p>Last 20 lines of standard error:</p>
<pre class="grey">
srun: Job step aborted: Waiting up to 32 seconds for job step to finish.
Abort(999) on node 0 (rank 0 in comm 0): application called MPI_Abort(MPI_COMM_WORLD, 999) - process 0
In: PMI_Abort(999, application called MPI_Abort(MPI_COMM_WORLD, 999) - process 0)
Abort(999) on node 1 (rank 1 in comm 0): application called MPI_Abort(MPI_COMM_WORLD, 999) - process 1
In: PMI_Abort(999, application called MPI_Abort(MPI_COMM_WORLD, 999) - process 1)
slurmstepd: error: *** STEP 2098728.504 ON m0676 CANCELLED AT 2023-02-28T00:30:55 ***
srun: error: m0676: tasks 0-1: Exited with exit code 231
srun: launch/slurm: _step_signal: Terminating StepId=2098728.504

</pre>
<h3>BO/libxc/r-1/test.inp</h3>
<p><a href='BO/libxc/r-1/test.out'>BO/libxc/r-1/test.out</a></p>
<p class="cat">Some values in the output could not be found.</p>
<ol>
<li><pre>SCALAR 'TOTAL ENERGY =' 4</pre></li>
</ol>
<p class="cat">Test run gave a non-zero return code.</p>
<p>Last 20 lines of output:</p>
<pre class="grey">
 STORE INTERMEDIATE RESULTS EVERY                     10001 STEPS
 STORE INTERMEDIATE RESULTS EVERY         3 SELF-CONSISTENT STEPS
 NUMBER OF DISTINCT RESTART FILES:                              1
 TEMPERATURE IS CALCULATED ASSUMING EXTENDED BULK BEHAVIOR 
 FICTITIOUS ELECTRON MASS:                               400.0000
 TIME STEP FOR ELECTRONS:                                 20.6707
 TIME STEP FOR IONS:                                      20.6707
 TRAJECTORIES ARE SAVED ON FILE
 ELECTRON DYNAMICS: THE TEMPERATURE IS NOT CONTROLLED
 ION DYNAMICS:      THE TEMPERATURE IS NOT CONTROLLED
 ASPC WAVEFUNCTION EXTRAPOLATION (MAX. HISTORY)                 6
 SPLINE INTERPOLATION IN G-SPACE FOR PSEUDOPOTENTIAL FUNCTIONS
    NUMBER OF SPLINE POINTS:                                 5000
 
 EXCHANGE-CORRELATION FUNCTIONALS:
 
    100.0% LIBXC GGA_X_PBE
    100.0% LIBXC GGA_C_PBE
           GC-CUTOFF VALUE FOR GRADIENT SMOOTHING:     1.0000E-08

</pre>
<p class="cat">Test run gave some standard error.</p>
<p>Last 20 lines of standard error:</p>
<pre class="grey">
srun: Job step aborted: Waiting up to 32 seconds for job step to finish.
Abort(999) on node 0 (rank 0 in comm 0): application called MPI_Abort(MPI_COMM_WORLD, 999) - process 0
In: PMI_Abort(999, application called MPI_Abort(MPI_COMM_WORLD, 999) - process 0)
Abort(999) on node 1 (rank 1 in comm 0): application called MPI_Abort(MPI_COMM_WORLD, 999) - process 1
In: PMI_Abort(999, application called MPI_Abort(MPI_COMM_WORLD, 999) - process 1)
slurmstepd: error: *** STEP 2098728.765 ON m0676 CANCELLED AT 2023-02-28T00:32:16 ***
srun: error: m0676: task 0: Killed
srun: launch/slurm: _step_signal: Terminating StepId=2098728.765
srun: error: m0676: task 1: Exited with exit code 231

</pre>
<h3>SP/libxc/nh3-4/nh3.inp</h3>
<p><a href='SP/libxc/nh3-4/nh3.out'>SP/libxc/nh3-4/nh3.out</a></p>
<p class="cat">Some values in the output could not be found.</p>
<ol>
<li><pre>SCALAR 'TOTAL ENERGY =' 4</pre></li>
</ol>
<p class="cat">Test run gave a non-zero return code.</p>
<p>Last 20 lines of output:</p>
<pre class="grey">
    100.0% LIBXC HYB_GGA_XC_CAM_B3LYP
           CP EXCHANGE FUNCTIONALS ARE COULOMB-ATTENUATED (CAM)
           MU [BOHR]: 0.33000 ; ALPHA: 0.19000 ; BETA: 0.46000
           GC-CUTOFF VALUE FOR GRADIENT SMOOTHING:     1.0000E-08
 
     19.0% SR    EXACT EXCHANGE
     65.0% LR    EXACT EXCHANGE
           HFX IS COULOMB-ATTENUATED (CAM)
           MU [BOHR]: 0.33000 ; ALPHA: 0.19000 ; BETA: 0.46000

 FOR THE RECIPROCAL SPACE IMPLEMENTATION OF CAM, PLEASE REFER TO:
                                M.P. Bircher and U. Rothlisberger
              J. Chem. Theory Comput., 2018, 14 (6), pp 3184–3195
                                    DOI: 10.1021/acs.jctc.8b00069


 USE NEW HFX MODULE                                             T
 USE BLOCK CYCLIC DISTRIBUTION
 BLOCK SIZE                                                     2

</pre>
<p class="cat">Test run gave some standard error.</p>
<p>Last 20 lines of standard error:</p>
<pre class="grey">
srun: Job step aborted: Waiting up to 32 seconds for job step to finish.
Abort(999) on node 0 (rank 0 in comm 0): application called MPI_Abort(MPI_COMM_WORLD, 999) - process 0
In: PMI_Abort(999, application called MPI_Abort(MPI_COMM_WORLD, 999) - process 0)
Abort(999) on node 1 (rank 1 in comm 0): application called MPI_Abort(MPI_COMM_WORLD, 999) - process 1
In: PMI_Abort(999, application called MPI_Abort(MPI_COMM_WORLD, 999) - process 1)
slurmstepd: error: *** STEP 2098728.53 ON m0676 CANCELLED AT 2023-02-28T00:23:11 ***
srun: error: m0676: tasks 0-1: Exited with exit code 231
srun: launch/slurm: _step_signal: Terminating StepId=2098728.53

</pre>
<h3>GEO/libxc/r-5/test.inp</h3>
<p><a href='GEO/libxc/r-5/test.out'>GEO/libxc/r-5/test.out</a></p>
<p class="cat">Some values in the output could not be found.</p>
<ol>
<li><pre>SCALAR 'TOTAL ENERGY =' 4</pre></li>
</ol>
<p class="cat">Test run gave a non-zero return code.</p>
<p>Last 20 lines of output:</p>
<pre class="grey">
   SIZE OF GDIIS MATRIX:                                        2
 EMPIRICAL INITIAL HESSIAN (DISCO PARAMETRISATION) 
 SPLINE INTERPOLATION IN G-SPACE FOR PSEUDOPOTENTIAL FUNCTIONS
    NUMBER OF SPLINE POINTS:                                 5000
 
 EXCHANGE-CORRELATION FUNCTIONALS:
 
      8.0% LIBXC LDA_X
     72.0% LIBXC GGA_X_B88
     81.0% LIBXC GGA_C_LYP
     19.0% LIBXC LDA_C_VWN_RPA
           GC-CUTOFF VALUE FOR GRADIENT SMOOTHING:     1.0000E-08
 
     20.0% HFX   EXACT EXCHANGE
           HFX PARAMETERS ARE NON-DEFAULT

 USE NEW HFX MODULE                                             T
 USE BLOCK CYCLIC DISTRIBUTION
 BLOCK SIZE                                                     2

</pre>
<p class="cat">Test run gave some standard error.</p>
<p>Last 20 lines of standard error:</p>
<pre class="grey">
srun: Job step aborted: Waiting up to 32 seconds for job step to finish.
Abort(999) on node 0 (rank 0 in comm 0): application called MPI_Abort(MPI_COMM_WORLD, 999) - process 0
In: PMI_Abort(999, application called MPI_Abort(MPI_COMM_WORLD, 999) - process 0)
Abort(999) on node 1 (rank 1 in comm 0): application called MPI_Abort(MPI_COMM_WORLD, 999) - process 1
In: PMI_Abort(999, application called MPI_Abort(MPI_COMM_WORLD, 999) - process 1)
slurmstepd: error: *** STEP 2098728.505 ON m0676 CANCELLED AT 2023-02-28T00:30:55 ***
srun: error: m0676: tasks 0-1: Exited with exit code 231
srun: launch/slurm: _step_signal: Terminating StepId=2098728.505

</pre>
<h3>BO/libxc/r-0/test.inp</h3>
<p><a href='BO/libxc/r-0/test.out'>BO/libxc/r-0/test.out</a></p>
<p class="cat">Some values in the output could not be found.</p>
<ol>
<li><pre>SCALAR 'TOTAL ENERGY =' 4</pre></li>
</ol>
<p class="cat">Test run gave a non-zero return code.</p>
<p>Last 20 lines of output:</p>
<pre class="grey">
 MAXIMUM NUMBER OF ITERATIONS FOR SC:                     2 STEPS
 PRINT INTERMEDIATE RESULTS EVERY                     10001 STEPS
 STORE INTERMEDIATE RESULTS EVERY                     10001 STEPS
 STORE INTERMEDIATE RESULTS EVERY         3 SELF-CONSISTENT STEPS
 NUMBER OF DISTINCT RESTART FILES:                              1
 TEMPERATURE IS CALCULATED ASSUMING EXTENDED BULK BEHAVIOR 
 FICTITIOUS ELECTRON MASS:                               400.0000
 TIME STEP FOR ELECTRONS:                                 20.6707
 TIME STEP FOR IONS:                                      20.6707
 TRAJECTORIES ARE SAVED ON FILE
 ELECTRON DYNAMICS: THE TEMPERATURE IS NOT CONTROLLED
 ION DYNAMICS:      THE TEMPERATURE IS NOT CONTROLLED
 ASPC WAVEFUNCTION EXTRAPOLATION (MAX. HISTORY)                 6
 SPLINE INTERPOLATION IN G-SPACE FOR PSEUDOPOTENTIAL FUNCTIONS
    NUMBER OF SPLINE POINTS:                                 5000
 
 EXCHANGE-CORRELATION FUNCTIONALS:
 
    100.0% LIBXC LDA_X

</pre>
<p class="cat">Test run gave some standard error.</p>
<p>Last 20 lines of standard error:</p>
<pre class="grey">
srun: Job step aborted: Waiting up to 32 seconds for job step to finish.
Abort(999) on node 0 (rank 0 in comm 0): application called MPI_Abort(MPI_COMM_WORLD, 999) - process 0
In: PMI_Abort(999, application called MPI_Abort(MPI_COMM_WORLD, 999) - process 0)
Abort(999) on node 1 (rank 1 in comm 0): application called MPI_Abort(MPI_COMM_WORLD, 999) - process 1
In: PMI_Abort(999, application called MPI_Abort(MPI_COMM_WORLD, 999) - process 1)
slurmstepd: error: *** STEP 2098728.766 ON m0676 CANCELLED AT 2023-02-28T00:32:16 ***
srun: error: m0676: tasks 0-1: Exited with exit code 231
srun: launch/slurm: _step_signal: Terminating StepId=2098728.766

</pre>
<h3>SP/libxc/h2o-0/test.inp</h3>
<p><a href='SP/libxc/h2o-0/test.out'>SP/libxc/h2o-0/test.out</a></p>
<p class="cat">Something went wrong in the CPQA driver script.</p>
<ol>
<li><pre>Traceback (most recent call last):
  File "/home/titan/nfcc/nfcc02/cpmd_merge_github/cpqa/src/cpqa/tests.py", line 132, in harvest_file
    fragment.digest()
  File "/home/titan/nfcc/nfcc02/cpmd_merge_github/cpqa/src/cpqa/tests.py", line 63, in digest
    self.value = float(self.lines[0].split()[self.column])
ValueError: could not convert string to float: 'TOTAL
</pre></li>
</ol>
<p class="cat">Some values in the output could not be found.</p>
<ol>
<li><pre>SCALAR 'TOTAL ENERGY =' 4</pre></li>
</ol>
<p class="cat">Test run gave a non-zero return code.</p>
<p>Last 20 lines of output:</p>
<pre class="grey">
    100.0% LIBXC HYB_GGA_XC_CAM_B3LYP
           CP EXCHANGE FUNCTIONALS ARE COULOMB-ATTENUATED (CAM)
           MU [BOHR]: 0.33000 ; ALPHA: 0.19000 ; BETA: 0.46000
           GC-CUTOFF VALUE FOR GRADIENT SMOOTHING:     1.0000E-08
 
     19.0% SR    EXACT EXCHANGE
     65.0% LR    EXACT EXCHANGE
           HFX IS COULOMB-ATTENUATED (CAM)
           MU [BOHR]: 0.33000 ; ALPHA: 0.19000 ; BETA: 0.46000

 FOR THE RECIPROCAL SPACE IMPLEMENTATION OF CAM, PLEASE REFER TO:
                                M.P. Bircher and U. Rothlisberger
              J. Chem. Theory Comput., 2018, 14 (6), pp 3184–3195
                                    DOI: 10.1021/acs.jctc.8b00069


 USE NEW HFX MODULE                                             T
 USE BLOCK CYCLIC DISTRIBUTION
 BLOCK SIZE                                                     2

</pre>
<p class="cat">Test run gave some standard error.</p>
<p>Last 20 lines of standard error:</p>
<pre class="grey">
srun: Job step aborted: Waiting up to 32 seconds for job step to finish.
Abort(999) on node 0 (rank 0 in comm 0): application called MPI_Abort(MPI_COMM_WORLD, 999) - process 0
In: PMI_Abort(999, application called MPI_Abort(MPI_COMM_WORLD, 999) - process 0)
Abort(999) on node 1 (rank 1 in comm 0): application called MPI_Abort(MPI_COMM_WORLD, 999) - process 1
In: PMI_Abort(999, application called MPI_Abort(MPI_COMM_WORLD, 999) - process 1)
slurmstepd: error: *** STEP 2098728.54 ON m0676 CANCELLED AT 2023-02-28T00:23:11 ***
srun: error: m0676: tasks 0-1: Exited with exit code 231
srun: launch/slurm: _step_signal: Terminating StepId=2098728.54

</pre>
<h3>SP/libxc/nh3-u-2/nh3.inp</h3>
<p><a href='SP/libxc/nh3-u-2/nh3.out'>SP/libxc/nh3-u-2/nh3.out</a></p>
<p class="cat">Some values in the output could not be found.</p>
<ol>
<li><pre>SCALAR 'TOTAL ENERGY =' 4</pre></li>
</ol>
<p class="cat">Test run gave a non-zero return code.</p>
<p>Last 20 lines of output:</p>
<pre class="grey">
 STORE INTERMEDIATE RESULTS EVERY                     10001 STEPS
 NUMBER OF DISTINCT RESTART FILES:                              1
 TEMPERATURE IS CALCULATED ASSUMING EXTENDED BULK BEHAVIOR 
 FICTITIOUS ELECTRON MASS:                               400.0000
 TIME STEP FOR ELECTRONS:                                  5.0000
 TIME STEP FOR IONS:                                       5.0000
 CONVERGENCE CRITERIA FOR WAVEFUNCTION OPTIMIZATION:   1.0000E-06
 WAVEFUNCTION OPTIMIZATION BY PRECONDITIONED DIIS
 THRESHOLD FOR THE WF-HESSIAN IS                           0.5000
 MAXIMUM NUMBER OF VECTORS RETAINED FOR DIIS:                  10
 STEPS UNTIL DIIS RESET ON POOR PROGRESS:                      10
 FULL ELECTRONIC GRADIENT IS USED 
 SPLINE INTERPOLATION IN G-SPACE FOR PSEUDOPOTENTIAL FUNCTIONS
    NUMBER OF SPLINE POINTS:                                 5000
 
 EXCHANGE-CORRELATION FUNCTIONALS:
 
    100.0% LIBXC GGA_XC_XLYP
           GC-CUTOFF VALUE FOR GRADIENT SMOOTHING:     1.0000E-08

</pre>
<p class="cat">Test run gave some standard error.</p>
<p>Last 20 lines of standard error:</p>
<pre class="grey">
srun: Job step aborted: Waiting up to 32 seconds for job step to finish.
Abort(999) on node 0 (rank 0 in comm 0): application called MPI_Abort(MPI_COMM_WORLD, 999) - process 0
In: PMI_Abort(999, application called MPI_Abort(MPI_COMM_WORLD, 999) - process 0)
Abort(999) on node 1 (rank 1 in comm 0): application called MPI_Abort(MPI_COMM_WORLD, 999) - process 1
In: PMI_Abort(999, application called MPI_Abort(MPI_COMM_WORLD, 999) - process 1)
slurmstepd: error: *** STEP 2098728.55 ON m0676 CANCELLED AT 2023-02-28T00:23:11 ***
srun: error: m0676: tasks 0-1: Exited with exit code 231
srun: launch/slurm: _step_signal: Terminating StepId=2098728.55

</pre>
<h3>PROP/KS-ener/libxc/h2o-1/test.inp</h3>
<p><a href='PROP/KS-ener/libxc/h2o-1/test.out'>PROP/KS-ener/libxc/h2o-1/test.out</a></p>
<p class="cat">Something went wrong in the CPQA driver script.</p>
<ol>
<li><pre>Traceback (most recent call last):
  File "/home/titan/nfcc/nfcc02/cpmd_merge_github/cpqa/src/cpqa/tests.py", line 132, in harvest_file
    fragment.digest()
  File "/home/titan/nfcc/nfcc02/cpmd_merge_github/cpqa/src/cpqa/tests.py", line 63, in digest
    self.value = float(self.lines[0].split()[self.column])
ValueError: could not convert string to float: SCALAR
</pre></li>
</ol>
<p class="cat">Some values in the output could not be found.</p>
<ol>
<li><pre>SCALAR 'CHEMICAL POTENTIAL = ' 3</pre></li>
</ol>
<p class="cat">Test run gave a non-zero return code.</p>
<p>Last 20 lines of output:</p>
<pre class="grey">
    100.0% LIBXC HYB_GGA_XC_CAM_B3LYP
           CP EXCHANGE FUNCTIONALS ARE COULOMB-ATTENUATED (CAM)
           MU [BOHR]: 0.33000 ; ALPHA: 0.19000 ; BETA: 0.46000
           GC-CUTOFF VALUE FOR GRADIENT SMOOTHING:     1.0000E-08
 
     19.0% SR    EXACT EXCHANGE
     65.0% LR    EXACT EXCHANGE
           HFX IS COULOMB-ATTENUATED (CAM)
           MU [BOHR]: 0.33000 ; ALPHA: 0.19000 ; BETA: 0.46000

 FOR THE RECIPROCAL SPACE IMPLEMENTATION OF CAM, PLEASE REFER TO:
                                M.P. Bircher and U. Rothlisberger
              J. Chem. Theory Comput., 2018, 14 (6), pp 3184–3195
                                    DOI: 10.1021/acs.jctc.8b00069


 USE NEW HFX MODULE                                             T
 USE BLOCK CYCLIC DISTRIBUTION
 BLOCK SIZE                                                     2

</pre>
<p class="cat">Test run gave some standard error.</p>
<p>Last 20 lines of standard error:</p>
<pre class="grey">
srun: Job step aborted: Waiting up to 32 seconds for job step to finish.
Abort(999) on node 0 (rank 0 in comm 0): application called MPI_Abort(MPI_COMM_WORLD, 999) - process 0
In: PMI_Abort(999, application called MPI_Abort(MPI_COMM_WORLD, 999) - process 0)
Abort(999) on node 1 (rank 1 in comm 0): application called MPI_Abort(MPI_COMM_WORLD, 999) - process 1
In: PMI_Abort(999, application called MPI_Abort(MPI_COMM_WORLD, 999) - process 1)
slurmstepd: error: *** STEP 2098728.507 ON m0676 CANCELLED AT 2023-02-28T00:30:56 ***
srun: error: m0676: tasks 0-1: Exited with exit code 231
srun: launch/slurm: _step_signal: Terminating StepId=2098728.507

</pre>
<h3>BO/libxc/u-1/test.inp</h3>
<p><a href='BO/libxc/u-1/test.out'>BO/libxc/u-1/test.out</a></p>
<p class="cat">Some values in the output could not be found.</p>
<ol>
<li><pre>SCALAR 'TOTAL ENERGY =' 4</pre></li>
</ol>
<p class="cat">Test run gave a non-zero return code.</p>
<p>Last 20 lines of output:</p>
<pre class="grey">
 STORE INTERMEDIATE RESULTS EVERY                     10001 STEPS
 STORE INTERMEDIATE RESULTS EVERY         3 SELF-CONSISTENT STEPS
 NUMBER OF DISTINCT RESTART FILES:                              1
 TEMPERATURE IS CALCULATED ASSUMING EXTENDED BULK BEHAVIOR 
 FICTITIOUS ELECTRON MASS:                               400.0000
 TIME STEP FOR ELECTRONS:                                 20.6707
 TIME STEP FOR IONS:                                      20.6707
 TRAJECTORIES ARE SAVED ON FILE
 ELECTRON DYNAMICS: THE TEMPERATURE IS NOT CONTROLLED
 ION DYNAMICS:      THE TEMPERATURE IS NOT CONTROLLED
 ASPC WAVEFUNCTION EXTRAPOLATION (MAX. HISTORY)                 6
 SPLINE INTERPOLATION IN G-SPACE FOR PSEUDOPOTENTIAL FUNCTIONS
    NUMBER OF SPLINE POINTS:                                 5000
 
 EXCHANGE-CORRELATION FUNCTIONALS:
 
    100.0% LIBXC GGA_X_PBE
    100.0% LIBXC GGA_C_PBE
           GC-CUTOFF VALUE FOR GRADIENT SMOOTHING:     1.0000E-08

</pre>
<p class="cat">Test run gave some standard error.</p>
<p>Last 20 lines of standard error:</p>
<pre class="grey">
srun: Job step aborted: Waiting up to 32 seconds for job step to finish.
Abort(999) on node 0 (rank 0 in comm 0): application called MPI_Abort(MPI_COMM_WORLD, 999) - process 0
In: PMI_Abort(999, application called MPI_Abort(MPI_COMM_WORLD, 999) - process 0)
Abort(999) on node 1 (rank 1 in comm 0): application called MPI_Abort(MPI_COMM_WORLD, 999) - process 1
In: PMI_Abort(999, application called MPI_Abort(MPI_COMM_WORLD, 999) - process 1)
slurmstepd: error: *** STEP 2098728.506 ON m0676 CANCELLED AT 2023-02-28T00:30:56 ***
srun: error: m0676: tasks 0-1: Exited with exit code 231
srun: launch/slurm: _step_signal: Terminating StepId=2098728.506

</pre>
<h3>QMMM/bio_systems/amber/cnstr/atp_blyp_cpmd_capH_fixonly.inp</h3>
<p><a href='QMMM/bio_systems/amber/cnstr/atp_blyp_cpmd_capH_fixonly.out'>QMMM/bio_systems/amber/cnstr/atp_blyp_cpmd_capH_fixonly.out</a></p>
<p class="cat">Some values in the output could not be found.</p>
<ol>
<li><pre>SCALAR 'TOTAL ENERGY =' 4</pre></li>
</ol>
<p class="cat">Test run gave a non-zero return code.</p>
<p>Last 20 lines of output:</p>
<pre class="grey">
 !!!!!!!!!!!!!!!!!!!!!!!!!!!!!!!!!!!!!!!!!!!!!!!!!!!!!!!!!!!!!!!!
 WARNING!
       NEWCODE AND OLDCODE WILL BE DEPRECATED IN A FUTURE RELEASE
       PLEASE SWITCH TO THE NEW XC DRIVER AND/OR LIBXC
       (KEYWORD: XC_DRIVER IN &DFT)
 !!!!!!!!!!!!!!!!!!!!!!!!!!!!!!!!!!!!!!!!!!!!!!!!!!!!!!!!!!!!!!!!
 
 EXCHANGE CORRELATION FUNCTIONALS 
    LDA EXCHANGE:                        SLATER (ALPHA = 0.66667)
    LDA CORRELATION:                             LEE, YANG & PARR
       [C.L. LEE, W. YANG, AND R.G. PARR, PRB 37785 (1988)]
    GRADIENT CORRECTED FUNCTIONAL
    DENSITY THRESHOLD:                                1.00000E-06
    EXCHANGE ENERGY
       [A.D. BECKE, PHYS. REV. A 38, 3098 (1988)]
       PARAMETER BETA:                                   0.004200
    CORRELATION ENERGY
       [LYP: C.L. LEE ET AL. PHYS. REV. B 37, 785 (1988)]
 

</pre>
<p class="cat">Test run gave some standard error.</p>
<p>Last 20 lines of standard error:</p>
<pre class="grey">
srun: Job step aborted: Waiting up to 32 seconds for job step to finish.
Abort(999) on node 0 (rank 0 in comm 0): application called MPI_Abort(MPI_COMM_WORLD, 999) - process 0
Abort(999) on node 1 (rank 1 in comm 0): application called MPI_Abort(MPI_COMM_WORLD, 999) - process 1
In: PMI_Abort(999, application called MPI_Abort(MPI_COMM_WORLD, 999) - process 1)
In: PMI_Abort(999, application called MPI_Abort(MPI_COMM_WORLD, 999) - process 0)
slurmstepd: error: *** STEP 2098728.56 ON m0676 CANCELLED AT 2023-02-28T00:23:11 ***
srun: error: m0676: tasks 0-1: Exited with exit code 231
srun: launch/slurm: _step_signal: Terminating StepId=2098728.56

</pre>
<h3>DFTU/CP/test.inp</h3>
<p><a href='DFTU/CP/test.out'>DFTU/CP/test.out</a></p>
<p class="cat">Some values are wrong and/or different compared to the reference.</p>
<p>Full diff: <a href="DFTU/CP/test.out.diff.html">DFTU/CP/test.out.diff.html</a>
<ol>
<li><pre>SCALAR 'TOTAL ENERGY =' 4</pre> <b>DIFFERENT</b> <br /><pre>
<table>
<tr><th>tst</th><td>-2.698028375500000e+02</td></tr>
<tr><th>ref</th><td>-2.698029771300000e+02</td>
<th>abs err</th><td> 1.395799999954761e-04</td>
<th>rel err</th><td> 5.173404737050839e-07</td></tr>
</table>
<pre>
<b class="red">--- ref</b>
<b class="green">+++ tst</b>
<i class="purple">@@ -1 +1 @@</i>
<span class="red">- (K+E1+L+N+X+U)         TOTAL ENERGY =         -269.80297713 A.U.</span>
<span class="green">+ (K+E1+L+N+X+U)         TOTAL ENERGY =         -269.80283755 A.U.</span>
</pre>
</pre></li>
</ol>
<p class="cat">Test run gave some standard error.</p>
<p>Last 20 lines of standard error:</p>
<pre class="grey">
cpmd.x             0000000003D9369F  Unknown               Unknown  Unknown
cpmd.x             0000000001573E45  Unknown               Unknown  Unknown
cpmd.x             00000000008B36FF  Unknown               Unknown  Unknown
cpmd.x             000000000040695B  Unknown               Unknown  Unknown
cpmd.x             000000000040632B  Unknown               Unknown  Unknown
cpmd.x             00000000004060E2  Unknown               Unknown  Unknown
libc-2.28.so       00001458155A7D85  __libc_start_main     Unknown  Unknown
cpmd.x             0000000000405FEE  Unknown               Unknown  Unknown
forrtl: warning (406): fort: (1): In call to DEORT, an array temporary was created for argument #5

Image              PC                Routine            Line        Source             
cpmd.x             0000000003D9369F  Unknown               Unknown  Unknown
cpmd.x             0000000001573E45  Unknown               Unknown  Unknown
cpmd.x             00000000008B36FF  Unknown               Unknown  Unknown
cpmd.x             000000000040695B  Unknown               Unknown  Unknown
cpmd.x             000000000040632B  Unknown               Unknown  Unknown
cpmd.x             00000000004060E2  Unknown               Unknown  Unknown
libc-2.28.so       0000150D28285D85  __libc_start_main     Unknown  Unknown
cpmd.x             0000000000405FEE  Unknown               Unknown  Unknown

</pre>
<h3>GEO/gdiis/oh-vb-2/test.inp</h3>
<p><a href='GEO/gdiis/oh-vb-2/test.out'>GEO/gdiis/oh-vb-2/test.out</a></p>
<p class="cat">Some values are wrong and/or different compared to the reference.</p>
<p>Full diff: <a href="GEO/gdiis/oh-vb-2/test.out.diff.html">GEO/gdiis/oh-vb-2/test.out.diff.html</a>
<ol>
<li><pre>SCALAR 'TOTAL ENERGY =' 4</pre> <b>DIFFERENT</b> <br /><pre>
<table>
<tr><th>tst</th><td>-1.629580361000000e+01</td></tr>
<tr><th>ref</th><td>-1.629580272000000e+01</td>
<th>abs err</th><td>-8.899999990319429e-07</td>
<th>rel err</th><td>-5.461529047229058e-08</td></tr>
</table>
<pre>
<b class="red">--- ref</b>
<b class="green">+++ tst</b>
<i class="purple">@@ -1 +1 @@</i>
<span class="red">- (K+E1+L+N+X)           TOTAL ENERGY =          -16.29580272 A.U.</span>
<span class="green">+ (K+E1+L+N+X)           TOTAL ENERGY =          -16.29580361 A.U.</span>
</pre>
</pre></li>
</ol>
<p class="cat">Test run gave some standard error.</p>
<p>Last 20 lines of standard error:</p>
<pre class="grey">
cpmd.x             0000000003D9369F  Unknown               Unknown  Unknown
cpmd.x             00000000008225B8  Unknown               Unknown  Unknown
cpmd.x             0000000000822B19  Unknown               Unknown  Unknown
cpmd.x             000000000040672D  Unknown               Unknown  Unknown
cpmd.x             000000000040632B  Unknown               Unknown  Unknown
cpmd.x             00000000004060E2  Unknown               Unknown  Unknown
libc-2.28.so       0000155503C0FD85  __libc_start_main     Unknown  Unknown
cpmd.x             0000000000405FEE  Unknown               Unknown  Unknown
forrtl: warning (406): fort: (1): In call to MVMULTM, an array temporary was created for argument #3

Image              PC                Routine            Line        Source             
cpmd.x             0000000003D9369F  Unknown               Unknown  Unknown
cpmd.x             00000000008225B8  Unknown               Unknown  Unknown
cpmd.x             0000000000822B19  Unknown               Unknown  Unknown
cpmd.x             000000000040672D  Unknown               Unknown  Unknown
cpmd.x             000000000040632B  Unknown               Unknown  Unknown
cpmd.x             00000000004060E2  Unknown               Unknown  Unknown
libc-2.28.so       000014AC5E10CD85  __libc_start_main     Unknown  Unknown
cpmd.x             0000000000405FEE  Unknown               Unknown  Unknown

</pre>
<h3>GEO/bfgs/oh-vb-2/test.inp</h3>
<p><a href='GEO/bfgs/oh-vb-2/test.out'>GEO/bfgs/oh-vb-2/test.out</a></p>
<p class="cat">Some values are wrong and/or different compared to the reference.</p>
<p>Full diff: <a href="GEO/bfgs/oh-vb-2/test.out.diff.html">GEO/bfgs/oh-vb-2/test.out.diff.html</a>
<ol>
<li><pre>SCALAR 'TOTAL ENERGY =' 4</pre> <b>DIFFERENT</b> <br /><pre>
<table>
<tr><th>tst</th><td>-1.629580361000000e+01</td></tr>
<tr><th>ref</th><td>-1.629580272000000e+01</td>
<th>abs err</th><td>-8.899999990319429e-07</td>
<th>rel err</th><td>-5.461529047229058e-08</td></tr>
</table>
<pre>
<b class="red">--- ref</b>
<b class="green">+++ tst</b>
<i class="purple">@@ -1 +1 @@</i>
<span class="red">- (K+E1+L+N+X)           TOTAL ENERGY =          -16.29580272 A.U.</span>
<span class="green">+ (K+E1+L+N+X)           TOTAL ENERGY =          -16.29580361 A.U.</span>
</pre>
</pre></li>
</ol>
<p class="cat">Test run gave some standard error.</p>
<p>Last 20 lines of standard error:</p>
<pre class="grey">
cpmd.x             0000000003D9369F  Unknown               Unknown  Unknown
cpmd.x             00000000008225B8  Unknown               Unknown  Unknown
cpmd.x             0000000000822B19  Unknown               Unknown  Unknown
cpmd.x             000000000040672D  Unknown               Unknown  Unknown
cpmd.x             000000000040632B  Unknown               Unknown  Unknown
cpmd.x             00000000004060E2  Unknown               Unknown  Unknown
libc-2.28.so       000015189EB67D85  __libc_start_main     Unknown  Unknown
cpmd.x             0000000000405FEE  Unknown               Unknown  Unknown
forrtl: warning (406): fort: (1): In call to MVMULTM, an array temporary was created for argument #3

Image              PC                Routine            Line        Source             
cpmd.x             0000000003D9369F  Unknown               Unknown  Unknown
cpmd.x             00000000008225B8  Unknown               Unknown  Unknown
cpmd.x             0000000000822B19  Unknown               Unknown  Unknown
cpmd.x             000000000040672D  Unknown               Unknown  Unknown
cpmd.x             000000000040632B  Unknown               Unknown  Unknown
cpmd.x             00000000004060E2  Unknown               Unknown  Unknown
libc-2.28.so       000014C4F39CCD85  __libc_start_main     Unknown  Unknown
cpmd.x             0000000000405FEE  Unknown               Unknown  Unknown

</pre>
<h3>GEO/gdiis/oh-vb-1/test.inp</h3>
<p><a href='GEO/gdiis/oh-vb-1/test.out'>GEO/gdiis/oh-vb-1/test.out</a></p>
<p class="cat">Some values are wrong and/or different compared to the reference.</p>
<p>Full diff: <a href="GEO/gdiis/oh-vb-1/test.out.diff.html">GEO/gdiis/oh-vb-1/test.out.diff.html</a>
<ol>
<li><pre>SCALAR 'TOTAL ENERGY =' 4</pre> <b>DIFFERENT</b> <br /><pre>
<table>
<tr><th>tst</th><td>-1.629580259000000e+01</td></tr>
<tr><th>ref</th><td>-1.629580311000000e+01</td>
<th>abs err</th><td> 5.200000003924288e-07</td>
<th>rel err</th><td> 3.191005664969824e-08</td></tr>
</table>
<pre>
<b class="red">--- ref</b>
<b class="green">+++ tst</b>
<i class="purple">@@ -1 +1 @@</i>
<span class="red">- (K+E1+L+N+X)           TOTAL ENERGY =          -16.29580311 A.U.</span>
<span class="green">+ (K+E1+L+N+X)           TOTAL ENERGY =          -16.29580259 A.U.</span>
</pre>
</pre></li>
</ol>
<p class="cat">Test run gave some standard error.</p>
<p>Last 20 lines of standard error:</p>
<pre class="grey">
cpmd.x             00000000004060E2  Unknown               Unknown  Unknown
libc-2.28.so       0000146FB8359D85  __libc_start_main     Unknown  Unknown
cpmd.x             0000000000405FEE  Unknown               Unknown  Unknown
forrtl: warning (406): fort: (1): In call to MVMULTM, an array temporary was created for argument #3

Image              PC                Routine            Line        Source             
cpmd.x             0000000003D9369F  Unknown               Unknown  Unknown
cpmd.x             00000000008225B8  Unknown               Unknown  Unknown
cpmd.x             0000000000822C92  Unknown               Unknown  Unknown
cpmd.x             0000000002BCCBD6  Unknown               Unknown  Unknown
cpmd.x             0000000002B98D88  Unknown               Unknown  Unknown
cpmd.x             0000000002DB7E58  Unknown               Unknown  Unknown
cpmd.x             0000000002EB3E22  Unknown               Unknown  Unknown
cpmd.x             00000000008282D3  Unknown               Unknown  Unknown
cpmd.x             0000000000406975  Unknown               Unknown  Unknown
cpmd.x             000000000040632B  Unknown               Unknown  Unknown
cpmd.x             00000000004060E2  Unknown               Unknown  Unknown
libc-2.28.so       0000146FB8359D85  __libc_start_main     Unknown  Unknown
cpmd.x             0000000000405FEE  Unknown               Unknown  Unknown

</pre>
<h3>GEO/bfgs/oh-vb-1/test.inp</h3>
<p><a href='GEO/bfgs/oh-vb-1/test.out'>GEO/bfgs/oh-vb-1/test.out</a></p>
<p class="cat">Some values are wrong and/or different compared to the reference.</p>
<p>Full diff: <a href="GEO/bfgs/oh-vb-1/test.out.diff.html">GEO/bfgs/oh-vb-1/test.out.diff.html</a>
<ol>
<li><pre>SCALAR 'TOTAL ENERGY =' 4</pre> <b>DIFFERENT</b> <br /><pre>
<table>
<tr><th>tst</th><td>-1.629580259000000e+01</td></tr>
<tr><th>ref</th><td>-1.629580311000000e+01</td>
<th>abs err</th><td> 5.200000003924288e-07</td>
<th>rel err</th><td> 3.191005664969824e-08</td></tr>
</table>
<pre>
<b class="red">--- ref</b>
<b class="green">+++ tst</b>
<i class="purple">@@ -1 +1 @@</i>
<span class="red">- (K+E1+L+N+X)           TOTAL ENERGY =          -16.29580311 A.U.</span>
<span class="green">+ (K+E1+L+N+X)           TOTAL ENERGY =          -16.29580259 A.U.</span>
</pre>
</pre></li>
</ol>
<p class="cat">Test run gave some standard error.</p>
<p>Last 20 lines of standard error:</p>
<pre class="grey">
cpmd.x             00000000004060E2  Unknown               Unknown  Unknown
libc-2.28.so       0000149DB6262D85  __libc_start_main     Unknown  Unknown
cpmd.x             0000000000405FEE  Unknown               Unknown  Unknown
forrtl: warning (406): fort: (1): In call to MVMULTM, an array temporary was created for argument #3

Image              PC                Routine            Line        Source             
cpmd.x             0000000003D9369F  Unknown               Unknown  Unknown
cpmd.x             00000000008225B8  Unknown               Unknown  Unknown
cpmd.x             0000000000822C92  Unknown               Unknown  Unknown
cpmd.x             0000000002BCCBD6  Unknown               Unknown  Unknown
cpmd.x             0000000002B98D88  Unknown               Unknown  Unknown
cpmd.x             0000000002DB7E58  Unknown               Unknown  Unknown
cpmd.x             0000000002EB3E22  Unknown               Unknown  Unknown
cpmd.x             00000000008282D3  Unknown               Unknown  Unknown
cpmd.x             0000000000406975  Unknown               Unknown  Unknown
cpmd.x             000000000040632B  Unknown               Unknown  Unknown
cpmd.x             00000000004060E2  Unknown               Unknown  Unknown
libc-2.28.so       0000149DB6262D85  __libc_start_main     Unknown  Unknown
cpmd.x             0000000000405FEE  Unknown               Unknown  Unknown

</pre>
<h3>BO/hybrid/w-2/w.inp</h3>
<p><a href='BO/hybrid/w-2/w.out'>BO/hybrid/w-2/w.out</a></p>
<p class="cat">Some values are wrong and/or different compared to the reference.</p>
<p>Full diff: <a href="BO/hybrid/w-2/w.out.diff.html">BO/hybrid/w-2/w.out.diff.html</a>
<ol>
<li><pre>SCALAR 'TOTAL ENERGY =' 4</pre> <b>DIFFERENT</b> <br /><pre>
<table>
<tr><th>tst</th><td>-3.168807891000000e+01</td></tr>
<tr><th>ref</th><td>-3.168807888000000e+01</td>
<th>abs err</th><td>-3.000000248221113e-08</td>
<th>rel err</th><td>-9.467283452499135e-10</td></tr>
</table>
<pre>
<b class="red">--- ref</b>
<b class="green">+++ tst</b>
<i class="purple">@@ -1 +1 @@</i>
<span class="red">- (K+E1+L+N+X)           TOTAL ENERGY =          -31.68807888 A.U.</span>
<span class="green">+ (K+E1+L+N+X)           TOTAL ENERGY =          -31.68807891 A.U.</span>
</pre>
</pre></li>
</ol>
<p class="cat">Test run gave some standard error.</p>
<p>Last 20 lines of standard error:</p>
<pre class="grey">
cpmd.x             0000000000822C92  Unknown               Unknown  Unknown
cpmd.x             0000000000822B36  Unknown               Unknown  Unknown
cpmd.x             000000000040672D  Unknown               Unknown  Unknown
cpmd.x             000000000040632B  Unknown               Unknown  Unknown
cpmd.x             00000000004060E2  Unknown               Unknown  Unknown
libc-2.28.so       00001542A0294D85  __libc_start_main     Unknown  Unknown
cpmd.x             0000000000405FEE  Unknown               Unknown  Unknown
forrtl: warning (406): fort: (1): In call to MVMULTM, an array temporary was created for argument #3

Image              PC                Routine            Line        Source             
cpmd.x             0000000003D9369F  Unknown               Unknown  Unknown
cpmd.x             00000000008225B8  Unknown               Unknown  Unknown
cpmd.x             0000000000822C92  Unknown               Unknown  Unknown
cpmd.x             0000000000822B36  Unknown               Unknown  Unknown
cpmd.x             000000000040672D  Unknown               Unknown  Unknown
cpmd.x             000000000040632B  Unknown               Unknown  Unknown
cpmd.x             00000000004060E2  Unknown               Unknown  Unknown
libc-2.28.so       00001542A0294D85  __libc_start_main     Unknown  Unknown
cpmd.x             0000000000405FEE  Unknown               Unknown  Unknown

</pre>
<h3>GEO/oh-vb-warmup/test.inp</h3>
<p><a href='GEO/oh-vb-warmup/test.out'>GEO/oh-vb-warmup/test.out</a></p>
<p class="cat">Some values are wrong and/or different compared to the reference.</p>
<p>Full diff: <a href="GEO/oh-vb-warmup/test.out.diff.html">GEO/oh-vb-warmup/test.out.diff.html</a>
<ol>
<li><pre>SCALAR 'TOTAL ENERGY =' 4</pre> <b>DIFFERENT</b> <br /><pre>
<table>
<tr><th>tst</th><td>-1.629579025000000e+01</td></tr>
<tr><th>ref</th><td>-1.629578104000000e+01</td>
<th>abs err</th><td>-9.209999998205376e-06</td>
<th>rel err</th><td>-5.651769605641053e-07</td></tr>
</table>
<pre>
<b class="red">--- ref</b>
<b class="green">+++ tst</b>
<i class="purple">@@ -1 +1 @@</i>
<span class="red">- (K+E1+L+N+X)           TOTAL ENERGY =          -16.29578104 A.U.</span>
<span class="green">+ (K+E1+L+N+X)           TOTAL ENERGY =          -16.29579025 A.U.</span>
</pre>
</pre></li>
</ol>
<p class="cat">Test run gave some standard error.</p>
<p>Last 20 lines of standard error:</p>
<pre class="grey">
cpmd.x             00000000004069A3  Unknown               Unknown  Unknown
cpmd.x             000000000040632B  Unknown               Unknown  Unknown
cpmd.x             00000000004060E2  Unknown               Unknown  Unknown
libc-2.28.so       0000154790D6FD85  __libc_start_main     Unknown  Unknown
cpmd.x             0000000000405FEE  Unknown               Unknown  Unknown
forrtl: warning (406): fort: (1): In call to DGEMM, an array temporary was created for argument #12

Image              PC                Routine            Line        Source             
cpmd.x             0000000003D9369F  Unknown               Unknown  Unknown
cpmd.x             0000000003A11343  Unknown               Unknown  Unknown
cpmd.x             0000000002DAB3BA  Unknown               Unknown  Unknown
cpmd.x             0000000002DB52B4  Unknown               Unknown  Unknown
cpmd.x             00000000024AC147  Unknown               Unknown  Unknown
cpmd.x             000000000082D9EC  Unknown               Unknown  Unknown
cpmd.x             00000000004069A3  Unknown               Unknown  Unknown
cpmd.x             000000000040632B  Unknown               Unknown  Unknown
cpmd.x             00000000004060E2  Unknown               Unknown  Unknown
libc-2.28.so       0000145E16299D85  __libc_start_main     Unknown  Unknown
cpmd.x             0000000000405FEE  Unknown               Unknown  Unknown

</pre>
<h3>SP/hybrid/bug-5/co.inp</h3>
<p><a href='SP/hybrid/bug-5/co.out'>SP/hybrid/bug-5/co.out</a></p>
<p class="cat">Some values are wrong and/or different compared to the reference.</p>
<p>Full diff: <a href="SP/hybrid/bug-5/co.out.diff.html">SP/hybrid/bug-5/co.out.diff.html</a>
<ol>
<li><pre>SCALAR 'TOTAL ENERGY =' 4</pre> <b>DIFFERENT</b> <br /><pre>
<table>
<tr><th>tst</th><td>-2.128440513000000e+01</td></tr>
<tr><th>ref</th><td>-2.128446963000000e+01</td>
<th>abs err</th><td> 6.450000000057798e-05</td>
<th>rel err</th><td> 3.030378539931605e-06</td></tr>
</table>
<pre>
<b class="red">--- ref</b>
<b class="green">+++ tst</b>
<i class="purple">@@ -1 +1 @@</i>
<span class="red">- (K+E1+L+N+X)           TOTAL ENERGY =          -21.28446963 A.U.</span>
<span class="green">+ (K+E1+L+N+X)           TOTAL ENERGY =          -21.28440513 A.U.</span>
</pre>
</pre></li>
</ol>
<p class="cat">Test run gave some standard error.</p>
<p>Last 20 lines of standard error:</p>
<pre class="grey">
cpmd.x             000000000040695B  Unknown               Unknown  Unknown
cpmd.x             000000000040632B  Unknown               Unknown  Unknown
cpmd.x             00000000004060E2  Unknown               Unknown  Unknown
libc-2.28.so       000015261FCD0D85  __libc_start_main     Unknown  Unknown
cpmd.x             0000000000405FEE  Unknown               Unknown  Unknown
forrtl: warning (406): fort: (1): In call to DGEMM, an array temporary was created for argument #12

Image              PC                Routine            Line        Source             
cpmd.x             0000000003D9369F  Unknown               Unknown  Unknown
cpmd.x             0000000003A11343  Unknown               Unknown  Unknown
cpmd.x             0000000002DAB3BA  Unknown               Unknown  Unknown
cpmd.x             0000000002DB52B4  Unknown               Unknown  Unknown
cpmd.x             00000000031D331C  Unknown               Unknown  Unknown
cpmd.x             00000000008B1E61  Unknown               Unknown  Unknown
cpmd.x             000000000040695B  Unknown               Unknown  Unknown
cpmd.x             000000000040632B  Unknown               Unknown  Unknown
cpmd.x             00000000004060E2  Unknown               Unknown  Unknown
libc-2.28.so       000015010ED2CD85  __libc_start_main     Unknown  Unknown
cpmd.x             0000000000405FEE  Unknown               Unknown  Unknown

</pre>
<h3>CP/QUENCH/w-hfx-vb-2/test.inp</h3>
<p><a href='CP/QUENCH/w-hfx-vb-2/test.out'>CP/QUENCH/w-hfx-vb-2/test.out</a></p>
<p class="cat">Some values are wrong and/or different compared to the reference.</p>
<p>Full diff: <a href="CP/QUENCH/w-hfx-vb-2/test.out.diff.html">CP/QUENCH/w-hfx-vb-2/test.out.diff.html</a>
<ol>
<li><pre>SCALAR 'TOTAL ENERGY =' 4</pre> <b>DIFFERENT</b> <br /><pre>
<table>
<tr><th>tst</th><td>-1.600463129000000e+01</td></tr>
<tr><th>ref</th><td>-1.600463719000000e+01</td>
<th>abs err</th><td> 5.900000001446415e-06</td>
<th>rel err</th><td> 3.686431583174436e-07</td></tr>
</table>
<pre>
<b class="red">--- ref</b>
<b class="green">+++ tst</b>
<i class="purple">@@ -1 +1 @@</i>
<span class="red">- (K+E1+L+N+X)           TOTAL ENERGY =          -16.00463719 A.U.</span>
<span class="green">+ (K+E1+L+N+X)           TOTAL ENERGY =          -16.00463129 A.U.</span>
</pre>
</pre></li>
</ol>
<p class="cat">Test run gave some standard error.</p>
<p>Last 20 lines of standard error:</p>
<pre class="grey">
cpmd.x             0000000003D9369F  Unknown               Unknown  Unknown
cpmd.x             00000000008225B8  Unknown               Unknown  Unknown
cpmd.x             0000000000822B19  Unknown               Unknown  Unknown
cpmd.x             000000000040672D  Unknown               Unknown  Unknown
cpmd.x             000000000040632B  Unknown               Unknown  Unknown
cpmd.x             00000000004060E2  Unknown               Unknown  Unknown
libc-2.28.so       0000154CF4310D85  __libc_start_main     Unknown  Unknown
cpmd.x             0000000000405FEE  Unknown               Unknown  Unknown
forrtl: warning (406): fort: (1): In call to MVMULTM, an array temporary was created for argument #3

Image              PC                Routine            Line        Source             
cpmd.x             0000000003D9369F  Unknown               Unknown  Unknown
cpmd.x             00000000008225B8  Unknown               Unknown  Unknown
cpmd.x             0000000000822B19  Unknown               Unknown  Unknown
cpmd.x             000000000040672D  Unknown               Unknown  Unknown
cpmd.x             000000000040632B  Unknown               Unknown  Unknown
cpmd.x             00000000004060E2  Unknown               Unknown  Unknown
libc-2.28.so       000014AFDA06BD85  __libc_start_main     Unknown  Unknown
cpmd.x             0000000000405FEE  Unknown               Unknown  Unknown

</pre>
<h3>BO/hybrid/w-4/w.inp</h3>
<p><a href='BO/hybrid/w-4/w.out'>BO/hybrid/w-4/w.out</a></p>
<p class="cat">Some values are wrong and/or different compared to the reference.</p>
<p>Full diff: <a href="BO/hybrid/w-4/w.out.diff.html">BO/hybrid/w-4/w.out.diff.html</a>
<ol>
<li><pre>SCALAR 'TOTAL ENERGY =' 4</pre> <b>DIFFERENT</b> <br /><pre>
<table>
<tr><th>tst</th><td>-1.652480090000000e+01</td></tr>
<tr><th>ref</th><td>-1.652510878000000e+01</td>
<th>abs err</th><td> 3.078800000011483e-04</td>
<th>rel err</th><td> 1.863104225817679e-05</td></tr>
</table>
<pre>
<b class="red">--- ref</b>
<b class="green">+++ tst</b>
<i class="purple">@@ -1 +1 @@</i>
<span class="red">- (K+E1+L+N+X)           TOTAL ENERGY =          -16.52510878 A.U.</span>
<span class="green">+ (K+E1+L+N+X)           TOTAL ENERGY =          -16.52480090 A.U.</span>
</pre>
</pre></li>
</ol>
<p class="cat">Test run gave some standard error.</p>
<p>Last 20 lines of standard error:</p>
<pre class="grey">
cpmd.x             0000000000822C92  Unknown               Unknown  Unknown
cpmd.x             0000000000822B36  Unknown               Unknown  Unknown
cpmd.x             000000000040672D  Unknown               Unknown  Unknown
cpmd.x             000000000040632B  Unknown               Unknown  Unknown
cpmd.x             00000000004060E2  Unknown               Unknown  Unknown
libc-2.28.so       000014F4B858BD85  __libc_start_main     Unknown  Unknown
cpmd.x             0000000000405FEE  Unknown               Unknown  Unknown
forrtl: warning (406): fort: (1): In call to MVMULTM, an array temporary was created for argument #3

Image              PC                Routine            Line        Source             
cpmd.x             0000000003D9369F  Unknown               Unknown  Unknown
cpmd.x             00000000008225B8  Unknown               Unknown  Unknown
cpmd.x             0000000000822C92  Unknown               Unknown  Unknown
cpmd.x             0000000000822B36  Unknown               Unknown  Unknown
cpmd.x             000000000040672D  Unknown               Unknown  Unknown
cpmd.x             000000000040632B  Unknown               Unknown  Unknown
cpmd.x             00000000004060E2  Unknown               Unknown  Unknown
libc-2.28.so       000014F4B858BD85  __libc_start_main     Unknown  Unknown
cpmd.x             0000000000405FEE  Unknown               Unknown  Unknown

</pre>
<h3>CP/VDB/mixed-psp-1/test.inp</h3>
<p><a href='CP/VDB/mixed-psp-1/test.out'>CP/VDB/mixed-psp-1/test.out</a></p>
<p class="cat">Some values are wrong and/or different compared to the reference.</p>
<p>Full diff: <a href="CP/VDB/mixed-psp-1/test.out.diff.html">CP/VDB/mixed-psp-1/test.out.diff.html</a>
<ol>
<li><pre>SCALAR 'TOTAL ENERGY =' 4</pre> <b>DIFFERENT</b> <br /><pre>
<table>
<tr><th>tst</th><td>-1.202406408000000e+01</td></tr>
<tr><th>ref</th><td>-1.202402099000000e+01</td>
<th>abs err</th><td>-4.309000000013441e-05</td>
<th>rel err</th><td>-3.583659745435491e-06</td></tr>
</table>
<pre>
<b class="red">--- ref</b>
<b class="green">+++ tst</b>
<i class="purple">@@ -1 +1 @@</i>
<span class="red">- (K+E1+L+N+X)           TOTAL ENERGY =          -12.02402099 A.U.</span>
<span class="green">+ (K+E1+L+N+X)           TOTAL ENERGY =          -12.02406408 A.U.</span>
</pre>
</pre></li>
</ol>
<p class="cat">Test run gave some standard error.</p>
<p>Last 20 lines of standard error:</p>
<pre class="grey">
cpmd.x             0000000003D9369F  Unknown               Unknown  Unknown
cpmd.x             0000000001573E45  Unknown               Unknown  Unknown
cpmd.x             00000000008B36FF  Unknown               Unknown  Unknown
cpmd.x             000000000040695B  Unknown               Unknown  Unknown
cpmd.x             000000000040632B  Unknown               Unknown  Unknown
cpmd.x             00000000004060E2  Unknown               Unknown  Unknown
libc-2.28.so       000015380D2D4D85  __libc_start_main     Unknown  Unknown
cpmd.x             0000000000405FEE  Unknown               Unknown  Unknown
forrtl: warning (406): fort: (1): In call to DEORT, an array temporary was created for argument #5

Image              PC                Routine            Line        Source             
cpmd.x             0000000003D9369F  Unknown               Unknown  Unknown
cpmd.x             0000000001573E45  Unknown               Unknown  Unknown
cpmd.x             00000000008B36FF  Unknown               Unknown  Unknown
cpmd.x             000000000040695B  Unknown               Unknown  Unknown
cpmd.x             000000000040632B  Unknown               Unknown  Unknown
cpmd.x             00000000004060E2  Unknown               Unknown  Unknown
libc-2.28.so       000014695CAA8D85  __libc_start_main     Unknown  Unknown
cpmd.x             0000000000405FEE  Unknown               Unknown  Unknown

</pre>
<h3>CP/QUENCH/o2-hfx-2/test.inp</h3>
<p><a href='CP/QUENCH/o2-hfx-2/test.out'>CP/QUENCH/o2-hfx-2/test.out</a></p>
<p class="cat">Some values are wrong and/or different compared to the reference.</p>
<p>Full diff: <a href="CP/QUENCH/o2-hfx-2/test.out.diff.html">CP/QUENCH/o2-hfx-2/test.out.diff.html</a>
<ol>
<li><pre>SCALAR 'TOTAL ENERGY =' 4</pre> <b>DIFFERENT</b> <br /><pre>
<table>
<tr><th>tst</th><td>-3.102273073000000e+01</td></tr>
<tr><th>ref</th><td>-3.102273067000000e+01</td>
<th>abs err</th><td>-5.999999785899490e-08</td>
<th>rel err</th><td>-1.934065653253950e-09</td></tr>
</table>
<pre>
<b class="red">--- ref</b>
<b class="green">+++ tst</b>
<i class="purple">@@ -1 +1 @@</i>
<span class="red">- (K+E1+L+N+X)           TOTAL ENERGY =          -31.02273067 A.U.</span>
<span class="green">+ (K+E1+L+N+X)           TOTAL ENERGY =          -31.02273073 A.U.</span>
</pre>
</pre></li>
</ol>
<p class="cat">Test run gave some standard error.</p>
<p>Last 20 lines of standard error:</p>
<pre class="grey">
cpmd.x             0000000003D9369F  Unknown               Unknown  Unknown
cpmd.x             00000000008225B8  Unknown               Unknown  Unknown
cpmd.x             0000000000822B19  Unknown               Unknown  Unknown
cpmd.x             000000000040672D  Unknown               Unknown  Unknown
cpmd.x             000000000040632B  Unknown               Unknown  Unknown
cpmd.x             00000000004060E2  Unknown               Unknown  Unknown
libc-2.28.so       000014D785006D85  __libc_start_main     Unknown  Unknown
cpmd.x             0000000000405FEE  Unknown               Unknown  Unknown
forrtl: warning (406): fort: (1): In call to MVMULTM, an array temporary was created for argument #3

Image              PC                Routine            Line        Source             
cpmd.x             0000000003D9369F  Unknown               Unknown  Unknown
cpmd.x             00000000008225B8  Unknown               Unknown  Unknown
cpmd.x             0000000000822B19  Unknown               Unknown  Unknown
cpmd.x             000000000040672D  Unknown               Unknown  Unknown
cpmd.x             000000000040632B  Unknown               Unknown  Unknown
cpmd.x             00000000004060E2  Unknown               Unknown  Unknown
libc-2.28.so       00001474968C9D85  __libc_start_main     Unknown  Unknown
cpmd.x             0000000000405FEE  Unknown               Unknown  Unknown

</pre>
<h3>SPECT/VIBANA/w-vib-restart-2/test.inp</h3>
<p><a href='SPECT/VIBANA/w-vib-restart-2/test.out'>SPECT/VIBANA/w-vib-restart-2/test.out</a></p>
<p class="cat">Some values are wrong and/or different compared to the reference.</p>
<p>Full diff: <a href="SPECT/VIBANA/w-vib-restart-2/test.out.diff.html">SPECT/VIBANA/w-vib-restart-2/test.out.diff.html</a>
<ol>
<li><pre>SCALAR 'ChkSum\(FREQ\) = ' 2</pre> <b>DIFFERENT</b> <br /><pre>
<table>
<tr><th>tst</th><td> 1.278060700000000e+04</td></tr>
<tr><th>ref</th><td> 1.278060800000000e+04</td>
<th>abs err</th><td>-1.000000000203727e-03</td>
<th>rel err</th><td>-7.824353897746702e-08</td></tr>
</table>
<pre>
<b class="red">--- ref</b>
<b class="green">+++ tst</b>
<i class="purple">@@ -1 +1 @@</i>
<span class="red">-ChkSum(FREQ) =   0.12780608E+05</span>
<span class="green">+ChkSum(FREQ) =   0.12780607E+05</span>
</pre>
</pre></li>
</ol>
<p class="cat">Test run gave some standard error.</p>
<p>Last 20 lines of standard error:</p>
<pre class="grey">
cpmd.x             00000000008225B8  Unknown               Unknown  Unknown
cpmd.x             0000000000822B19  Unknown               Unknown  Unknown
cpmd.x             000000000040672D  Unknown               Unknown  Unknown
cpmd.x             000000000040632B  Unknown               Unknown  Unknown
cpmd.x             00000000004060E2  Unknown               Unknown  Unknown
libc-2.28.so       000014A062317D85  __libc_start_main     Unknown  Unknown
cpmd.x             0000000000405FEE  Unknown               Unknown  Unknown
forrtl: error (63): output conversion error, unit 17, file /home/titan/nfcc/nfcc02/cpmd_merge_github/Regtests-1/tst--bin--x--2023-02-28-Tue--00-21-46/SPECT/VIBANA/w-vib-restart-2/./VIB2.log
Image              PC                Routine            Line        Source             
cpmd.x             0000000003D917C9  Unknown               Unknown  Unknown
cpmd.x             0000000003DEC202  Unknown               Unknown  Unknown
cpmd.x             000000000223CF92  Unknown               Unknown  Unknown
cpmd.x             0000000002C93E3F  Unknown               Unknown  Unknown
cpmd.x             000000000051AE9F  Unknown               Unknown  Unknown
cpmd.x             00000000004069CB  Unknown               Unknown  Unknown
cpmd.x             000000000040632B  Unknown               Unknown  Unknown
cpmd.x             00000000004060E2  Unknown               Unknown  Unknown
libc-2.28.so       0000147E54362D85  __libc_start_main     Unknown  Unknown
cpmd.x             0000000000405FEE  Unknown               Unknown  Unknown

</pre>
<h3>GEO/guess/simple_guess-bug-4/test.inp</h3>
<p><a href='GEO/guess/simple_guess-bug-4/test.out'>GEO/guess/simple_guess-bug-4/test.out</a></p>
<p class="cat">Some values are wrong and/or different compared to the reference.</p>
<p>Full diff: <a href="GEO/guess/simple_guess-bug-4/test.out.diff.html">GEO/guess/simple_guess-bug-4/test.out.diff.html</a>
<ol>
<li><pre>SCALAR 'TOTAL ENERGY =' 4</pre> <b>DIFFERENT</b> <br /><pre>
<table>
<tr><th>tst</th><td>-1.640587946000000e+01</td></tr>
<tr><th>ref</th><td>-1.640587937000000e+01</td>
<th>abs err</th><td>-9.000000034120603e-08</td>
<th>rel err</th><td>-5.485838235881532e-09</td></tr>
</table>
<pre>
<b class="red">--- ref</b>
<b class="green">+++ tst</b>
<i class="purple">@@ -1 +1 @@</i>
<span class="red">- (K+E1+L+N+X)           TOTAL ENERGY =          -16.40587937 A.U.</span>
<span class="green">+ (K+E1+L+N+X)           TOTAL ENERGY =          -16.40587946 A.U.</span>
</pre>
</pre></li>
</ol>
<p class="cat">Test run gave some standard error.</p>
<p>Last 20 lines of standard error:</p>
<pre class="grey">
cpmd.x             0000000003D9369F  Unknown               Unknown  Unknown
cpmd.x             00000000008225B8  Unknown               Unknown  Unknown
cpmd.x             0000000000822B19  Unknown               Unknown  Unknown
cpmd.x             000000000040672D  Unknown               Unknown  Unknown
cpmd.x             000000000040632B  Unknown               Unknown  Unknown
cpmd.x             00000000004060E2  Unknown               Unknown  Unknown
libc-2.28.so       0000147D8A030D85  __libc_start_main     Unknown  Unknown
cpmd.x             0000000000405FEE  Unknown               Unknown  Unknown
forrtl: warning (406): fort: (1): In call to MVMULTM, an array temporary was created for argument #3

Image              PC                Routine            Line        Source             
cpmd.x             0000000003D9369F  Unknown               Unknown  Unknown
cpmd.x             00000000008225B8  Unknown               Unknown  Unknown
cpmd.x             0000000000822B19  Unknown               Unknown  Unknown
cpmd.x             000000000040672D  Unknown               Unknown  Unknown
cpmd.x             000000000040632B  Unknown               Unknown  Unknown
cpmd.x             00000000004060E2  Unknown               Unknown  Unknown
libc-2.28.so       000015355FF08D85  __libc_start_main     Unknown  Unknown
cpmd.x             0000000000405FEE  Unknown               Unknown  Unknown

</pre>
<h3>GEO/guess/simple_guess-bug-3/test.inp</h3>
<p><a href='GEO/guess/simple_guess-bug-3/test.out'>GEO/guess/simple_guess-bug-3/test.out</a></p>
<p class="cat">Some values are wrong and/or different compared to the reference.</p>
<p>Full diff: <a href="GEO/guess/simple_guess-bug-3/test.out.diff.html">GEO/guess/simple_guess-bug-3/test.out.diff.html</a>
<ol>
<li><pre>SCALAR 'TOTAL ENERGY =' 4</pre> <b>DIFFERENT</b> <br /><pre>
<table>
<tr><th>tst</th><td>-1.646006967000000e+01</td></tr>
<tr><th>ref</th><td>-1.646006966000000e+01</td>
<th>abs err</th><td>-1.000000082740371e-08</td>
<th>rel err</th><td>-6.075308934873433e-10</td></tr>
</table>
<pre>
<b class="red">--- ref</b>
<b class="green">+++ tst</b>
<i class="purple">@@ -1 +1 @@</i>
<span class="red">- (K+E1+L+N+X)           TOTAL ENERGY =          -16.46006966 A.U.</span>
<span class="green">+ (K+E1+L+N+X)           TOTAL ENERGY =          -16.46006967 A.U.</span>
</pre>
</pre></li>
</ol>
<p class="cat">Test run gave some standard error.</p>
<p>Last 20 lines of standard error:</p>
<pre class="grey">
cpmd.x             00000000004060E2  Unknown               Unknown  Unknown
libc-2.28.so       000014D88985BD85  __libc_start_main     Unknown  Unknown
cpmd.x             0000000000405FEE  Unknown               Unknown  Unknown
forrtl: warning (406): fort: (1): In call to MVMULTM, an array temporary was created for argument #3

Image              PC                Routine            Line        Source             
cpmd.x             0000000003D9369F  Unknown               Unknown  Unknown
cpmd.x             00000000008225B8  Unknown               Unknown  Unknown
cpmd.x             0000000000822C92  Unknown               Unknown  Unknown
cpmd.x             0000000002BCCBD6  Unknown               Unknown  Unknown
cpmd.x             0000000002B98D88  Unknown               Unknown  Unknown
cpmd.x             0000000002DB7E58  Unknown               Unknown  Unknown
cpmd.x             0000000002EB3E22  Unknown               Unknown  Unknown
cpmd.x             00000000008282D3  Unknown               Unknown  Unknown
cpmd.x             0000000000406975  Unknown               Unknown  Unknown
cpmd.x             000000000040632B  Unknown               Unknown  Unknown
cpmd.x             00000000004060E2  Unknown               Unknown  Unknown
libc-2.28.so       000014D88985BD85  __libc_start_main     Unknown  Unknown
cpmd.x             0000000000405FEE  Unknown               Unknown  Unknown

</pre>
<h3>TD/gga/h2o-2/w.inp</h3>
<p><a href='TD/gga/h2o-2/w.out'>TD/gga/h2o-2/w.out</a></p>
<p class="cat">Some values are wrong and/or different compared to the reference.</p>
<p>Full diff: <a href="TD/gga/h2o-2/w.out.diff.html">TD/gga/h2o-2/w.out.diff.html</a>
<ol>
<li><pre>SCALAR 'CHKSUM\(EIGENVALUES\) =' 2</pre> <b>DIFFERENT</b> <br /><pre>
<table>
<tr><th>tst</th><td> 1.031120000000000e+01</td></tr>
<tr><th>ref</th><td> 1.031110000000000e+01</td>
<th>abs err</th><td> 9.999999999976694e-05</td>
<th>rel err</th><td> 9.698286312785925e-06</td></tr>
</table>
<pre>
<b class="red">--- ref</b>
<b class="green">+++ tst</b>
<i class="purple">@@ -1 +1 @@</i>
<span class="red">- CHKSUM(EIGENVALUES) =                                 10.3111 eV</span>
<span class="green">+ CHKSUM(EIGENVALUES) =                                 10.3112 eV</span>
</pre>
</pre></li>
</ol>
<p class="cat">Test run gave some standard error.</p>
<p>Last 20 lines of standard error:</p>
<pre class="grey">
cpmd.x             0000000003D9369F  Unknown               Unknown  Unknown
cpmd.x             00000000008225B8  Unknown               Unknown  Unknown
cpmd.x             0000000000822B19  Unknown               Unknown  Unknown
cpmd.x             000000000040672D  Unknown               Unknown  Unknown
cpmd.x             000000000040632B  Unknown               Unknown  Unknown
cpmd.x             00000000004060E2  Unknown               Unknown  Unknown
libc-2.28.so       0000155432970D85  __libc_start_main     Unknown  Unknown
cpmd.x             0000000000405FEE  Unknown               Unknown  Unknown
forrtl: warning (406): fort: (1): In call to MVMULTM, an array temporary was created for argument #3

Image              PC                Routine            Line        Source             
cpmd.x             0000000003D9369F  Unknown               Unknown  Unknown
cpmd.x             00000000008225B8  Unknown               Unknown  Unknown
cpmd.x             0000000000822B19  Unknown               Unknown  Unknown
cpmd.x             000000000040672D  Unknown               Unknown  Unknown
cpmd.x             000000000040632B  Unknown               Unknown  Unknown
cpmd.x             00000000004060E2  Unknown               Unknown  Unknown
libc-2.28.so       000014A1BA71BD85  __libc_start_main     Unknown  Unknown
cpmd.x             0000000000405FEE  Unknown               Unknown  Unknown

</pre>
<h3>TD/gga/h2o-1/w.inp</h3>
<p><a href='TD/gga/h2o-1/w.out'>TD/gga/h2o-1/w.out</a></p>
<p class="cat">Some values are wrong and/or different compared to the reference.</p>
<p>Full diff: <a href="TD/gga/h2o-1/w.out.diff.html">TD/gga/h2o-1/w.out.diff.html</a>
<ol>
<li><pre>SCALAR 'CHKSUM\(EIGENVALUES\) =' 2</pre> <b>DIFFERENT</b> <br /><pre>
<table>
<tr><th>tst</th><td> 1.031120000000000e+01</td></tr>
<tr><th>ref</th><td> 1.031110000000000e+01</td>
<th>abs err</th><td> 9.999999999976694e-05</td>
<th>rel err</th><td> 9.698286312785925e-06</td></tr>
</table>
<pre>
<b class="red">--- ref</b>
<b class="green">+++ tst</b>
<i class="purple">@@ -1 +1 @@</i>
<span class="red">- CHKSUM(EIGENVALUES) =                                 10.3111 eV</span>
<span class="green">+ CHKSUM(EIGENVALUES) =                                 10.3112 eV</span>
</pre>
</pre></li>
</ol>
<p class="cat">Test run gave some standard error.</p>
<p>Last 20 lines of standard error:</p>
<pre class="grey">
cpmd.x             00000000004060E2  Unknown               Unknown  Unknown
libc-2.28.so       000014A58AC27D85  __libc_start_main     Unknown  Unknown
cpmd.x             0000000000405FEE  Unknown               Unknown  Unknown
forrtl: warning (406): fort: (1): In call to MVMULTM, an array temporary was created for argument #3

Image              PC                Routine            Line        Source             
cpmd.x             0000000003D9369F  Unknown               Unknown  Unknown
cpmd.x             00000000008225B8  Unknown               Unknown  Unknown
cpmd.x             0000000000822C92  Unknown               Unknown  Unknown
cpmd.x             0000000002BCCBD6  Unknown               Unknown  Unknown
cpmd.x             0000000002B98D88  Unknown               Unknown  Unknown
cpmd.x             0000000002DB7E58  Unknown               Unknown  Unknown
cpmd.x             0000000000577D32  Unknown               Unknown  Unknown
cpmd.x             000000000056D35A  Unknown               Unknown  Unknown
cpmd.x             0000000000406A01  Unknown               Unknown  Unknown
cpmd.x             000000000040632B  Unknown               Unknown  Unknown
cpmd.x             00000000004060E2  Unknown               Unknown  Unknown
libc-2.28.so       000014A58AC27D85  __libc_start_main     Unknown  Unknown
cpmd.x             0000000000405FEE  Unknown               Unknown  Unknown

</pre>
</body></html>
